CRITICAL - 2020-06-21 02:11:44 --> include(components/modal.php): failed to open stream: No such file or directory
#0 /storage/emulated/0/crud_ci/app/Views/pages/index.php(15): CodeIgniter\Debug\Exceptions->errorHandler(2, 'include(compone...', '/storage/emulat...', 15, Array)
#1 /storage/emulated/0/crud_ci/app/Views/pages/index.php(15): include()
#2 /storage/emulated/0/crud_ci/system/View/View.php(246): include('/storage/emulat...')
#3 /storage/emulated/0/crud_ci/system/Common.php(1087): CodeIgniter\View\View->render('pages/index', Array, true)
#4 /storage/emulated/0/crud_ci/app/Controllers/Siswa.php(18): view('pages/index', Array)
#5 /storage/emulated/0/crud_ci/system/CodeIgniter.php(914): App\Controllers\Siswa->index()
#6 /storage/emulated/0/crud_ci/system/CodeIgniter.php(400): CodeIgniter\CodeIgniter->runController(Object(App\Controllers\Siswa))
#7 /storage/emulated/0/crud_ci/system/CodeIgniter.php(308): CodeIgniter\CodeIgniter->handleRequest(NULL, Object(Config\Cache), false)
#8 /storage/emulated/0/crud_ci/public/index.php(45): CodeIgniter\CodeIgniter->run()
#9 /storage/emulated/0/crud_ci/system/Commands/Server/rewrite.php(34): require_once('/storage/emulat...')
#10 {main}
CRITICAL - 2020-06-21 02:11:44 --> Uncaught ErrorException: chmod(): Operation not permitted in /storage/emulated/0/crud_ci/system/Log/Handlers/FileHandler.php:157
Stack trace:
#0 [internal function]: CodeIgniter\Debug\Exceptions->errorHandler(2, 'chmod(): Operat...', '/storage/emulat...', 157, Array)
#1 /storage/emulated/0/crud_ci/system/Log/Handlers/FileHandler.php(157): chmod('/storage/emulat...', 420)
#2 /storage/emulated/0/crud_ci/system/Log/Logger.php(381): CodeIgniter\Log\Handlers\FileHandler->handle('critical', 'include(compone...')
#3 /storage/emulated/0/crud_ci/system/Common.php(724): CodeIgniter\Log\Logger->log('critical', 'include(compone...', Array)
#4 /storage/emulated/0/crud_ci/system/Debug/Exceptions.php(154): log_message('critical', 'include(compone...', Array)
#5 [internal function]: CodeIgniter\Debug\Exceptions->exceptionHandler(Object(ErrorException))
#6 {main}
  thrown
#0 [internal function]: CodeIgniter\Debug\Exceptions->shutdownHandler()
#1 {main}
CRITICAL - 2020-06-21 02:48:08 --> Undefined variable: siswa
#0 /storage/emulated/0/crud_ci/app/Views/pages/index.php(30): CodeIgniter\Debug\Exceptions->errorHandler(8, 'Undefined varia...', '/storage/emulat...', 30, Array)
#1 /storage/emulated/0/crud_ci/system/View/View.php(246): include('/storage/emulat...')
#2 /storage/emulated/0/crud_ci/system/Common.php(1087): CodeIgniter\View\View->render('pages/index', Array, true)
#3 /storage/emulated/0/crud_ci/app/Controllers/Siswa.php(27): view('pages/index')
#4 /storage/emulated/0/crud_ci/system/CodeIgniter.php(914): App\Controllers\Siswa->create()
#5 /storage/emulated/0/crud_ci/system/CodeIgniter.php(400): CodeIgniter\CodeIgniter->runController(Object(App\Controllers\Siswa))
#6 /storage/emulated/0/crud_ci/system/CodeIgniter.php(308): CodeIgniter\CodeIgniter->handleRequest(NULL, Object(Config\Cache), false)
#7 /storage/emulated/0/crud_ci/public/index.php(45): CodeIgniter\CodeIgniter->run()
#8 /storage/emulated/0/crud_ci/system/Commands/Server/rewrite.php(34): require_once('/storage/emulat...')
#9 {main}
CRITICAL - 2020-06-21 02:52:26 --> Column 'nama' cannot be null
#0 /storage/emulated/0/crud_ci/system/Database/MySQLi/Connection.php(331): mysqli->query('INSERT INTO `si...')
#1 /storage/emulated/0/crud_ci/system/Database/BaseConnection.php(738): CodeIgniter\Database\MySQLi\Connection->execute('INSERT INTO `si...')
#2 /storage/emulated/0/crud_ci/system/Database/BaseConnection.php(666): CodeIgniter\Database\BaseConnection->simpleQuery('INSERT INTO `si...')
#3 /storage/emulated/0/crud_ci/system/Database/BaseBuilder.php(2234): CodeIgniter\Database\BaseConnection->query('INSERT INTO `si...', Array, false)
#4 /storage/emulated/0/crud_ci/system/Model.php(729): CodeIgniter\Database\BaseBuilder->insert()
#5 /storage/emulated/0/crud_ci/app/Controllers/Siswa.php(25): CodeIgniter\Model->insert(Array)
#6 /storage/emulated/0/crud_ci/system/CodeIgniter.php(914): App\Controllers\Siswa->create()
#7 /storage/emulated/0/crud_ci/system/CodeIgniter.php(400): CodeIgniter\CodeIgniter->runController(Object(App\Controllers\Siswa))
#8 /storage/emulated/0/crud_ci/system/CodeIgniter.php(308): CodeIgniter\CodeIgniter->handleRequest(NULL, Object(Config\Cache), false)
#9 /storage/emulated/0/crud_ci/public/index.php(45): CodeIgniter\CodeIgniter->run()
#10 /storage/emulated/0/crud_ci/system/Commands/Server/rewrite.php(34): require_once('/storage/emulat...')
#11 {main}
CRITICAL - 2020-06-21 03:48:53 --> Connection refused
#0 /storage/emulated/0/crud_ci/system/Database/BaseConnection.php(377): CodeIgniter\Database\MySQLi\Connection->connect(false)
#1 /storage/emulated/0/crud_ci/system/Database/BaseConnection.php(643): CodeIgniter\Database\BaseConnection->initialize()
#2 /storage/emulated/0/crud_ci/system/Database/BaseBuilder.php(1845): CodeIgniter\Database\BaseConnection->query('SELECT *\nFROM `...', Array, false)
#3 /storage/emulated/0/crud_ci/system/Model.php(445): CodeIgniter\Database\BaseBuilder->get()
#4 /storage/emulated/0/crud_ci/app/Models/SiswaModel.php(15): CodeIgniter\Model->findAll()
#5 /storage/emulated/0/crud_ci/app/Controllers/Siswa.php(16): App\Models\SiswaModel->getSiswa()
#6 /storage/emulated/0/crud_ci/system/CodeIgniter.php(914): App\Controllers\Siswa->index()
#7 /storage/emulated/0/crud_ci/system/CodeIgniter.php(400): CodeIgniter\CodeIgniter->runController(Object(App\Controllers\Siswa))
#8 /storage/emulated/0/crud_ci/system/CodeIgniter.php(308): CodeIgniter\CodeIgniter->handleRequest(NULL, Object(Config\Cache), false)
#9 /storage/emulated/0/crud_ci/public/index.php(45): CodeIgniter\CodeIgniter->run()
#10 /storage/emulated/0/crud_ci/system/Commands/Server/rewrite.php(34): require_once('/storage/emulat...')
#11 {main}
CRITICAL - 2020-06-21 03:48:53 --> Uncaught ErrorException: print_r(): Property access is not allowed yet in /storage/emulated/0/crud_ci/app/Views/errors/html/error_exception.php:100
Stack trace:
#0 [internal function]: CodeIgniter\Debug\Exceptions->errorHandler(2, 'print_r(): Prop...', '/storage/emulat...', 100, Array)
#1 /storage/emulated/0/crud_ci/app/Views/errors/html/error_exception.php(100): print_r(Object(App\Controllers\Siswa), true)
#2 /storage/emulated/0/crud_ci/system/Debug/Exceptions.php(299): include('/storage/emulat...')
#3 /storage/emulated/0/crud_ci/system/Debug/Exceptions.php(172): CodeIgniter\Debug\Exceptions->render(Object(mysqli_sql_exception), 500)
#4 [internal function]: CodeIgniter\Debug\Exceptions->exceptionHandler(Object(mysqli_sql_exception))
#5 {main}
  thrown
#0 [internal function]: CodeIgniter\Debug\Exceptions->shutdownHandler()
#1 {main}
CRITICAL - 2020-06-21 03:50:26 --> Column 'nama' cannot be null
#0 /storage/emulated/0/crud_ci/system/Database/MySQLi/Connection.php(331): mysqli->query('INSERT INTO `si...')
#1 /storage/emulated/0/crud_ci/system/Database/BaseConnection.php(738): CodeIgniter\Database\MySQLi\Connection->execute('INSERT INTO `si...')
#2 /storage/emulated/0/crud_ci/system/Database/BaseConnection.php(666): CodeIgniter\Database\BaseConnection->simpleQuery('INSERT INTO `si...')
#3 /storage/emulated/0/crud_ci/system/Database/BaseBuilder.php(2234): CodeIgniter\Database\BaseConnection->query('INSERT INTO `si...', Array, false)
#4 /storage/emulated/0/crud_ci/system/Model.php(729): CodeIgniter\Database\BaseBuilder->insert()
#5 /storage/emulated/0/crud_ci/app/Controllers/Siswa.php(25): CodeIgniter\Model->insert(Array)
#6 /storage/emulated/0/crud_ci/system/CodeIgniter.php(914): App\Controllers\Siswa->create()
#7 /storage/emulated/0/crud_ci/system/CodeIgniter.php(400): CodeIgniter\CodeIgniter->runController(Object(App\Controllers\Siswa))
#8 /storage/emulated/0/crud_ci/system/CodeIgniter.php(308): CodeIgniter\CodeIgniter->handleRequest(NULL, Object(Config\Cache), false)
#9 /storage/emulated/0/crud_ci/public/index.php(45): CodeIgniter\CodeIgniter->run()
#10 /storage/emulated/0/crud_ci/system/Commands/Server/rewrite.php(34): require_once('/storage/emulat...')
#11 {main}
CRITICAL - 2020-06-21 04:01:32 --> Undefined variable: id
#0 /storage/emulated/0/crud_ci/app/Models/SiswaModel.php(14): CodeIgniter\Debug\Exceptions->errorHandler(8, 'Undefined varia...', '/storage/emulat...', 14, Array)
#1 /storage/emulated/0/crud_ci/app/Controllers/Siswa.php(16): App\Models\SiswaModel->getSiswa()
#2 /storage/emulated/0/crud_ci/system/CodeIgniter.php(914): App\Controllers\Siswa->index()
#3 /storage/emulated/0/crud_ci/system/CodeIgniter.php(400): CodeIgniter\CodeIgniter->runController(Object(App\Controllers\Siswa))
#4 /storage/emulated/0/crud_ci/system/CodeIgniter.php(308): CodeIgniter\CodeIgniter->handleRequest(NULL, Object(Config\Cache), false)
#5 /storage/emulated/0/crud_ci/public/index.php(45): CodeIgniter\CodeIgniter->run()
#6 /storage/emulated/0/crud_ci/system/Commands/Server/rewrite.php(34): require_once('/storage/emulat...')
#7 {main}
CRITICAL - 2020-06-21 04:01:44 --> Undefined variable: id
#0 /storage/emulated/0/crud_ci/app/Models/SiswaModel.php(14): CodeIgniter\Debug\Exceptions->errorHandler(8, 'Undefined varia...', '/storage/emulat...', 14, Array)
#1 /storage/emulated/0/crud_ci/app/Controllers/Siswa.php(16): App\Models\SiswaModel->getSiswa()
#2 /storage/emulated/0/crud_ci/system/CodeIgniter.php(914): App\Controllers\Siswa->index()
#3 /storage/emulated/0/crud_ci/system/CodeIgniter.php(400): CodeIgniter\CodeIgniter->runController(Object(App\Controllers\Siswa))
#4 /storage/emulated/0/crud_ci/system/CodeIgniter.php(308): CodeIgniter\CodeIgniter->handleRequest(NULL, Object(Config\Cache), false)
#5 /storage/emulated/0/crud_ci/public/index.php(45): CodeIgniter\CodeIgniter->run()
#6 /storage/emulated/0/crud_ci/system/Commands/Server/rewrite.php(34): require_once('/storage/emulat...')
#7 {main}
CRITICAL - 2020-06-21 04:02:48 --> Undefined variable: id
#0 /storage/emulated/0/crud_ci/app/Models/SiswaModel.php(17): CodeIgniter\Debug\Exceptions->errorHandler(8, 'Undefined varia...', '/storage/emulat...', 17, Array)
#1 /storage/emulated/0/crud_ci/app/Controllers/Siswa.php(31): App\Models\SiswaModel->getSiswa('ravialdo')
#2 /storage/emulated/0/crud_ci/system/CodeIgniter.php(914): App\Controllers\Siswa->delete('ravialdo')
#3 /storage/emulated/0/crud_ci/system/CodeIgniter.php(400): CodeIgniter\CodeIgniter->runController(Object(App\Controllers\Siswa))
#4 /storage/emulated/0/crud_ci/system/CodeIgniter.php(308): CodeIgniter\CodeIgniter->handleRequest(NULL, Object(Config\Cache), false)
#5 /storage/emulated/0/crud_ci/public/index.php(45): CodeIgniter\CodeIgniter->run()
#6 /storage/emulated/0/crud_ci/system/Commands/Server/rewrite.php(34): require_once('/storage/emulat...')
#7 {main}
CRITICAL - 2020-06-21 04:03:18 --> Undefined variable: dd
#0 /storage/emulated/0/crud_ci/app/Controllers/Siswa.php(32): CodeIgniter\Debug\Exceptions->errorHandler(8, 'Undefined varia...', '/storage/emulat...', 32, Array)
#1 /storage/emulated/0/crud_ci/system/CodeIgniter.php(914): App\Controllers\Siswa->delete('ravialdo')
#2 /storage/emulated/0/crud_ci/system/CodeIgniter.php(400): CodeIgniter\CodeIgniter->runController(Object(App\Controllers\Siswa))
#3 /storage/emulated/0/crud_ci/system/CodeIgniter.php(308): CodeIgniter\CodeIgniter->handleRequest(NULL, Object(Config\Cache), false)
#4 /storage/emulated/0/crud_ci/public/index.php(45): CodeIgniter\CodeIgniter->run()
#5 /storage/emulated/0/crud_ci/system/Commands/Server/rewrite.php(34): require_once('/storage/emulat...')
#6 {main}
CRITICAL - 2020-06-21 04:03:41 --> Undefined variable: dd
#0 /storage/emulated/0/crud_ci/app/Controllers/Siswa.php(32): CodeIgniter\Debug\Exceptions->errorHandler(8, 'Undefined varia...', '/storage/emulat...', 32, Array)
#1 /storage/emulated/0/crud_ci/system/CodeIgniter.php(914): App\Controllers\Siswa->delete('ravialdo')
#2 /storage/emulated/0/crud_ci/system/CodeIgniter.php(400): CodeIgniter\CodeIgniter->runController(Object(App\Controllers\Siswa))
#3 /storage/emulated/0/crud_ci/system/CodeIgniter.php(308): CodeIgniter\CodeIgniter->handleRequest(NULL, Object(Config\Cache), false)
#4 /storage/emulated/0/crud_ci/public/index.php(45): CodeIgniter\CodeIgniter->run()
#5 /storage/emulated/0/crud_ci/system/Commands/Server/rewrite.php(34): require_once('/storage/emulat...')
#6 {main}
CRITICAL - 2020-06-21 04:04:38 --> Call to a member function delete() on array
#0 /storage/emulated/0/crud_ci/system/CodeIgniter.php(914): App\Controllers\Siswa->delete('ravialdo')
#1 /storage/emulated/0/crud_ci/system/CodeIgniter.php(400): CodeIgniter\CodeIgniter->runController(Object(App\Controllers\Siswa))
#2 /storage/emulated/0/crud_ci/system/CodeIgniter.php(308): CodeIgniter\CodeIgniter->handleRequest(NULL, Object(Config\Cache), false)
#3 /storage/emulated/0/crud_ci/public/index.php(45): CodeIgniter\CodeIgniter->run()
#4 /storage/emulated/0/crud_ci/system/Commands/Server/rewrite.php(34): require_once('/storage/emulat...')
#5 {main}
CRITICAL - 2020-06-21 04:10:08 --> Method CodeIgniter\HTTP\URI::__toString() must not throw an exception, caught ErrorException: Undefined offset: 1
#0 [internal function]: CodeIgniter\Debug\Exceptions->shutdownHandler()
#1 {main}
CRITICAL - 2020-06-21 04:10:24 --> Method CodeIgniter\HTTP\URI::__toString() must not throw an exception, caught ErrorException: Undefined offset: 1
#0 [internal function]: CodeIgniter\Debug\Exceptions->shutdownHandler()
#1 {main}
CRITICAL - 2020-06-21 04:11:36 --> Method CodeIgniter\HTTP\URI::__toString() must not throw an exception, caught ErrorException: Undefined offset: 1
#0 [internal function]: CodeIgniter\Debug\Exceptions->shutdownHandler()
#1 {main}
CRITICAL - 2020-06-21 04:46:59 --> Cannot use object of type App\Models\SiswaModel as array
#0 /storage/emulated/0/crud_ci/system/View/View.php(246): include()
#1 /storage/emulated/0/crud_ci/system/Common.php(1087): CodeIgniter\View\View->render('pages/edit', Array, true)
#2 /storage/emulated/0/crud_ci/app/Controllers/Siswa.php(39): view('pages/edit', Array)
#3 /storage/emulated/0/crud_ci/system/CodeIgniter.php(914): App\Controllers\Siswa->edit('1')
#4 /storage/emulated/0/crud_ci/system/CodeIgniter.php(400): CodeIgniter\CodeIgniter->runController(Object(App\Controllers\Siswa))
#5 /storage/emulated/0/crud_ci/system/CodeIgniter.php(308): CodeIgniter\CodeIgniter->handleRequest(NULL, Object(Config\Cache), false)
#6 /storage/emulated/0/crud_ci/public/index.php(45): CodeIgniter\CodeIgniter->run()
#7 /storage/emulated/0/crud_ci/system/Commands/Server/rewrite.php(34): require_once('/storage/emulat...')
#8 {main}
CRITICAL - 2020-06-21 09:44:14 --> Too few arguments to function App\Controllers\Siswa::update(), 0 passed in /storage/emulated/0/crud_ci/system/CodeIgniter.php on line 914 and exactly 1 expected
#0 /storage/emulated/0/crud_ci/system/CodeIgniter.php(914): App\Controllers\Siswa->update()
#1 /storage/emulated/0/crud_ci/system/CodeIgniter.php(400): CodeIgniter\CodeIgniter->runController(Object(App\Controllers\Siswa))
#2 /storage/emulated/0/crud_ci/system/CodeIgniter.php(308): CodeIgniter\CodeIgniter->handleRequest(NULL, Object(Config\Cache), false)
#3 /storage/emulated/0/crud_ci/public/index.php(45): CodeIgniter\CodeIgniter->run()
#4 /storage/emulated/0/crud_ci/system/Commands/Server/rewrite.php(34): require_once('/storage/emulat...')
#5 {main}
CRITICAL - 2020-06-21 09:47:08 --> Too few arguments to function App\Controllers\Siswa::update(), 0 passed in /storage/emulated/0/crud_ci/system/CodeIgniter.php on line 914 and exactly 1 expected
#0 /storage/emulated/0/crud_ci/system/CodeIgniter.php(914): App\Controllers\Siswa->update()
#1 /storage/emulated/0/crud_ci/system/CodeIgniter.php(400): CodeIgniter\CodeIgniter->runController(Object(App\Controllers\Siswa))
#2 /storage/emulated/0/crud_ci/system/CodeIgniter.php(308): CodeIgniter\CodeIgniter->handleRequest(NULL, Object(Config\Cache), false)
#3 /storage/emulated/0/crud_ci/public/index.php(45): CodeIgniter\CodeIgniter->run()
#4 /storage/emulated/0/crud_ci/system/Commands/Server/rewrite.php(34): require_once('/storage/emulat...')
#5 {main}
CRITICAL - 2020-06-21 09:47:29 --> Undefined index: id
#0 /storage/emulated/0/crud_ci/app/Views/components/modal-create-data.php(21): CodeIgniter\Debug\Exceptions->errorHandler(8, 'Undefined index...', '/storage/emulat...', 21, Array)
#1 /storage/emulated/0/crud_ci/system/View/View.php(246): include('/storage/emulat...')
#2 /storage/emulated/0/crud_ci/system/View/View.php(525): CodeIgniter\View\View->render('components/moda...', NULL, true)
#3 /storage/emulated/0/crud_ci/app/Views/pages/index.php(15): CodeIgniter\View\View->include('components/moda...')
#4 /storage/emulated/0/crud_ci/system/View/View.php(246): include('/storage/emulat...')
#5 /storage/emulated/0/crud_ci/system/Common.php(1087): CodeIgniter\View\View->render('pages/index', Array, true)
#6 /storage/emulated/0/crud_ci/app/Controllers/Siswa.php(18): view('pages/index', Array)
#7 /storage/emulated/0/crud_ci/system/CodeIgniter.php(914): App\Controllers\Siswa->index()
#8 /storage/emulated/0/crud_ci/system/CodeIgniter.php(400): CodeIgniter\CodeIgniter->runController(Object(App\Controllers\Siswa))
#9 /storage/emulated/0/crud_ci/system/CodeIgniter.php(308): CodeIgniter\CodeIgniter->handleRequest(NULL, Object(Config\Cache), false)
#10 /storage/emulated/0/crud_ci/public/index.php(45): CodeIgniter\CodeIgniter->run()
#11 /storage/emulated/0/crud_ci/system/Commands/Server/rewrite.php(34): require_once('/storage/emulat...')
#12 {main}
CRITICAL - 2020-06-21 09:47:37 --> Too few arguments to function App\Controllers\Siswa::update(), 0 passed in /storage/emulated/0/crud_ci/system/CodeIgniter.php on line 914 and exactly 1 expected
#0 /storage/emulated/0/crud_ci/system/CodeIgniter.php(914): App\Controllers\Siswa->update()
#1 /storage/emulated/0/crud_ci/system/CodeIgniter.php(400): CodeIgniter\CodeIgniter->runController(Object(App\Controllers\Siswa))
#2 /storage/emulated/0/crud_ci/system/CodeIgniter.php(308): CodeIgniter\CodeIgniter->handleRequest(NULL, Object(Config\Cache), false)
#3 /storage/emulated/0/crud_ci/public/index.php(45): CodeIgniter\CodeIgniter->run()
#4 /storage/emulated/0/crud_ci/system/Commands/Server/rewrite.php(34): require_once('/storage/emulat...')
#5 {main}
CRITICAL - 2020-06-21 09:48:41 --> Call to a member function update() on array
#0 /storage/emulated/0/crud_ci/system/CodeIgniter.php(914): App\Controllers\Siswa->update('2')
#1 /storage/emulated/0/crud_ci/system/CodeIgniter.php(400): CodeIgniter\CodeIgniter->runController(Object(App\Controllers\Siswa))
#2 /storage/emulated/0/crud_ci/system/CodeIgniter.php(308): CodeIgniter\CodeIgniter->handleRequest(NULL, Object(Config\Cache), false)
#3 /storage/emulated/0/crud_ci/public/index.php(45): CodeIgniter\CodeIgniter->run()
#4 /storage/emulated/0/crud_ci/system/Commands/Server/rewrite.php(34): require_once('/storage/emulat...')
#5 {main}
CRITICAL - 2020-06-21 09:50:47 --> Call to a member function replace() on array
#0 /storage/emulated/0/crud_ci/system/CodeIgniter.php(914): App\Controllers\Siswa->update('2')
#1 /storage/emulated/0/crud_ci/system/CodeIgniter.php(400): CodeIgniter\CodeIgniter->runController(Object(App\Controllers\Siswa))
#2 /storage/emulated/0/crud_ci/system/CodeIgniter.php(308): CodeIgniter\CodeIgniter->handleRequest(NULL, Object(Config\Cache), false)
#3 /storage/emulated/0/crud_ci/public/index.php(45): CodeIgniter\CodeIgniter->run()
#4 /storage/emulated/0/crud_ci/system/Commands/Server/rewrite.php(34): require_once('/storage/emulat...')
#5 {main}
CRITICAL - 2020-06-21 09:51:05 --> Call to a member function replace() on array
#0 /storage/emulated/0/crud_ci/system/CodeIgniter.php(914): App\Controllers\Siswa->update('2')
#1 /storage/emulated/0/crud_ci/system/CodeIgniter.php(400): CodeIgniter\CodeIgniter->runController(Object(App\Controllers\Siswa))
#2 /storage/emulated/0/crud_ci/system/CodeIgniter.php(308): CodeIgniter\CodeIgniter->handleRequest(NULL, Object(Config\Cache), false)
#3 /storage/emulated/0/crud_ci/public/index.php(45): CodeIgniter\CodeIgniter->run()
#4 /storage/emulated/0/crud_ci/system/Commands/Server/rewrite.php(34): require_once('/storage/emulat...')
#5 {main}
CRITICAL - 2020-06-21 09:52:14 --> Call to a member function update() on array
#0 /storage/emulated/0/crud_ci/system/CodeIgniter.php(914): App\Controllers\Siswa->update('2')
#1 /storage/emulated/0/crud_ci/system/CodeIgniter.php(400): CodeIgniter\CodeIgniter->runController(Object(App\Controllers\Siswa))
#2 /storage/emulated/0/crud_ci/system/CodeIgniter.php(308): CodeIgniter\CodeIgniter->handleRequest(NULL, Object(Config\Cache), false)
#3 /storage/emulated/0/crud_ci/public/index.php(45): CodeIgniter\CodeIgniter->run()
#4 /storage/emulated/0/crud_ci/system/Commands/Server/rewrite.php(34): require_once('/storage/emulat...')
#5 {main}
CRITICAL - 2020-06-21 09:55:43 --> There is no data to {0}.
#0 /storage/emulated/0/crud_ci/system/Model.php(809): CodeIgniter\Database\Exceptions\DataException::forEmptyDataset('update')
#1 /storage/emulated/0/crud_ci/app/Controllers/Siswa.php(47): CodeIgniter\Model->update(Array)
#2 /storage/emulated/0/crud_ci/system/CodeIgniter.php(914): App\Controllers\Siswa->update('2')
#3 /storage/emulated/0/crud_ci/system/CodeIgniter.php(400): CodeIgniter\CodeIgniter->runController(Object(App\Controllers\Siswa))
#4 /storage/emulated/0/crud_ci/system/CodeIgniter.php(308): CodeIgniter\CodeIgniter->handleRequest(NULL, Object(Config\Cache), false)
#5 /storage/emulated/0/crud_ci/public/index.php(45): CodeIgniter\CodeIgniter->run()
#6 /storage/emulated/0/crud_ci/system/Commands/Server/rewrite.php(34): require_once('/storage/emulat...')
#7 {main}
CRITICAL - 2020-06-21 09:56:21 --> There is no data to {0}.
#0 /storage/emulated/0/crud_ci/system/Model.php(809): CodeIgniter\Database\Exceptions\DataException::forEmptyDataset('update')
#1 /storage/emulated/0/crud_ci/app/Controllers/Siswa.php(47): CodeIgniter\Model->update(Array)
#2 /storage/emulated/0/crud_ci/system/CodeIgniter.php(914): App\Controllers\Siswa->update('1')
#3 /storage/emulated/0/crud_ci/system/CodeIgniter.php(400): CodeIgniter\CodeIgniter->runController(Object(App\Controllers\Siswa))
#4 /storage/emulated/0/crud_ci/system/CodeIgniter.php(308): CodeIgniter\CodeIgniter->handleRequest(NULL, Object(Config\Cache), false)
#5 /storage/emulated/0/crud_ci/public/index.php(45): CodeIgniter\CodeIgniter->run()
#6 /storage/emulated/0/crud_ci/system/Commands/Server/rewrite.php(34): require_once('/storage/emulat...')
#7 {main}
CRITICAL - 2020-06-21 09:57:35 --> Cannot use object of type App\Models\SiswaModel as array
#0 /storage/emulated/0/crud_ci/system/View/View.php(246): include()
#1 /storage/emulated/0/crud_ci/system/Common.php(1087): CodeIgniter\View\View->render('pages/edit', Array, true)
#2 /storage/emulated/0/crud_ci/app/Controllers/Siswa.php(39): view('pages/edit', Array)
#3 /storage/emulated/0/crud_ci/system/CodeIgniter.php(914): App\Controllers\Siswa->edit('1')
#4 /storage/emulated/0/crud_ci/system/CodeIgniter.php(400): CodeIgniter\CodeIgniter->runController(Object(App\Controllers\Siswa))
#5 /storage/emulated/0/crud_ci/system/CodeIgniter.php(308): CodeIgniter\CodeIgniter->handleRequest(NULL, Object(Config\Cache), false)
#6 /storage/emulated/0/crud_ci/public/index.php(45): CodeIgniter\CodeIgniter->run()
#7 /storage/emulated/0/crud_ci/system/Commands/Server/rewrite.php(34): require_once('/storage/emulat...')
#8 {main}
CRITICAL - 2020-06-21 09:57:36 --> Cannot use object of type App\Models\SiswaModel as array
#0 /storage/emulated/0/crud_ci/system/View/View.php(246): include()
#1 /storage/emulated/0/crud_ci/system/Common.php(1087): CodeIgniter\View\View->render('pages/edit', Array, true)
#2 /storage/emulated/0/crud_ci/app/Controllers/Siswa.php(39): view('pages/edit', Array)
#3 /storage/emulated/0/crud_ci/system/CodeIgniter.php(914): App\Controllers\Siswa->edit('1')
#4 /storage/emulated/0/crud_ci/system/CodeIgniter.php(400): CodeIgniter\CodeIgniter->runController(Object(App\Controllers\Siswa))
#5 /storage/emulated/0/crud_ci/system/CodeIgniter.php(308): CodeIgniter\CodeIgniter->handleRequest(NULL, Object(Config\Cache), false)
#6 /storage/emulated/0/crud_ci/public/index.php(45): CodeIgniter\CodeIgniter->run()
#7 /storage/emulated/0/crud_ci/system/Commands/Server/rewrite.php(34): require_once('/storage/emulat...')
#8 {main}
CRITICAL - 2020-06-21 09:58:05 --> Cannot use object of type App\Models\SiswaModel as array
#0 /storage/emulated/0/crud_ci/system/View/View.php(246): include()
#1 /storage/emulated/0/crud_ci/system/Common.php(1087): CodeIgniter\View\View->render('pages/edit', Array, true)
#2 /storage/emulated/0/crud_ci/app/Controllers/Siswa.php(39): view('pages/edit', Array)
#3 /storage/emulated/0/crud_ci/system/CodeIgniter.php(914): App\Controllers\Siswa->edit('1')
#4 /storage/emulated/0/crud_ci/system/CodeIgniter.php(400): CodeIgniter\CodeIgniter->runController(Object(App\Controllers\Siswa))
#5 /storage/emulated/0/crud_ci/system/CodeIgniter.php(308): CodeIgniter\CodeIgniter->handleRequest(NULL, Object(Config\Cache), false)
#6 /storage/emulated/0/crud_ci/public/index.php(45): CodeIgniter\CodeIgniter->run()
#7 /storage/emulated/0/crud_ci/system/Commands/Server/rewrite.php(34): require_once('/storage/emulat...')
#8 {main}
CRITICAL - 2020-06-21 09:58:47 --> Cannot use object of type App\Models\SiswaModel as array
#0 /storage/emulated/0/crud_ci/system/View/View.php(246): include()
#1 /storage/emulated/0/crud_ci/system/Common.php(1087): CodeIgniter\View\View->render('pages/edit', Array, true)
#2 /storage/emulated/0/crud_ci/app/Controllers/Siswa.php(39): view('pages/edit', Array)
#3 /storage/emulated/0/crud_ci/system/CodeIgniter.php(914): App\Controllers\Siswa->edit('1')
#4 /storage/emulated/0/crud_ci/system/CodeIgniter.php(400): CodeIgniter\CodeIgniter->runController(Object(App\Controllers\Siswa))
#5 /storage/emulated/0/crud_ci/system/CodeIgniter.php(308): CodeIgniter\CodeIgniter->handleRequest(NULL, Object(Config\Cache), false)
#6 /storage/emulated/0/crud_ci/public/index.php(45): CodeIgniter\CodeIgniter->run()
#7 /storage/emulated/0/crud_ci/system/Commands/Server/rewrite.php(34): require_once('/storage/emulat...')
#8 {main}
CRITICAL - 2020-06-21 09:59:37 --> Cannot use object of type App\Models\SiswaModel as array
#0 /storage/emulated/0/crud_ci/system/View/View.php(246): include()
#1 /storage/emulated/0/crud_ci/system/Common.php(1087): CodeIgniter\View\View->render('pages/edit', Array, true)
#2 /storage/emulated/0/crud_ci/app/Controllers/Siswa.php(39): view('pages/edit', Array)
#3 /storage/emulated/0/crud_ci/system/CodeIgniter.php(914): App\Controllers\Siswa->edit('1')
#4 /storage/emulated/0/crud_ci/system/CodeIgniter.php(400): CodeIgniter\CodeIgniter->runController(Object(App\Controllers\Siswa))
#5 /storage/emulated/0/crud_ci/system/CodeIgniter.php(308): CodeIgniter\CodeIgniter->handleRequest(NULL, Object(Config\Cache), false)
#6 /storage/emulated/0/crud_ci/public/index.php(45): CodeIgniter\CodeIgniter->run()
#7 /storage/emulated/0/crud_ci/system/Commands/Server/rewrite.php(34): require_once('/storage/emulat...')
#8 {main}
CRITICAL - 2020-06-21 10:02:18 --> Trying to get property 'id' of non-object
#0 /storage/emulated/0/crud_ci/app/Views/pages/edit.php(19): CodeIgniter\Debug\Exceptions->errorHandler(8, 'Trying to get p...', '/storage/emulat...', 19, Array)
#1 /storage/emulated/0/crud_ci/system/View/View.php(246): include('/storage/emulat...')
#2 /storage/emulated/0/crud_ci/system/Common.php(1087): CodeIgniter\View\View->render('pages/edit', Array, true)
#3 /storage/emulated/0/crud_ci/app/Controllers/Siswa.php(39): view('pages/edit', Array)
#4 /storage/emulated/0/crud_ci/system/CodeIgniter.php(914): App\Controllers\Siswa->edit('1')
#5 /storage/emulated/0/crud_ci/system/CodeIgniter.php(400): CodeIgniter\CodeIgniter->runController(Object(App\Controllers\Siswa))
#6 /storage/emulated/0/crud_ci/system/CodeIgniter.php(308): CodeIgniter\CodeIgniter->handleRequest(NULL, Object(Config\Cache), false)
#7 /storage/emulated/0/crud_ci/public/index.php(45): CodeIgniter\CodeIgniter->run()
#8 /storage/emulated/0/crud_ci/system/Commands/Server/rewrite.php(34): require_once('/storage/emulat...')
#9 {main}
CRITICAL - 2020-06-21 10:03:51 --> There is no data to {0}.
#0 /storage/emulated/0/crud_ci/system/Model.php(809): CodeIgniter\Database\Exceptions\DataException::forEmptyDataset('update')
#1 /storage/emulated/0/crud_ci/app/Controllers/Siswa.php(47): CodeIgniter\Model->update(Array)
#2 /storage/emulated/0/crud_ci/system/CodeIgniter.php(914): App\Controllers\Siswa->update('1')
#3 /storage/emulated/0/crud_ci/system/CodeIgniter.php(400): CodeIgniter\CodeIgniter->runController(Object(App\Controllers\Siswa))
#4 /storage/emulated/0/crud_ci/system/CodeIgniter.php(308): CodeIgniter\CodeIgniter->handleRequest(NULL, Object(Config\Cache), false)
#5 /storage/emulated/0/crud_ci/public/index.php(45): CodeIgniter\CodeIgniter->run()
#6 /storage/emulated/0/crud_ci/system/Commands/Server/rewrite.php(34): require_once('/storage/emulat...')
#7 {main}
CRITICAL - 2020-06-21 11:02:39 --> chmod(): Operation not permitted
#0 [internal function]: CodeIgniter\Debug\Exceptions->errorHandler(2, 'chmod(): Operat...', '/storage/emulat...', 198, Array)
#1 /storage/emulated/0/crud_ci/system/Session/Handlers/FileHandler.php(198): chmod('/storage/emulat...', 384)
#2 [internal function]: CodeIgniter\Session\Handlers\FileHandler->read('a2b184882b948b7...')
#3 /storage/emulated/0/crud_ci/system/Session/Session.php(1005): session_start()
#4 /storage/emulated/0/crud_ci/system/Session/Session.php(240): CodeIgniter\Session\Session->startSession()
#5 /storage/emulated/0/crud_ci/system/Config/Services.php(771): CodeIgniter\Session\Session->start()
#6 /storage/emulated/0/crud_ci/system/Config/BaseService.php(123): CodeIgniter\Config\Services::session(Object(Config\App), false)
#7 /storage/emulated/0/crud_ci/system/Config/Services.php(752): CodeIgniter\Config\BaseService::getSharedInstance('session', NULL)
#8 /storage/emulated/0/crud_ci/system/HTTP/RedirectResponse.php(170): CodeIgniter\Config\Services::session()
#9 /storage/emulated/0/crud_ci/system/HTTP/RedirectResponse.php(156): CodeIgniter\HTTP\RedirectResponse->ensureSession()
#10 /storage/emulated/0/crud_ci/app/Controllers/Siswa.php(27): CodeIgniter\HTTP\RedirectResponse->with('success', 'Data telah di s...')
#11 /storage/emulated/0/crud_ci/system/CodeIgniter.php(914): App\Controllers\Siswa->create()
#12 /storage/emulated/0/crud_ci/system/CodeIgniter.php(400): CodeIgniter\CodeIgniter->runController(Object(App\Controllers\Siswa))
#13 /storage/emulated/0/crud_ci/system/CodeIgniter.php(308): CodeIgniter\CodeIgniter->handleRequest(NULL, Object(Config\Cache), false)
#14 /storage/emulated/0/crud_ci/public/index.php(45): CodeIgniter\CodeIgniter->run()
#15 /storage/emulated/0/crud_ci/system/Commands/Server/rewrite.php(34): require_once('/storage/emulat...')
#16 {main}
CRITICAL - 2020-06-21 11:09:53 --> Column 'nama' cannot be null
#0 /storage/emulated/0/crud_ci/system/Database/MySQLi/Connection.php(331): mysqli->query('INSERT INTO `si...')
#1 /storage/emulated/0/crud_ci/system/Database/BaseConnection.php(738): CodeIgniter\Database\MySQLi\Connection->execute('INSERT INTO `si...')
#2 /storage/emulated/0/crud_ci/system/Database/BaseConnection.php(666): CodeIgniter\Database\BaseConnection->simpleQuery('INSERT INTO `si...')
#3 /storage/emulated/0/crud_ci/system/Database/BaseBuilder.php(2234): CodeIgniter\Database\BaseConnection->query('INSERT INTO `si...', Array, false)
#4 /storage/emulated/0/crud_ci/system/Model.php(729): CodeIgniter\Database\BaseBuilder->insert()
#5 /storage/emulated/0/crud_ci/app/Controllers/Siswa.php(25): CodeIgniter\Model->insert(Array)
#6 /storage/emulated/0/crud_ci/system/CodeIgniter.php(914): App\Controllers\Siswa->create()
#7 /storage/emulated/0/crud_ci/system/CodeIgniter.php(400): CodeIgniter\CodeIgniter->runController(Object(App\Controllers\Siswa))
#8 /storage/emulated/0/crud_ci/system/CodeIgniter.php(308): CodeIgniter\CodeIgniter->handleRequest(NULL, Object(Config\Cache), false)
#9 /storage/emulated/0/crud_ci/public/index.php(45): CodeIgniter\CodeIgniter->run()
#10 /storage/emulated/0/crud_ci/system/Commands/Server/rewrite.php(34): require_once('/storage/emulat...')
#11 {main}
CRITICAL - 2020-06-21 11:16:04 --> Failed to create(read) session ID: user (path: /storage/emulated/0/crud_ci/writable/session)
#0 /storage/emulated/0/crud_ci/system/Session/Session.php(434): session_regenerate_id(false)
#1 /storage/emulated/0/crud_ci/system/Session/Session.php(253): CodeIgniter\Session\Session->regenerate(false)
#2 /storage/emulated/0/crud_ci/system/Config/Services.php(771): CodeIgniter\Session\Session->start()
#3 /storage/emulated/0/crud_ci/system/Config/BaseService.php(123): CodeIgniter\Config\Services::session(Object(Config\App), false)
#4 /storage/emulated/0/crud_ci/system/Config/Services.php(752): CodeIgniter\Config\BaseService::getSharedInstance('session', NULL)
#5 /storage/emulated/0/crud_ci/system/Common.php(894): CodeIgniter\Config\Services::session()
#6 /storage/emulated/0/crud_ci/app/Views/pages/index.php(15): session('success')
#7 /storage/emulated/0/crud_ci/system/View/View.php(246): include('/storage/emulat...')
#8 /storage/emulated/0/crud_ci/system/Common.php(1087): CodeIgniter\View\View->render('pages/index', Array, true)
#9 /storage/emulated/0/crud_ci/app/Controllers/Siswa.php(18): view('pages/index', Array)
#10 /storage/emulated/0/crud_ci/system/CodeIgniter.php(914): App\Controllers\Siswa->index()
#11 /storage/emulated/0/crud_ci/system/CodeIgniter.php(400): CodeIgniter\CodeIgniter->runController(Object(App\Controllers\Siswa))
#12 /storage/emulated/0/crud_ci/system/CodeIgniter.php(308): CodeIgniter\CodeIgniter->handleRequest(NULL, Object(Config\Cache), false)
#13 /storage/emulated/0/crud_ci/public/index.php(45): CodeIgniter\CodeIgniter->run()
#14 /storage/emulated/0/crud_ci/system/Commands/Server/rewrite.php(34): require_once('/storage/emulat...')
#15 {main}
CRITICAL - 2020-06-21 11:16:42 --> Cannot use isset() on the result of an expression (you can use "null !== expression" instead)
#0 [internal function]: CodeIgniter\Debug\Exceptions->shutdownHandler()
#1 {main}
CRITICAL - 2020-06-21 11:21:41 --> Failed to create(read) session ID: user (path: /storage/emulated/0/crud_ci/writable/session)
#0 /storage/emulated/0/crud_ci/system/Session/Session.php(434): session_regenerate_id(false)
#1 /storage/emulated/0/crud_ci/system/Session/Session.php(253): CodeIgniter\Session\Session->regenerate(false)
#2 /storage/emulated/0/crud_ci/system/Config/Services.php(771): CodeIgniter\Session\Session->start()
#3 /storage/emulated/0/crud_ci/system/Config/BaseService.php(123): CodeIgniter\Config\Services::session(Object(Config\App), false)
#4 /storage/emulated/0/crud_ci/system/Config/Services.php(752): CodeIgniter\Config\BaseService::getSharedInstance('session', NULL)
#5 /storage/emulated/0/crud_ci/system/HTTP/RedirectResponse.php(170): CodeIgniter\Config\Services::session()
#6 /storage/emulated/0/crud_ci/system/HTTP/RedirectResponse.php(156): CodeIgniter\HTTP\RedirectResponse->ensureSession()
#7 /storage/emulated/0/crud_ci/app/Controllers/Siswa.php(49): CodeIgniter\HTTP\RedirectResponse->with('success', 'Data telah di e...')
#8 /storage/emulated/0/crud_ci/system/CodeIgniter.php(914): App\Controllers\Siswa->update('1')
#9 /storage/emulated/0/crud_ci/system/CodeIgniter.php(400): CodeIgniter\CodeIgniter->runController(Object(App\Controllers\Siswa))
#10 /storage/emulated/0/crud_ci/system/CodeIgniter.php(308): CodeIgniter\CodeIgniter->handleRequest(NULL, Object(Config\Cache), false)
#11 /storage/emulated/0/crud_ci/public/index.php(45): CodeIgniter\CodeIgniter->run()
#12 /storage/emulated/0/crud_ci/system/Commands/Server/rewrite.php(34): require_once('/storage/emulat...')
#13 {main}
CRITICAL - 2020-06-21 11:28:00 --> Failed to create(read) session ID: user (path: /storage/emulated/0/crud_ci/writable/session)
#0 /storage/emulated/0/crud_ci/system/Session/Session.php(434): session_regenerate_id(false)
#1 /storage/emulated/0/crud_ci/system/Session/Session.php(253): CodeIgniter\Session\Session->regenerate(false)
#2 /storage/emulated/0/crud_ci/system/Config/Services.php(771): CodeIgniter\Session\Session->start()
#3 /storage/emulated/0/crud_ci/system/Config/BaseService.php(123): CodeIgniter\Config\Services::session(Object(Config\App), false)
#4 /storage/emulated/0/crud_ci/system/Config/Services.php(752): CodeIgniter\Config\BaseService::getSharedInstance('session', NULL)
#5 /storage/emulated/0/crud_ci/system/Common.php(894): CodeIgniter\Config\Services::session()
#6 /storage/emulated/0/crud_ci/app/Views/components/alert.php(1): session('success')
#7 /storage/emulated/0/crud_ci/system/View/View.php(246): include('/storage/emulat...')
#8 /storage/emulated/0/crud_ci/system/View/View.php(525): CodeIgniter\View\View->render('components/aler...', NULL, true)
#9 /storage/emulated/0/crud_ci/app/Views/pages/index.php(15): CodeIgniter\View\View->include('components/aler...')
#10 /storage/emulated/0/crud_ci/system/View/View.php(246): include('/storage/emulat...')
#11 /storage/emulated/0/crud_ci/system/Common.php(1087): CodeIgniter\View\View->render('pages/index', Array, true)
#12 /storage/emulated/0/crud_ci/app/Controllers/Siswa.php(18): view('pages/index', Array)
#13 /storage/emulated/0/crud_ci/system/CodeIgniter.php(914): App\Controllers\Siswa->index()
#14 /storage/emulated/0/crud_ci/system/CodeIgniter.php(400): CodeIgniter\CodeIgniter->runController(Object(App\Controllers\Siswa))
#15 /storage/emulated/0/crud_ci/system/CodeIgniter.php(308): CodeIgniter\CodeIgniter->handleRequest(NULL, Object(Config\Cache), false)
#16 /storage/emulated/0/crud_ci/public/index.php(45): CodeIgniter\CodeIgniter->run()
#17 /storage/emulated/0/crud_ci/system/Commands/Server/rewrite.php(34): require_once('/storage/emulat...')
#18 {main}
CRITICAL - 2020-06-21 11:35:54 --> Failed to create(read) session ID: user (path: /storage/emulated/0/crud_ci/writable/session)
#0 /storage/emulated/0/crud_ci/system/Session/Session.php(434): session_regenerate_id(false)
#1 /storage/emulated/0/crud_ci/system/Session/Session.php(253): CodeIgniter\Session\Session->regenerate(false)
#2 /storage/emulated/0/crud_ci/system/Config/Services.php(771): CodeIgniter\Session\Session->start()
#3 /storage/emulated/0/crud_ci/system/Config/BaseService.php(123): CodeIgniter\Config\Services::session(Object(Config\App), false)
#4 /storage/emulated/0/crud_ci/system/Config/Services.php(752): CodeIgniter\Config\BaseService::getSharedInstance('session', NULL)
#5 /storage/emulated/0/crud_ci/system/Common.php(894): CodeIgniter\Config\Services::session()
#6 /storage/emulated/0/crud_ci/app/Views/components/alert.php(1): session('success')
#7 /storage/emulated/0/crud_ci/system/View/View.php(246): include('/storage/emulat...')
#8 /storage/emulated/0/crud_ci/system/View/View.php(525): CodeIgniter\View\View->render('components/aler...', NULL, true)
#9 /storage/emulated/0/crud_ci/app/Views/pages/index.php(15): CodeIgniter\View\View->include('components/aler...')
#10 /storage/emulated/0/crud_ci/system/View/View.php(246): include('/storage/emulat...')
#11 /storage/emulated/0/crud_ci/system/Common.php(1087): CodeIgniter\View\View->render('pages/index', Array, true)
#12 /storage/emulated/0/crud_ci/app/Controllers/Siswa.php(18): view('pages/index', Array)
#13 /storage/emulated/0/crud_ci/system/CodeIgniter.php(914): App\Controllers\Siswa->index()
#14 /storage/emulated/0/crud_ci/system/CodeIgniter.php(400): CodeIgniter\CodeIgniter->runController(Object(App\Controllers\Siswa))
#15 /storage/emulated/0/crud_ci/system/CodeIgniter.php(308): CodeIgniter\CodeIgniter->handleRequest(NULL, Object(Config\Cache), false)
#16 /storage/emulated/0/crud_ci/public/index.php(45): CodeIgniter\CodeIgniter->run()
#17 /storage/emulated/0/crud_ci/system/Commands/Server/rewrite.php(34): require_once('/storage/emulat...')
#18 {main}
CRITICAL - 2020-06-21 11:36:46 --> Column 'nama' cannot be null
#0 /storage/emulated/0/crud_ci/system/Database/MySQLi/Connection.php(331): mysqli->query('INSERT INTO `si...')
#1 /storage/emulated/0/crud_ci/system/Database/BaseConnection.php(738): CodeIgniter\Database\MySQLi\Connection->execute('INSERT INTO `si...')
#2 /storage/emulated/0/crud_ci/system/Database/BaseConnection.php(666): CodeIgniter\Database\BaseConnection->simpleQuery('INSERT INTO `si...')
#3 /storage/emulated/0/crud_ci/system/Database/BaseBuilder.php(2234): CodeIgniter\Database\BaseConnection->query('INSERT INTO `si...', Array, false)
#4 /storage/emulated/0/crud_ci/system/Model.php(729): CodeIgniter\Database\BaseBuilder->insert()
#5 /storage/emulated/0/crud_ci/app/Controllers/Siswa.php(25): CodeIgniter\Model->insert(Array)
#6 /storage/emulated/0/crud_ci/system/CodeIgniter.php(914): App\Controllers\Siswa->create()
#7 /storage/emulated/0/crud_ci/system/CodeIgniter.php(400): CodeIgniter\CodeIgniter->runController(Object(App\Controllers\Siswa))
#8 /storage/emulated/0/crud_ci/system/CodeIgniter.php(308): CodeIgniter\CodeIgniter->handleRequest(NULL, Object(Config\Cache), false)
#9 /storage/emulated/0/crud_ci/public/index.php(45): CodeIgniter\CodeIgniter->run()
#10 /storage/emulated/0/crud_ci/system/Commands/Server/rewrite.php(34): require_once('/storage/emulat...')
#11 {main}
CRITICAL - 2020-06-21 11:36:49 --> Column 'nama' cannot be null
#0 /storage/emulated/0/crud_ci/system/Database/MySQLi/Connection.php(331): mysqli->query('INSERT INTO `si...')
#1 /storage/emulated/0/crud_ci/system/Database/BaseConnection.php(738): CodeIgniter\Database\MySQLi\Connection->execute('INSERT INTO `si...')
#2 /storage/emulated/0/crud_ci/system/Database/BaseConnection.php(666): CodeIgniter\Database\BaseConnection->simpleQuery('INSERT INTO `si...')
#3 /storage/emulated/0/crud_ci/system/Database/BaseBuilder.php(2234): CodeIgniter\Database\BaseConnection->query('INSERT INTO `si...', Array, false)
#4 /storage/emulated/0/crud_ci/system/Model.php(729): CodeIgniter\Database\BaseBuilder->insert()
#5 /storage/emulated/0/crud_ci/app/Controllers/Siswa.php(25): CodeIgniter\Model->insert(Array)
#6 /storage/emulated/0/crud_ci/system/CodeIgniter.php(914): App\Controllers\Siswa->create()
#7 /storage/emulated/0/crud_ci/system/CodeIgniter.php(400): CodeIgniter\CodeIgniter->runController(Object(App\Controllers\Siswa))
#8 /storage/emulated/0/crud_ci/system/CodeIgniter.php(308): CodeIgniter\CodeIgniter->handleRequest(NULL, Object(Config\Cache), false)
#9 /storage/emulated/0/crud_ci/public/index.php(45): CodeIgniter\CodeIgniter->run()
#10 /storage/emulated/0/crud_ci/system/Commands/Server/rewrite.php(34): require_once('/storage/emulat...')
#11 {main}
CRITICAL - 2020-06-21 11:41:43 --> Failed to create(read) session ID: user (path: /storage/emulated/0/crud_ci/writable/session)
#0 /storage/emulated/0/crud_ci/system/Session/Session.php(434): session_regenerate_id(false)
#1 /storage/emulated/0/crud_ci/system/Session/Session.php(253): CodeIgniter\Session\Session->regenerate(false)
#2 /storage/emulated/0/crud_ci/system/Config/Services.php(771): CodeIgniter\Session\Session->start()
#3 /storage/emulated/0/crud_ci/system/Config/BaseService.php(123): CodeIgniter\Config\Services::session(Object(Config\App), false)
#4 /storage/emulated/0/crud_ci/system/Config/Services.php(752): CodeIgniter\Config\BaseService::getSharedInstance('session', NULL)
#5 /storage/emulated/0/crud_ci/system/Common.php(894): CodeIgniter\Config\Services::session()
#6 /storage/emulated/0/crud_ci/app/Views/components/alert.php(1): session('success')
#7 /storage/emulated/0/crud_ci/system/View/View.php(246): include('/storage/emulat...')
#8 /storage/emulated/0/crud_ci/system/View/View.php(525): CodeIgniter\View\View->render('components/aler...', NULL, true)
#9 /storage/emulated/0/crud_ci/app/Views/pages/index.php(15): CodeIgniter\View\View->include('components/aler...')
#10 /storage/emulated/0/crud_ci/system/View/View.php(246): include('/storage/emulat...')
#11 /storage/emulated/0/crud_ci/system/Common.php(1087): CodeIgniter\View\View->render('pages/index', Array, true)
#12 /storage/emulated/0/crud_ci/app/Controllers/Siswa.php(18): view('pages/index', Array)
#13 /storage/emulated/0/crud_ci/system/CodeIgniter.php(914): App\Controllers\Siswa->index()
#14 /storage/emulated/0/crud_ci/system/CodeIgniter.php(400): CodeIgniter\CodeIgniter->runController(Object(App\Controllers\Siswa))
#15 /storage/emulated/0/crud_ci/system/CodeIgniter.php(308): CodeIgniter\CodeIgniter->handleRequest(NULL, Object(Config\Cache), false)
#16 /storage/emulated/0/crud_ci/public/index.php(45): CodeIgniter\CodeIgniter->run()
#17 /storage/emulated/0/crud_ci/system/Commands/Server/rewrite.php(34): require_once('/storage/emulat...')
#18 {main}
CRITICAL - 2020-06-21 11:48:24 --> Undefined variable: model
#0 /storage/emulated/0/crud_ci/app/Controllers/Siswa.php(17): CodeIgniter\Debug\Exceptions->errorHandler(8, 'Undefined varia...', '/storage/emulat...', 17, Array)
#1 /storage/emulated/0/crud_ci/system/CodeIgniter.php(914): App\Controllers\Siswa->index()
#2 /storage/emulated/0/crud_ci/system/CodeIgniter.php(400): CodeIgniter\CodeIgniter->runController(Object(App\Controllers\Siswa))
#3 /storage/emulated/0/crud_ci/system/CodeIgniter.php(308): CodeIgniter\CodeIgniter->handleRequest(NULL, Object(Config\Cache), false)
#4 /storage/emulated/0/crud_ci/public/index.php(45): CodeIgniter\CodeIgniter->run()
#5 /storage/emulated/0/crud_ci/system/Commands/Server/rewrite.php(34): require_once('/storage/emulat...')
#6 {main}
CRITICAL - 2020-06-21 11:48:57 --> Undefined property: App\Controllers\Siswa::$siswaMiodel
#0 /storage/emulated/0/crud_ci/app/Controllers/Siswa.php(17): CodeIgniter\Debug\Exceptions->errorHandler(8, 'Undefined prope...', '/storage/emulat...', 17, Array)
#1 /storage/emulated/0/crud_ci/system/CodeIgniter.php(914): App\Controllers\Siswa->index()
#2 /storage/emulated/0/crud_ci/system/CodeIgniter.php(400): CodeIgniter\CodeIgniter->runController(Object(App\Controllers\Siswa))
#3 /storage/emulated/0/crud_ci/system/CodeIgniter.php(308): CodeIgniter\CodeIgniter->handleRequest(NULL, Object(Config\Cache), false)
#4 /storage/emulated/0/crud_ci/public/index.php(45): CodeIgniter\CodeIgniter->run()
#5 /storage/emulated/0/crud_ci/system/Commands/Server/rewrite.php(34): require_once('/storage/emulat...')
#6 {main}
CRITICAL - 2020-06-21 11:48:59 --> Undefined property: App\Controllers\Siswa::$siswaMiodel
#0 /storage/emulated/0/crud_ci/app/Controllers/Siswa.php(17): CodeIgniter\Debug\Exceptions->errorHandler(8, 'Undefined prope...', '/storage/emulat...', 17, Array)
#1 /storage/emulated/0/crud_ci/system/CodeIgniter.php(914): App\Controllers\Siswa->index()
#2 /storage/emulated/0/crud_ci/system/CodeIgniter.php(400): CodeIgniter\CodeIgniter->runController(Object(App\Controllers\Siswa))
#3 /storage/emulated/0/crud_ci/system/CodeIgniter.php(308): CodeIgniter\CodeIgniter->handleRequest(NULL, Object(Config\Cache), false)
#4 /storage/emulated/0/crud_ci/public/index.php(45): CodeIgniter\CodeIgniter->run()
#5 /storage/emulated/0/crud_ci/system/Commands/Server/rewrite.php(34): require_once('/storage/emulat...')
#6 {main}
CRITICAL - 2020-06-21 11:49:15 --> Failed to create(read) session ID: user (path: /storage/emulated/0/crud_ci/writable/session)
#0 /storage/emulated/0/crud_ci/system/Session/Session.php(434): session_regenerate_id(false)
#1 /storage/emulated/0/crud_ci/system/Session/Session.php(253): CodeIgniter\Session\Session->regenerate(false)
#2 /storage/emulated/0/crud_ci/system/Config/Services.php(771): CodeIgniter\Session\Session->start()
#3 /storage/emulated/0/crud_ci/system/Config/BaseService.php(123): CodeIgniter\Config\Services::session(Object(Config\App), false)
#4 /storage/emulated/0/crud_ci/system/Config/Services.php(752): CodeIgniter\Config\BaseService::getSharedInstance('session', NULL)
#5 /storage/emulated/0/crud_ci/system/Common.php(894): CodeIgniter\Config\Services::session()
#6 /storage/emulated/0/crud_ci/app/Views/components/alert.php(1): session('success')
#7 /storage/emulated/0/crud_ci/system/View/View.php(246): include('/storage/emulat...')
#8 /storage/emulated/0/crud_ci/system/View/View.php(525): CodeIgniter\View\View->render('components/aler...', NULL, true)
#9 /storage/emulated/0/crud_ci/app/Views/pages/index.php(15): CodeIgniter\View\View->include('components/aler...')
#10 /storage/emulated/0/crud_ci/system/View/View.php(246): include('/storage/emulat...')
#11 /storage/emulated/0/crud_ci/system/Common.php(1087): CodeIgniter\View\View->render('pages/index', Array, true)
#12 /storage/emulated/0/crud_ci/app/Controllers/Siswa.php(19): view('pages/index', Array)
#13 /storage/emulated/0/crud_ci/system/CodeIgniter.php(914): App\Controllers\Siswa->index()
#14 /storage/emulated/0/crud_ci/system/CodeIgniter.php(400): CodeIgniter\CodeIgniter->runController(Object(App\Controllers\Siswa))
#15 /storage/emulated/0/crud_ci/system/CodeIgniter.php(308): CodeIgniter\CodeIgniter->handleRequest(NULL, Object(Config\Cache), false)
#16 /storage/emulated/0/crud_ci/public/index.php(45): CodeIgniter\CodeIgniter->run()
#17 /storage/emulated/0/crud_ci/system/Commands/Server/rewrite.php(34): require_once('/storage/emulat...')
#18 {main}
CRITICAL - 2020-06-21 12:09:04 --> Failed to create(read) session ID: user (path: /storage/emulated/0/crud_ci/writable/session)
#0 /storage/emulated/0/crud_ci/system/Session/Session.php(434): session_regenerate_id(false)
#1 /storage/emulated/0/crud_ci/system/Session/Session.php(253): CodeIgniter\Session\Session->regenerate(false)
#2 /storage/emulated/0/crud_ci/system/Config/Services.php(771): CodeIgniter\Session\Session->start()
#3 /storage/emulated/0/crud_ci/system/Config/BaseService.php(123): CodeIgniter\Config\Services::session(Object(Config\App), false)
#4 /storage/emulated/0/crud_ci/system/Config/Services.php(752): CodeIgniter\Config\BaseService::getSharedInstance('session', NULL)
#5 /storage/emulated/0/crud_ci/system/Common.php(894): CodeIgniter\Config\Services::session()
#6 /storage/emulated/0/crud_ci/app/Views/components/alert.php(1): session('success')
#7 /storage/emulated/0/crud_ci/system/View/View.php(246): include('/storage/emulat...')
#8 /storage/emulated/0/crud_ci/system/View/View.php(525): CodeIgniter\View\View->render('components/aler...', NULL, true)
#9 /storage/emulated/0/crud_ci/app/Views/pages/index.php(15): CodeIgniter\View\View->include('components/aler...')
#10 /storage/emulated/0/crud_ci/system/View/View.php(246): include('/storage/emulat...')
#11 /storage/emulated/0/crud_ci/system/Common.php(1087): CodeIgniter\View\View->render('pages/index', Array, true)
#12 /storage/emulated/0/crud_ci/app/Controllers/Siswa.php(19): view('pages/index', Array)
#13 /storage/emulated/0/crud_ci/system/CodeIgniter.php(914): App\Controllers\Siswa->index()
#14 /storage/emulated/0/crud_ci/system/CodeIgniter.php(400): CodeIgniter\CodeIgniter->runController(Object(App\Controllers\Siswa))
#15 /storage/emulated/0/crud_ci/system/CodeIgniter.php(308): CodeIgniter\CodeIgniter->handleRequest(NULL, Object(Config\Cache), false)
#16 /storage/emulated/0/crud_ci/public/index.php(45): CodeIgniter\CodeIgniter->run()
#17 /storage/emulated/0/crud_ci/system/Commands/Server/rewrite.php(34): require_once('/storage/emulat...')
#18 {main}
CRITICAL - 2020-06-21 12:09:08 --> Undefined variable: page
#0 /storage/emulated/0/crud_ci/app/Views/components/table.php(33): CodeIgniter\Debug\Exceptions->errorHandler(8, 'Undefined varia...', '/storage/emulat...', 33, Array)
#1 /storage/emulated/0/crud_ci/system/View/View.php(246): include('/storage/emulat...')
#2 /storage/emulated/0/crud_ci/system/View/View.php(525): CodeIgniter\View\View->render('components/tabl...', NULL, true)
#3 /storage/emulated/0/crud_ci/app/Views/pages/index.php(19): CodeIgniter\View\View->include('components/tabl...')
#4 /storage/emulated/0/crud_ci/system/View/View.php(246): include('/storage/emulat...')
#5 /storage/emulated/0/crud_ci/system/Common.php(1087): CodeIgniter\View\View->render('pages/index', Array, true)
#6 /storage/emulated/0/crud_ci/app/Controllers/Siswa.php(19): view('pages/index', Array)
#7 /storage/emulated/0/crud_ci/system/CodeIgniter.php(914): App\Controllers\Siswa->index()
#8 /storage/emulated/0/crud_ci/system/CodeIgniter.php(400): CodeIgniter\CodeIgniter->runController(Object(App\Controllers\Siswa))
#9 /storage/emulated/0/crud_ci/system/CodeIgniter.php(308): CodeIgniter\CodeIgniter->handleRequest(NULL, Object(Config\Cache), false)
#10 /storage/emulated/0/crud_ci/public/index.php(45): CodeIgniter\CodeIgniter->run()
#11 /storage/emulated/0/crud_ci/system/Commands/Server/rewrite.php(34): require_once('/storage/emulat...')
#12 {main}
CRITICAL - 2020-06-21 12:09:11 --> Undefined variable: page
#0 /storage/emulated/0/crud_ci/app/Views/components/table.php(33): CodeIgniter\Debug\Exceptions->errorHandler(8, 'Undefined varia...', '/storage/emulat...', 33, Array)
#1 /storage/emulated/0/crud_ci/system/View/View.php(246): include('/storage/emulat...')
#2 /storage/emulated/0/crud_ci/system/View/View.php(525): CodeIgniter\View\View->render('components/tabl...', NULL, true)
#3 /storage/emulated/0/crud_ci/app/Views/pages/index.php(19): CodeIgniter\View\View->include('components/tabl...')
#4 /storage/emulated/0/crud_ci/system/View/View.php(246): include('/storage/emulat...')
#5 /storage/emulated/0/crud_ci/system/Common.php(1087): CodeIgniter\View\View->render('pages/index', Array, true)
#6 /storage/emulated/0/crud_ci/app/Controllers/Siswa.php(19): view('pages/index', Array)
#7 /storage/emulated/0/crud_ci/system/CodeIgniter.php(914): App\Controllers\Siswa->index()
#8 /storage/emulated/0/crud_ci/system/CodeIgniter.php(400): CodeIgniter\CodeIgniter->runController(Object(App\Controllers\Siswa))
#9 /storage/emulated/0/crud_ci/system/CodeIgniter.php(308): CodeIgniter\CodeIgniter->handleRequest(NULL, Object(Config\Cache), false)
#10 /storage/emulated/0/crud_ci/public/index.php(45): CodeIgniter\CodeIgniter->run()
#11 /storage/emulated/0/crud_ci/system/Commands/Server/rewrite.php(34): require_once('/storage/emulat...')
#12 {main}
CRITICAL - 2020-06-21 12:15:36 --> Failed to create(read) session ID: user (path: /storage/emulated/0/crud_ci/writable/session)
#0 /storage/emulated/0/crud_ci/system/Session/Session.php(434): session_regenerate_id(false)
#1 /storage/emulated/0/crud_ci/system/Session/Session.php(253): CodeIgniter\Session\Session->regenerate(false)
#2 /storage/emulated/0/crud_ci/system/Config/Services.php(771): CodeIgniter\Session\Session->start()
#3 /storage/emulated/0/crud_ci/system/Config/BaseService.php(123): CodeIgniter\Config\Services::session(Object(Config\App), false)
#4 /storage/emulated/0/crud_ci/system/Config/Services.php(752): CodeIgniter\Config\BaseService::getSharedInstance('session', NULL)
#5 /storage/emulated/0/crud_ci/system/Common.php(894): CodeIgniter\Config\Services::session()
#6 /storage/emulated/0/crud_ci/app/Views/components/alert.php(1): session('success')
#7 /storage/emulated/0/crud_ci/system/View/View.php(246): include('/storage/emulat...')
#8 /storage/emulated/0/crud_ci/system/View/View.php(525): CodeIgniter\View\View->render('components/aler...', NULL, true)
#9 /storage/emulated/0/crud_ci/app/Views/pages/index.php(15): CodeIgniter\View\View->include('components/aler...')
#10 /storage/emulated/0/crud_ci/system/View/View.php(246): include('/storage/emulat...')
#11 /storage/emulated/0/crud_ci/system/Common.php(1087): CodeIgniter\View\View->render('pages/index', Array, true)
#12 /storage/emulated/0/crud_ci/app/Controllers/Siswa.php(19): view('pages/index', Array)
#13 /storage/emulated/0/crud_ci/system/CodeIgniter.php(914): App\Controllers\Siswa->index()
#14 /storage/emulated/0/crud_ci/system/CodeIgniter.php(400): CodeIgniter\CodeIgniter->runController(Object(App\Controllers\Siswa))
#15 /storage/emulated/0/crud_ci/system/CodeIgniter.php(308): CodeIgniter\CodeIgniter->handleRequest(NULL, Object(Config\Cache), false)
#16 /storage/emulated/0/crud_ci/public/index.php(45): CodeIgniter\CodeIgniter->run()
#17 /storage/emulated/0/crud_ci/system/Commands/Server/rewrite.php(34): require_once('/storage/emulat...')
#18 {main}
CRITICAL - 2020-06-21 12:15:39 --> Undefined property: CodeIgniter\Pager\Pager::$page
#0 /storage/emulated/0/crud_ci/app/Views/components/table.php(33): CodeIgniter\Debug\Exceptions->errorHandler(8, 'Undefined prope...', '/storage/emulat...', 33, Array)
#1 /storage/emulated/0/crud_ci/system/View/View.php(246): include('/storage/emulat...')
#2 /storage/emulated/0/crud_ci/system/View/View.php(525): CodeIgniter\View\View->render('components/tabl...', NULL, true)
#3 /storage/emulated/0/crud_ci/app/Views/pages/index.php(19): CodeIgniter\View\View->include('components/tabl...')
#4 /storage/emulated/0/crud_ci/system/View/View.php(246): include('/storage/emulat...')
#5 /storage/emulated/0/crud_ci/system/Common.php(1087): CodeIgniter\View\View->render('pages/index', Array, true)
#6 /storage/emulated/0/crud_ci/app/Controllers/Siswa.php(19): view('pages/index', Array)
#7 /storage/emulated/0/crud_ci/system/CodeIgniter.php(914): App\Controllers\Siswa->index()
#8 /storage/emulated/0/crud_ci/system/CodeIgniter.php(400): CodeIgniter\CodeIgniter->runController(Object(App\Controllers\Siswa))
#9 /storage/emulated/0/crud_ci/system/CodeIgniter.php(308): CodeIgniter\CodeIgniter->handleRequest(NULL, Object(Config\Cache), false)
#10 /storage/emulated/0/crud_ci/public/index.php(45): CodeIgniter\CodeIgniter->run()
#11 /storage/emulated/0/crud_ci/system/Commands/Server/rewrite.php(34): require_once('/storage/emulat...')
#12 {main}
CRITICAL - 2020-06-21 12:15:41 --> Undefined property: CodeIgniter\Pager\Pager::$page
#0 /storage/emulated/0/crud_ci/app/Views/components/table.php(33): CodeIgniter\Debug\Exceptions->errorHandler(8, 'Undefined prope...', '/storage/emulat...', 33, Array)
#1 /storage/emulated/0/crud_ci/system/View/View.php(246): include('/storage/emulat...')
#2 /storage/emulated/0/crud_ci/system/View/View.php(525): CodeIgniter\View\View->render('components/tabl...', NULL, true)
#3 /storage/emulated/0/crud_ci/app/Views/pages/index.php(19): CodeIgniter\View\View->include('components/tabl...')
#4 /storage/emulated/0/crud_ci/system/View/View.php(246): include('/storage/emulat...')
#5 /storage/emulated/0/crud_ci/system/Common.php(1087): CodeIgniter\View\View->render('pages/index', Array, true)
#6 /storage/emulated/0/crud_ci/app/Controllers/Siswa.php(19): view('pages/index', Array)
#7 /storage/emulated/0/crud_ci/system/CodeIgniter.php(914): App\Controllers\Siswa->index()
#8 /storage/emulated/0/crud_ci/system/CodeIgniter.php(400): CodeIgniter\CodeIgniter->runController(Object(App\Controllers\Siswa))
#9 /storage/emulated/0/crud_ci/system/CodeIgniter.php(308): CodeIgniter\CodeIgniter->handleRequest(NULL, Object(Config\Cache), false)
#10 /storage/emulated/0/crud_ci/public/index.php(45): CodeIgniter\CodeIgniter->run()
#11 /storage/emulated/0/crud_ci/system/Commands/Server/rewrite.php(34): require_once('/storage/emulat...')
#12 {main}
CRITICAL - 2020-06-21 12:16:09 --> Trying to get property 'page' of non-object
#0 /storage/emulated/0/crud_ci/app/Views/components/table.php(33): CodeIgniter\Debug\Exceptions->errorHandler(8, 'Trying to get p...', '/storage/emulat...', 33, Array)
#1 /storage/emulated/0/crud_ci/system/View/View.php(246): include('/storage/emulat...')
#2 /storage/emulated/0/crud_ci/system/View/View.php(525): CodeIgniter\View\View->render('components/tabl...', NULL, true)
#3 /storage/emulated/0/crud_ci/app/Views/pages/index.php(19): CodeIgniter\View\View->include('components/tabl...')
#4 /storage/emulated/0/crud_ci/system/View/View.php(246): include('/storage/emulat...')
#5 /storage/emulated/0/crud_ci/system/Common.php(1087): CodeIgniter\View\View->render('pages/index', Array, true)
#6 /storage/emulated/0/crud_ci/app/Controllers/Siswa.php(19): view('pages/index', Array)
#7 /storage/emulated/0/crud_ci/system/CodeIgniter.php(914): App\Controllers\Siswa->index()
#8 /storage/emulated/0/crud_ci/system/CodeIgniter.php(400): CodeIgniter\CodeIgniter->runController(Object(App\Controllers\Siswa))
#9 /storage/emulated/0/crud_ci/system/CodeIgniter.php(308): CodeIgniter\CodeIgniter->handleRequest(NULL, Object(Config\Cache), false)
#10 /storage/emulated/0/crud_ci/public/index.php(45): CodeIgniter\CodeIgniter->run()
#11 /storage/emulated/0/crud_ci/system/Commands/Server/rewrite.php(34): require_once('/storage/emulat...')
#12 {main}
CRITICAL - 2020-06-21 12:16:11 --> Trying to get property 'page' of non-object
#0 /storage/emulated/0/crud_ci/app/Views/components/table.php(33): CodeIgniter\Debug\Exceptions->errorHandler(8, 'Trying to get p...', '/storage/emulat...', 33, Array)
#1 /storage/emulated/0/crud_ci/system/View/View.php(246): include('/storage/emulat...')
#2 /storage/emulated/0/crud_ci/system/View/View.php(525): CodeIgniter\View\View->render('components/tabl...', NULL, true)
#3 /storage/emulated/0/crud_ci/app/Views/pages/index.php(19): CodeIgniter\View\View->include('components/tabl...')
#4 /storage/emulated/0/crud_ci/system/View/View.php(246): include('/storage/emulat...')
#5 /storage/emulated/0/crud_ci/system/Common.php(1087): CodeIgniter\View\View->render('pages/index', Array, true)
#6 /storage/emulated/0/crud_ci/app/Controllers/Siswa.php(19): view('pages/index', Array)
#7 /storage/emulated/0/crud_ci/system/CodeIgniter.php(914): App\Controllers\Siswa->index()
#8 /storage/emulated/0/crud_ci/system/CodeIgniter.php(400): CodeIgniter\CodeIgniter->runController(Object(App\Controllers\Siswa))
#9 /storage/emulated/0/crud_ci/system/CodeIgniter.php(308): CodeIgniter\CodeIgniter->handleRequest(NULL, Object(Config\Cache), false)
#10 /storage/emulated/0/crud_ci/public/index.php(45): CodeIgniter\CodeIgniter->run()
#11 /storage/emulated/0/crud_ci/system/Commands/Server/rewrite.php(34): require_once('/storage/emulat...')
#12 {main}
CRITICAL - 2020-06-21 12:20:38 --> Failed to create(read) session ID: user (path: /storage/emulated/0/crud_ci/writable/session)
#0 /storage/emulated/0/crud_ci/system/Session/Session.php(434): session_regenerate_id(false)
#1 /storage/emulated/0/crud_ci/system/Session/Session.php(253): CodeIgniter\Session\Session->regenerate(false)
#2 /storage/emulated/0/crud_ci/system/Config/Services.php(771): CodeIgniter\Session\Session->start()
#3 /storage/emulated/0/crud_ci/system/Config/BaseService.php(123): CodeIgniter\Config\Services::session(Object(Config\App), false)
#4 /storage/emulated/0/crud_ci/system/Config/Services.php(752): CodeIgniter\Config\BaseService::getSharedInstance('session', NULL)
#5 /storage/emulated/0/crud_ci/system/Common.php(894): CodeIgniter\Config\Services::session()
#6 /storage/emulated/0/crud_ci/app/Views/components/alert.php(1): session('success')
#7 /storage/emulated/0/crud_ci/system/View/View.php(246): include('/storage/emulat...')
#8 /storage/emulated/0/crud_ci/system/View/View.php(525): CodeIgniter\View\View->render('components/aler...', NULL, true)
#9 /storage/emulated/0/crud_ci/app/Views/pages/index.php(15): CodeIgniter\View\View->include('components/aler...')
#10 /storage/emulated/0/crud_ci/system/View/View.php(246): include('/storage/emulat...')
#11 /storage/emulated/0/crud_ci/system/Common.php(1087): CodeIgniter\View\View->render('pages/index', Array, true)
#12 /storage/emulated/0/crud_ci/app/Controllers/Siswa.php(19): view('pages/index', Array)
#13 /storage/emulated/0/crud_ci/system/CodeIgniter.php(914): App\Controllers\Siswa->index()
#14 /storage/emulated/0/crud_ci/system/CodeIgniter.php(400): CodeIgniter\CodeIgniter->runController(Object(App\Controllers\Siswa))
#15 /storage/emulated/0/crud_ci/system/CodeIgniter.php(308): CodeIgniter\CodeIgniter->handleRequest(NULL, Object(Config\Cache), false)
#16 /storage/emulated/0/crud_ci/public/index.php(45): CodeIgniter\CodeIgniter->run()
#17 /storage/emulated/0/crud_ci/system/Commands/Server/rewrite.php(34): require_once('/storage/emulat...')
#18 {main}
CRITICAL - 2020-06-21 18:26:12 --> chmod(): Operation not permitted
#0 [internal function]: CodeIgniter\Debug\Exceptions->errorHandler(2, 'chmod(): Operat...', '/storage/emulat...', 198, Array)
#1 /storage/emulated/0/crud_ci/system/Session/Handlers/FileHandler.php(198): chmod('/storage/emulat...', 384)
#2 [internal function]: CodeIgniter\Session\Handlers\FileHandler->read('22c86825c5576f9...')
#3 /storage/emulated/0/crud_ci/system/Session/Session.php(1005): session_start()
#4 /storage/emulated/0/crud_ci/system/Session/Session.php(240): CodeIgniter\Session\Session->startSession()
#5 /storage/emulated/0/crud_ci/system/Config/Services.php(771): CodeIgniter\Session\Session->start()
#6 /storage/emulated/0/crud_ci/system/Config/BaseService.php(123): CodeIgniter\Config\Services::session(Object(Config\App), false)
#7 /storage/emulated/0/crud_ci/system/Config/Services.php(752): CodeIgniter\Config\BaseService::getSharedInstance('session', NULL)
#8 /storage/emulated/0/crud_ci/system/Common.php(894): CodeIgniter\Config\Services::session()
#9 /storage/emulated/0/crud_ci/app/Views/components/alert.php(1): session('success')
#10 /storage/emulated/0/crud_ci/system/View/View.php(246): include('/storage/emulat...')
#11 /storage/emulated/0/crud_ci/system/View/View.php(525): CodeIgniter\View\View->render('components/aler...', NULL, true)
#12 /storage/emulated/0/crud_ci/app/Views/pages/index.php(15): CodeIgniter\View\View->include('components/aler...')
#13 /storage/emulated/0/crud_ci/system/View/View.php(246): include('/storage/emulat...')
#14 /storage/emulated/0/crud_ci/system/Common.php(1087): CodeIgniter\View\View->render('pages/index', Array, true)
#15 /storage/emulated/0/crud_ci/app/Controllers/Siswa.php(19): view('pages/index', Array)
#16 /storage/emulated/0/crud_ci/system/CodeIgniter.php(914): App\Controllers\Siswa->index()
#17 /storage/emulated/0/crud_ci/system/CodeIgniter.php(400): CodeIgniter\CodeIgniter->runController(Object(App\Controllers\Siswa))
#18 /storage/emulated/0/crud_ci/system/CodeIgniter.php(308): CodeIgniter\CodeIgniter->handleRequest(NULL, Object(Config\Cache), false)
#19 /storage/emulated/0/crud_ci/public/index.php(45): CodeIgniter\CodeIgniter->run()
#20 /storage/emulated/0/crud_ci/system/Commands/Server/rewrite.php(34): require_once('/storage/emulat...')
#21 {main}
