CRITICAL - 2020-07-01 05:15:07 --> chmod(): Operation not permitted
#0 [internal function]: CodeIgniter\Debug\Exceptions->errorHandler(2, 'chmod(): Operat...', '/storage/emulat...', 198, Array)
#1 /storage/emulated/0/crud_ci/system/Session/Handlers/FileHandler.php(198): chmod('/storage/emulat...', 384)
#2 [internal function]: CodeIgniter\Session\Handlers\FileHandler->read('fd720e3bf4ff62c...')
#3 /storage/emulated/0/crud_ci/system/Session/Session.php(1005): session_start()
#4 /storage/emulated/0/crud_ci/system/Session/Session.php(240): CodeIgniter\Session\Session->startSession()
#5 /storage/emulated/0/crud_ci/system/Config/Services.php(771): CodeIgniter\Session\Session->start()
#6 /storage/emulated/0/crud_ci/system/Config/BaseService.php(123): CodeIgniter\Config\Services::session(Object(Config\App), false)
#7 /storage/emulated/0/crud_ci/system/Config/Services.php(752): CodeIgniter\Config\BaseService::getSharedInstance('session', NULL)
#8 /storage/emulated/0/crud_ci/system/Common.php(894): CodeIgniter\Config\Services::session()
#9 /storage/emulated/0/crud_ci/app/Views/components/alert.php(1): session('success')
#10 /storage/emulated/0/crud_ci/system/View/View.php(246): include('/storage/emulat...')
#11 /storage/emulated/0/crud_ci/system/View/View.php(525): CodeIgniter\View\View->render('components/aler...', NULL, true)
#12 /storage/emulated/0/crud_ci/app/Views/pages/index.php(15): CodeIgniter\View\View->include('components/aler...')
#13 /storage/emulated/0/crud_ci/system/View/View.php(246): include('/storage/emulat...')
#14 /storage/emulated/0/crud_ci/system/Common.php(1087): CodeIgniter\View\View->render('pages/index', Array, true)
#15 /storage/emulated/0/crud_ci/app/Controllers/Siswa.php(19): view('pages/index', Array)
#16 /storage/emulated/0/crud_ci/system/CodeIgniter.php(914): App\Controllers\Siswa->index()
#17 /storage/emulated/0/crud_ci/system/CodeIgniter.php(400): CodeIgniter\CodeIgniter->runController(Object(App\Controllers\Siswa))
#18 /storage/emulated/0/crud_ci/system/CodeIgniter.php(308): CodeIgniter\CodeIgniter->handleRequest(NULL, Object(Config\Cache), false)
#19 /storage/emulated/0/crud_ci/public/index.php(45): CodeIgniter\CodeIgniter->run()
#20 /storage/emulated/0/crud_ci/system/Commands/Server/rewrite.php(34): require_once('/storage/emulat...')
#21 {main}
CRITICAL - 2020-07-01 05:15:07 --> Uncaught ErrorException: chmod(): Operation not permitted in /storage/emulated/0/crud_ci/system/Log/Handlers/FileHandler.php:157
Stack trace:
#0 [internal function]: CodeIgniter\Debug\Exceptions->errorHandler(2, 'chmod(): Operat...', '/storage/emulat...', 157, Array)
#1 /storage/emulated/0/crud_ci/system/Log/Handlers/FileHandler.php(157): chmod('/storage/emulat...', 420)
#2 /storage/emulated/0/crud_ci/system/Log/Logger.php(381): CodeIgniter\Log\Handlers\FileHandler->handle('critical', 'chmod(): Operat...')
#3 /storage/emulated/0/crud_ci/system/Common.php(724): CodeIgniter\Log\Logger->log('critical', 'chmod(): Operat...', Array)
#4 /storage/emulated/0/crud_ci/system/Debug/Exceptions.php(154): log_message('critical', 'chmod(): Operat...', Array)
#5 [internal function]: CodeIgniter\Debug\Exceptions->exceptionHandler(Object(ErrorException))
#6 {main}
  thrown
#0 [internal function]: CodeIgniter\Debug\Exceptions->shutdownHandler()
#1 {main}
CRITICAL - 2020-07-01 06:58:05 --> Failed to create(read) session ID: user (path: /storage/emulated/0/crud_ci/writable/session)
#0 /storage/emulated/0/crud_ci/system/Session/Session.php(434): session_regenerate_id(false)
#1 /storage/emulated/0/crud_ci/system/Session/Session.php(253): CodeIgniter\Session\Session->regenerate(false)
#2 /storage/emulated/0/crud_ci/system/Config/Services.php(771): CodeIgniter\Session\Session->start()
#3 /storage/emulated/0/crud_ci/system/Config/BaseService.php(123): CodeIgniter\Config\Services::session(Object(Config\App), false)
#4 /storage/emulated/0/crud_ci/system/Config/Services.php(752): CodeIgniter\Config\BaseService::getSharedInstance('session', NULL)
#5 /storage/emulated/0/crud_ci/system/Common.php(894): CodeIgniter\Config\Services::session()
#6 /storage/emulated/0/crud_ci/app/Views/components/alert.php(1): session('success')
#7 /storage/emulated/0/crud_ci/system/View/View.php(246): include('/storage/emulat...')
#8 /storage/emulated/0/crud_ci/system/View/View.php(525): CodeIgniter\View\View->render('components/aler...', NULL, true)
#9 /storage/emulated/0/crud_ci/app/Views/pages/index.php(15): CodeIgniter\View\View->include('components/aler...')
#10 /storage/emulated/0/crud_ci/system/View/View.php(246): include('/storage/emulat...')
#11 /storage/emulated/0/crud_ci/system/Common.php(1087): CodeIgniter\View\View->render('pages/index', Array, true)
#12 /storage/emulated/0/crud_ci/app/Controllers/Siswa.php(19): view('pages/index', Array)
#13 /storage/emulated/0/crud_ci/system/CodeIgniter.php(914): App\Controllers\Siswa->index()
#14 /storage/emulated/0/crud_ci/system/CodeIgniter.php(400): CodeIgniter\CodeIgniter->runController(Object(App\Controllers\Siswa))
#15 /storage/emulated/0/crud_ci/system/CodeIgniter.php(308): CodeIgniter\CodeIgniter->handleRequest(NULL, Object(Config\Cache), false)
#16 /storage/emulated/0/crud_ci/public/index.php(45): CodeIgniter\CodeIgniter->run()
#17 /storage/emulated/0/crud_ci/system/Commands/Server/rewrite.php(34): require_once('/storage/emulat...')
#18 {main}
CRITICAL - 2020-07-01 06:59:17 --> Call to a member function links() on null
#0 /storage/emulated/0/crud_ci/system/View/View.php(246): include()
#1 /storage/emulated/0/crud_ci/system/View/View.php(525): CodeIgniter\View\View->render('components/tabl...', NULL, true)
#2 /storage/emulated/0/crud_ci/app/Views/pages/index.php(19): CodeIgniter\View\View->include('components/tabl...')
#3 /storage/emulated/0/crud_ci/system/View/View.php(246): include('/storage/emulat...')
#4 /storage/emulated/0/crud_ci/system/Common.php(1087): CodeIgniter\View\View->render('pages/index', Array, true)
#5 /storage/emulated/0/crud_ci/app/Controllers/Siswa.php(19): view('pages/index', Array)
#6 /storage/emulated/0/crud_ci/system/CodeIgniter.php(914): App\Controllers\Siswa->index()
#7 /storage/emulated/0/crud_ci/system/CodeIgniter.php(400): CodeIgniter\CodeIgniter->runController(Object(App\Controllers\Siswa))
#8 /storage/emulated/0/crud_ci/system/CodeIgniter.php(308): CodeIgniter\CodeIgniter->handleRequest(NULL, Object(Config\Cache), false)
#9 /storage/emulated/0/crud_ci/public/index.php(45): CodeIgniter\CodeIgniter->run()
#10 /storage/emulated/0/crud_ci/system/Commands/Server/rewrite.php(34): require_once('/storage/emulat...')
#11 {main}
CRITICAL - 2020-07-01 06:59:22 --> Call to a member function links() on null
#0 /storage/emulated/0/crud_ci/system/View/View.php(246): include()
#1 /storage/emulated/0/crud_ci/system/View/View.php(525): CodeIgniter\View\View->render('components/tabl...', NULL, true)
#2 /storage/emulated/0/crud_ci/app/Views/pages/index.php(19): CodeIgniter\View\View->include('components/tabl...')
#3 /storage/emulated/0/crud_ci/system/View/View.php(246): include('/storage/emulat...')
#4 /storage/emulated/0/crud_ci/system/Common.php(1087): CodeIgniter\View\View->render('pages/index', Array, true)
#5 /storage/emulated/0/crud_ci/app/Controllers/Siswa.php(19): view('pages/index', Array)
#6 /storage/emulated/0/crud_ci/system/CodeIgniter.php(914): App\Controllers\Siswa->index()
#7 /storage/emulated/0/crud_ci/system/CodeIgniter.php(400): CodeIgniter\CodeIgniter->runController(Object(App\Controllers\Siswa))
#8 /storage/emulated/0/crud_ci/system/CodeIgniter.php(308): CodeIgniter\CodeIgniter->handleRequest(NULL, Object(Config\Cache), false)
#9 /storage/emulated/0/crud_ci/public/index.php(45): CodeIgniter\CodeIgniter->run()
#10 /storage/emulated/0/crud_ci/system/Commands/Server/rewrite.php(34): require_once('/storage/emulat...')
#11 {main}
CRITICAL - 2020-07-01 07:07:03 --> Call to a member function first() on array
#0 /storage/emulated/0/crud_ci/system/CodeIgniter.php(914): App\Controllers\Siswa->edit('0')
#1 /storage/emulated/0/crud_ci/system/CodeIgniter.php(400): CodeIgniter\CodeIgniter->runController(Object(App\Controllers\Siswa))
#2 /storage/emulated/0/crud_ci/system/CodeIgniter.php(308): CodeIgniter\CodeIgniter->handleRequest(NULL, Object(Config\Cache), false)
#3 /storage/emulated/0/crud_ci/public/index.php(45): CodeIgniter\CodeIgniter->run()
#4 /storage/emulated/0/crud_ci/system/Commands/Server/rewrite.php(34): require_once('/storage/emulat...')
#5 {main}
CRITICAL - 2020-07-01 07:11:13 --> Call to a member function first() on array
#0 /storage/emulated/0/crud_ci/system/CodeIgniter.php(914): App\Controllers\Siswa->edit('0')
#1 /storage/emulated/0/crud_ci/system/CodeIgniter.php(400): CodeIgniter\CodeIgniter->runController(Object(App\Controllers\Siswa))
#2 /storage/emulated/0/crud_ci/system/CodeIgniter.php(308): CodeIgniter\CodeIgniter->handleRequest(NULL, Object(Config\Cache), false)
#3 /storage/emulated/0/crud_ci/public/index.php(45): CodeIgniter\CodeIgniter->run()
#4 /storage/emulated/0/crud_ci/system/Commands/Server/rewrite.php(34): require_once('/storage/emulat...')
#5 {main}
CRITICAL - 2020-07-01 07:11:27 --> Call to a member function first() on array
#0 /storage/emulated/0/crud_ci/system/CodeIgniter.php(914): App\Controllers\Siswa->edit('0')
#1 /storage/emulated/0/crud_ci/system/CodeIgniter.php(400): CodeIgniter\CodeIgniter->runController(Object(App\Controllers\Siswa))
#2 /storage/emulated/0/crud_ci/system/CodeIgniter.php(308): CodeIgniter\CodeIgniter->handleRequest(NULL, Object(Config\Cache), false)
#3 /storage/emulated/0/crud_ci/public/index.php(45): CodeIgniter\CodeIgniter->run()
#4 /storage/emulated/0/crud_ci/system/Commands/Server/rewrite.php(34): require_once('/storage/emulat...')
#5 {main}
CRITICAL - 2020-07-01 07:14:07 --> Failed to create(read) session ID: user (path: /storage/emulated/0/crud_ci/writable/session)
#0 /storage/emulated/0/crud_ci/system/Session/Session.php(434): session_regenerate_id(false)
#1 /storage/emulated/0/crud_ci/system/Session/Session.php(253): CodeIgniter\Session\Session->regenerate(false)
#2 /storage/emulated/0/crud_ci/system/Config/Services.php(771): CodeIgniter\Session\Session->start()
#3 /storage/emulated/0/crud_ci/system/Config/BaseService.php(123): CodeIgniter\Config\Services::session(Object(Config\App), false)
#4 /storage/emulated/0/crud_ci/system/Config/Services.php(752): CodeIgniter\Config\BaseService::getSharedInstance('session', NULL)
#5 /storage/emulated/0/crud_ci/system/Common.php(894): CodeIgniter\Config\Services::session()
#6 /storage/emulated/0/crud_ci/app/Views/components/alert.php(1): session('success')
#7 /storage/emulated/0/crud_ci/system/View/View.php(246): include('/storage/emulat...')
#8 /storage/emulated/0/crud_ci/system/View/View.php(525): CodeIgniter\View\View->render('components/aler...', NULL, true)
#9 /storage/emulated/0/crud_ci/app/Views/pages/index.php(15): CodeIgniter\View\View->include('components/aler...')
#10 /storage/emulated/0/crud_ci/system/View/View.php(246): include('/storage/emulat...')
#11 /storage/emulated/0/crud_ci/system/Common.php(1087): CodeIgniter\View\View->render('pages/index', Array, true)
#12 /storage/emulated/0/crud_ci/app/Controllers/Siswa.php(19): view('pages/index', Array)
#13 /storage/emulated/0/crud_ci/system/CodeIgniter.php(914): App\Controllers\Siswa->index()
#14 /storage/emulated/0/crud_ci/system/CodeIgniter.php(400): CodeIgniter\CodeIgniter->runController(Object(App\Controllers\Siswa))
#15 /storage/emulated/0/crud_ci/system/CodeIgniter.php(308): CodeIgniter\CodeIgniter->handleRequest(NULL, Object(Config\Cache), false)
#16 /storage/emulated/0/crud_ci/public/index.php(45): CodeIgniter\CodeIgniter->run()
#17 /storage/emulated/0/crud_ci/system/Commands/Server/rewrite.php(34): require_once('/storage/emulat...')
#18 {main}
CRITICAL - 2020-07-01 07:15:57 --> chmod(): Operation not permitted
#0 [internal function]: CodeIgniter\Debug\Exceptions->errorHandler(2, 'chmod(): Operat...', '/storage/emulat...', 198, Array)
#1 /storage/emulated/0/crud_ci/system/Session/Handlers/FileHandler.php(198): chmod('/storage/emulat...', 384)
#2 [internal function]: CodeIgniter\Session\Handlers\FileHandler->read('00eed29711c39a5...')
#3 /storage/emulated/0/crud_ci/system/Session/Session.php(1005): session_start()
#4 /storage/emulated/0/crud_ci/system/Session/Session.php(240): CodeIgniter\Session\Session->startSession()
#5 /storage/emulated/0/crud_ci/system/Config/Services.php(771): CodeIgniter\Session\Session->start()
#6 /storage/emulated/0/crud_ci/system/Config/BaseService.php(123): CodeIgniter\Config\Services::session(Object(Config\App), false)
#7 /storage/emulated/0/crud_ci/system/Config/Services.php(752): CodeIgniter\Config\BaseService::getSharedInstance('session', NULL)
#8 /storage/emulated/0/crud_ci/system/Common.php(894): CodeIgniter\Config\Services::session()
#9 /storage/emulated/0/crud_ci/app/Views/components/alert.php(1): session('success')
#10 /storage/emulated/0/crud_ci/system/View/View.php(246): include('/storage/emulat...')
#11 /storage/emulated/0/crud_ci/system/View/View.php(525): CodeIgniter\View\View->render('components/aler...', NULL, true)
#12 /storage/emulated/0/crud_ci/app/Views/pages/index.php(15): CodeIgniter\View\View->include('components/aler...')
#13 /storage/emulated/0/crud_ci/system/View/View.php(246): include('/storage/emulat...')
#14 /storage/emulated/0/crud_ci/system/Common.php(1087): CodeIgniter\View\View->render('pages/index', Array, true)
#15 /storage/emulated/0/crud_ci/app/Controllers/Siswa.php(19): view('pages/index', Array)
#16 /storage/emulated/0/crud_ci/system/CodeIgniter.php(914): App\Controllers\Siswa->index()
#17 /storage/emulated/0/crud_ci/system/CodeIgniter.php(400): CodeIgniter\CodeIgniter->runController(Object(App\Controllers\Siswa))
#18 /storage/emulated/0/crud_ci/system/CodeIgniter.php(308): CodeIgniter\CodeIgniter->handleRequest(NULL, Object(Config\Cache), false)
#19 /storage/emulated/0/crud_ci/public/index.php(45): CodeIgniter\CodeIgniter->run()
#20 /storage/emulated/0/crud_ci/system/Commands/Server/rewrite.php(34): require_once('/storage/emulat...')
#21 {main}
CRITICAL - 2020-07-01 07:17:16 --> Column 'nama' cannot be null
#0 /storage/emulated/0/crud_ci/system/Database/MySQLi/Connection.php(331): mysqli->query('INSERT INTO `si...')
#1 /storage/emulated/0/crud_ci/system/Database/BaseConnection.php(738): CodeIgniter\Database\MySQLi\Connection->execute('INSERT INTO `si...')
#2 /storage/emulated/0/crud_ci/system/Database/BaseConnection.php(666): CodeIgniter\Database\BaseConnection->simpleQuery('INSERT INTO `si...')
#3 /storage/emulated/0/crud_ci/system/Database/BaseBuilder.php(2234): CodeIgniter\Database\BaseConnection->query('INSERT INTO `si...', Array, false)
#4 /storage/emulated/0/crud_ci/system/Model.php(729): CodeIgniter\Database\BaseBuilder->insert()
#5 /storage/emulated/0/crud_ci/app/Controllers/Siswa.php(26): CodeIgniter\Model->insert(Array)
#6 /storage/emulated/0/crud_ci/system/CodeIgniter.php(914): App\Controllers\Siswa->create()
#7 /storage/emulated/0/crud_ci/system/CodeIgniter.php(400): CodeIgniter\CodeIgniter->runController(Object(App\Controllers\Siswa))
#8 /storage/emulated/0/crud_ci/system/CodeIgniter.php(308): CodeIgniter\CodeIgniter->handleRequest(NULL, Object(Config\Cache), false)
#9 /storage/emulated/0/crud_ci/public/index.php(45): CodeIgniter\CodeIgniter->run()
#10 /storage/emulated/0/crud_ci/system/Commands/Server/rewrite.php(34): require_once('/storage/emulat...')
#11 {main}
CRITICAL - 2020-07-01 07:17:21 --> Column 'nama' cannot be null
#0 /storage/emulated/0/crud_ci/system/Database/MySQLi/Connection.php(331): mysqli->query('INSERT INTO `si...')
#1 /storage/emulated/0/crud_ci/system/Database/BaseConnection.php(738): CodeIgniter\Database\MySQLi\Connection->execute('INSERT INTO `si...')
#2 /storage/emulated/0/crud_ci/system/Database/BaseConnection.php(666): CodeIgniter\Database\BaseConnection->simpleQuery('INSERT INTO `si...')
#3 /storage/emulated/0/crud_ci/system/Database/BaseBuilder.php(2234): CodeIgniter\Database\BaseConnection->query('INSERT INTO `si...', Array, false)
#4 /storage/emulated/0/crud_ci/system/Model.php(729): CodeIgniter\Database\BaseBuilder->insert()
#5 /storage/emulated/0/crud_ci/app/Controllers/Siswa.php(26): CodeIgniter\Model->insert(Array)
#6 /storage/emulated/0/crud_ci/system/CodeIgniter.php(914): App\Controllers\Siswa->create()
#7 /storage/emulated/0/crud_ci/system/CodeIgniter.php(400): CodeIgniter\CodeIgniter->runController(Object(App\Controllers\Siswa))
#8 /storage/emulated/0/crud_ci/system/CodeIgniter.php(308): CodeIgniter\CodeIgniter->handleRequest(NULL, Object(Config\Cache), false)
#9 /storage/emulated/0/crud_ci/public/index.php(45): CodeIgniter\CodeIgniter->run()
#10 /storage/emulated/0/crud_ci/system/Commands/Server/rewrite.php(34): require_once('/storage/emulat...')
#11 {main}
CRITICAL - 2020-07-01 07:21:45 --> Failed to create(read) session ID: user (path: /storage/emulated/0/crud_ci/writable/session)
#0 /storage/emulated/0/crud_ci/system/Session/Session.php(434): session_regenerate_id(false)
#1 /storage/emulated/0/crud_ci/system/Session/Session.php(253): CodeIgniter\Session\Session->regenerate(false)
#2 /storage/emulated/0/crud_ci/system/Config/Services.php(771): CodeIgniter\Session\Session->start()
#3 /storage/emulated/0/crud_ci/system/Config/BaseService.php(123): CodeIgniter\Config\Services::session(Object(Config\App), false)
#4 /storage/emulated/0/crud_ci/system/Config/Services.php(752): CodeIgniter\Config\BaseService::getSharedInstance('session', NULL)
#5 /storage/emulated/0/crud_ci/system/Common.php(894): CodeIgniter\Config\Services::session()
#6 /storage/emulated/0/crud_ci/app/Views/components/alert.php(1): session('success')
#7 /storage/emulated/0/crud_ci/system/View/View.php(246): include('/storage/emulat...')
#8 /storage/emulated/0/crud_ci/system/View/View.php(525): CodeIgniter\View\View->render('components/aler...', NULL, true)
#9 /storage/emulated/0/crud_ci/app/Views/pages/index.php(15): CodeIgniter\View\View->include('components/aler...')
#10 /storage/emulated/0/crud_ci/system/View/View.php(246): include('/storage/emulat...')
#11 /storage/emulated/0/crud_ci/system/Common.php(1087): CodeIgniter\View\View->render('pages/index', Array, true)
#12 /storage/emulated/0/crud_ci/app/Controllers/Siswa.php(19): view('pages/index', Array)
#13 /storage/emulated/0/crud_ci/system/CodeIgniter.php(914): App\Controllers\Siswa->index()
#14 /storage/emulated/0/crud_ci/system/CodeIgniter.php(400): CodeIgniter\CodeIgniter->runController(Object(App\Controllers\Siswa))
#15 /storage/emulated/0/crud_ci/system/CodeIgniter.php(308): CodeIgniter\CodeIgniter->handleRequest(NULL, Object(Config\Cache), false)
#16 /storage/emulated/0/crud_ci/public/index.php(45): CodeIgniter\CodeIgniter->run()
#17 /storage/emulated/0/crud_ci/system/Commands/Server/rewrite.php(34): require_once('/storage/emulat...')
#18 {main}
CRITICAL - 2020-07-01 07:27:11 --> Failed to create(read) session ID: user (path: /storage/emulated/0/crud_ci/writable/session)
#0 /storage/emulated/0/crud_ci/system/Session/Session.php(434): session_regenerate_id(false)
#1 /storage/emulated/0/crud_ci/system/Session/Session.php(253): CodeIgniter\Session\Session->regenerate(false)
#2 /storage/emulated/0/crud_ci/system/Config/Services.php(771): CodeIgniter\Session\Session->start()
#3 /storage/emulated/0/crud_ci/system/Config/BaseService.php(123): CodeIgniter\Config\Services::session(Object(Config\App), false)
#4 /storage/emulated/0/crud_ci/system/Config/Services.php(752): CodeIgniter\Config\BaseService::getSharedInstance('session', NULL)
#5 /storage/emulated/0/crud_ci/system/Common.php(894): CodeIgniter\Config\Services::session()
#6 /storage/emulated/0/crud_ci/app/Views/components/alert.php(1): session('success')
#7 /storage/emulated/0/crud_ci/system/View/View.php(246): include('/storage/emulat...')
#8 /storage/emulated/0/crud_ci/system/View/View.php(525): CodeIgniter\View\View->render('components/aler...', NULL, true)
#9 /storage/emulated/0/crud_ci/app/Views/pages/index.php(15): CodeIgniter\View\View->include('components/aler...')
#10 /storage/emulated/0/crud_ci/system/View/View.php(246): include('/storage/emulat...')
#11 /storage/emulated/0/crud_ci/system/Common.php(1087): CodeIgniter\View\View->render('pages/index', Array, true)
#12 /storage/emulated/0/crud_ci/app/Controllers/Siswa.php(19): view('pages/index', Array)
#13 /storage/emulated/0/crud_ci/system/CodeIgniter.php(914): App\Controllers\Siswa->index()
#14 /storage/emulated/0/crud_ci/system/CodeIgniter.php(400): CodeIgniter\CodeIgniter->runController(Object(App\Controllers\Siswa))
#15 /storage/emulated/0/crud_ci/system/CodeIgniter.php(308): CodeIgniter\CodeIgniter->handleRequest(NULL, Object(Config\Cache), false)
#16 /storage/emulated/0/crud_ci/public/index.php(45): CodeIgniter\CodeIgniter->run()
#17 /storage/emulated/0/crud_ci/system/Commands/Server/rewrite.php(34): require_once('/storage/emulat...')
#18 {main}
CRITICAL - 2020-07-01 07:39:32 --> Failed to create(read) session ID: user (path: /storage/emulated/0/crud_ci/writable/session)
#0 /storage/emulated/0/crud_ci/system/Session/Session.php(434): session_regenerate_id(false)
#1 /storage/emulated/0/crud_ci/system/Session/Session.php(253): CodeIgniter\Session\Session->regenerate(false)
#2 /storage/emulated/0/crud_ci/system/Config/Services.php(771): CodeIgniter\Session\Session->start()
#3 /storage/emulated/0/crud_ci/system/Config/BaseService.php(123): CodeIgniter\Config\Services::session(Object(Config\App), false)
#4 /storage/emulated/0/crud_ci/system/Config/Services.php(752): CodeIgniter\Config\BaseService::getSharedInstance('session', NULL)
#5 /storage/emulated/0/crud_ci/system/Common.php(894): CodeIgniter\Config\Services::session()
#6 /storage/emulated/0/crud_ci/app/Views/components/alert.php(1): session('success')
#7 /storage/emulated/0/crud_ci/system/View/View.php(246): include('/storage/emulat...')
#8 /storage/emulated/0/crud_ci/system/View/View.php(525): CodeIgniter\View\View->render('components/aler...', NULL, true)
#9 /storage/emulated/0/crud_ci/app/Views/pages/index.php(15): CodeIgniter\View\View->include('components/aler...')
#10 /storage/emulated/0/crud_ci/system/View/View.php(246): include('/storage/emulat...')
#11 /storage/emulated/0/crud_ci/system/Common.php(1087): CodeIgniter\View\View->render('pages/index', Array, true)
#12 /storage/emulated/0/crud_ci/app/Controllers/Siswa.php(19): view('pages/index', Array)
#13 /storage/emulated/0/crud_ci/system/CodeIgniter.php(914): App\Controllers\Siswa->index()
#14 /storage/emulated/0/crud_ci/system/CodeIgniter.php(400): CodeIgniter\CodeIgniter->runController(Object(App\Controllers\Siswa))
#15 /storage/emulated/0/crud_ci/system/CodeIgniter.php(308): CodeIgniter\CodeIgniter->handleRequest(NULL, Object(Config\Cache), false)
#16 /storage/emulated/0/crud_ci/public/index.php(45): CodeIgniter\CodeIgniter->run()
#17 /storage/emulated/0/crud_ci/system/Commands/Server/rewrite.php(34): require_once('/storage/emulat...')
#18 {main}
CRITICAL - 2020-07-01 07:40:03 --> Unknown column 'created_at' in 'field list'
#0 /storage/emulated/0/crud_ci/system/Database/MySQLi/Connection.php(331): mysqli->query('INSERT INTO `si...')
#1 /storage/emulated/0/crud_ci/system/Database/BaseConnection.php(738): CodeIgniter\Database\MySQLi\Connection->execute('INSERT INTO `si...')
#2 /storage/emulated/0/crud_ci/system/Database/BaseConnection.php(666): CodeIgniter\Database\BaseConnection->simpleQuery('INSERT INTO `si...')
#3 /storage/emulated/0/crud_ci/system/Database/BaseBuilder.php(2234): CodeIgniter\Database\BaseConnection->query('INSERT INTO `si...', Array, false)
#4 /storage/emulated/0/crud_ci/system/Model.php(729): CodeIgniter\Database\BaseBuilder->insert()
#5 /storage/emulated/0/crud_ci/app/Controllers/Siswa.php(26): CodeIgniter\Model->insert(Array)
#6 /storage/emulated/0/crud_ci/system/CodeIgniter.php(914): App\Controllers\Siswa->create()
#7 /storage/emulated/0/crud_ci/system/CodeIgniter.php(400): CodeIgniter\CodeIgniter->runController(Object(App\Controllers\Siswa))
#8 /storage/emulated/0/crud_ci/system/CodeIgniter.php(308): CodeIgniter\CodeIgniter->handleRequest(NULL, Object(Config\Cache), false)
#9 /storage/emulated/0/crud_ci/public/index.php(45): CodeIgniter\CodeIgniter->run()
#10 /storage/emulated/0/crud_ci/system/Commands/Server/rewrite.php(34): require_once('/storage/emulat...')
#11 {main}
CRITICAL - 2020-07-01 07:43:37 --> Unknown column 'updated_at' in 'field list'
#0 /storage/emulated/0/crud_ci/system/Database/MySQLi/Connection.php(331): mysqli->query('INSERT INTO `si...')
#1 /storage/emulated/0/crud_ci/system/Database/BaseConnection.php(738): CodeIgniter\Database\MySQLi\Connection->execute('INSERT INTO `si...')
#2 /storage/emulated/0/crud_ci/system/Database/BaseConnection.php(666): CodeIgniter\Database\BaseConnection->simpleQuery('INSERT INTO `si...')
#3 /storage/emulated/0/crud_ci/system/Database/BaseBuilder.php(2234): CodeIgniter\Database\BaseConnection->query('INSERT INTO `si...', Array, false)
#4 /storage/emulated/0/crud_ci/system/Model.php(729): CodeIgniter\Database\BaseBuilder->insert()
#5 /storage/emulated/0/crud_ci/app/Controllers/Siswa.php(26): CodeIgniter\Model->insert(Array)
#6 /storage/emulated/0/crud_ci/system/CodeIgniter.php(914): App\Controllers\Siswa->create()
#7 /storage/emulated/0/crud_ci/system/CodeIgniter.php(400): CodeIgniter\CodeIgniter->runController(Object(App\Controllers\Siswa))
#8 /storage/emulated/0/crud_ci/system/CodeIgniter.php(308): CodeIgniter\CodeIgniter->handleRequest(NULL, Object(Config\Cache), false)
#9 /storage/emulated/0/crud_ci/public/index.php(45): CodeIgniter\CodeIgniter->run()
#10 /storage/emulated/0/crud_ci/system/Commands/Server/rewrite.php(34): require_once('/storage/emulat...')
#11 {main}
CRITICAL - 2020-07-01 07:44:06 --> syntax error, unexpected '' => [' (T_CONSTANT_ENCAPSED_STRING), expecting ']'
#0 /storage/emulated/0/crud_ci/system/Database/MigrationRunner.php(354): CodeIgniter\Database\MigrationRunner->migrate('down', Object(stdClass))
#1 /storage/emulated/0/crud_ci/system/Commands/Database/MigrateRollback.php(133): CodeIgniter\Database\MigrationRunner->regress(0)
#2 /storage/emulated/0/crud_ci/system/CLI/CommandRunner.php(137): CodeIgniter\Commands\Database\MigrateRollback->run(Array)
#3 /storage/emulated/0/crud_ci/system/CLI/CommandRunner.php(110): CodeIgniter\CLI\CommandRunner->runCommand('migrate:rollbac...', Array)
#4 /storage/emulated/0/crud_ci/system/CLI/BaseCommand.php(154): CodeIgniter\CLI\CommandRunner->index(Array)
#5 /storage/emulated/0/crud_ci/system/Commands/Database/MigrateRefresh.php(123): CodeIgniter\CLI\BaseCommand->call('migrate:rollbac...', Array)
#6 /storage/emulated/0/crud_ci/system/CLI/CommandRunner.php(137): CodeIgniter\Commands\Database\MigrateRefresh->run(Array)
#7 /storage/emulated/0/crud_ci/system/CLI/CommandRunner.php(110): CodeIgniter\CLI\CommandRunner->runCommand('migrate:refresh', Array)
#8 /storage/emulated/0/crud_ci/system/CLI/CommandRunner.php(86): CodeIgniter\CLI\CommandRunner->index(Array)
#9 /storage/emulated/0/crud_ci/system/CodeIgniter.php(910): CodeIgniter\CLI\CommandRunner->_remap('index', 'migrate:refresh')
#10 /storage/emulated/0/crud_ci/system/CodeIgniter.php(400): CodeIgniter\CodeIgniter->runController(Object(CodeIgniter\CLI\CommandRunner))
#11 /storage/emulated/0/crud_ci/system/CodeIgniter.php(308): CodeIgniter\CodeIgniter->handleRequest(NULL, Object(Config\Cache), false)
#12 /storage/emulated/0/crud_ci/system/CLI/Console.php(86): CodeIgniter\CodeIgniter->run()
#13 /storage/emulated/0/crud_ci/spark(57): CodeIgniter\CLI\Console->run()
#14 {main}
CRITICAL - 2020-07-01 07:44:34 --> Failed to create(read) session ID: user (path: /storage/emulated/0/crud_ci/writable/session)
#0 /storage/emulated/0/crud_ci/system/Session/Session.php(434): session_regenerate_id(false)
#1 /storage/emulated/0/crud_ci/system/Session/Session.php(253): CodeIgniter\Session\Session->regenerate(false)
#2 /storage/emulated/0/crud_ci/system/Config/Services.php(771): CodeIgniter\Session\Session->start()
#3 /storage/emulated/0/crud_ci/system/Config/BaseService.php(123): CodeIgniter\Config\Services::session(Object(Config\App), false)
#4 /storage/emulated/0/crud_ci/system/Config/Services.php(752): CodeIgniter\Config\BaseService::getSharedInstance('session', NULL)
#5 /storage/emulated/0/crud_ci/system/HTTP/RedirectResponse.php(170): CodeIgniter\Config\Services::session()
#6 /storage/emulated/0/crud_ci/system/HTTP/RedirectResponse.php(156): CodeIgniter\HTTP\RedirectResponse->ensureSession()
#7 /storage/emulated/0/crud_ci/app/Controllers/Siswa.php(28): CodeIgniter\HTTP\RedirectResponse->with('success', 'Data telah di s...')
#8 /storage/emulated/0/crud_ci/system/CodeIgniter.php(914): App\Controllers\Siswa->create()
#9 /storage/emulated/0/crud_ci/system/CodeIgniter.php(400): CodeIgniter\CodeIgniter->runController(Object(App\Controllers\Siswa))
#10 /storage/emulated/0/crud_ci/system/CodeIgniter.php(308): CodeIgniter\CodeIgniter->handleRequest(NULL, Object(Config\Cache), false)
#11 /storage/emulated/0/crud_ci/public/index.php(45): CodeIgniter\CodeIgniter->run()
#12 /storage/emulated/0/crud_ci/system/Commands/Server/rewrite.php(34): require_once('/storage/emulat...')
#13 {main}
CRITICAL - 2020-07-01 19:50:34 --> Failed to create(read) session ID: user (path: /storage/emulated/0/crud_ci/writable/session)
#0 /storage/emulated/0/crud_ci/system/Session/Session.php(434): session_regenerate_id(false)
#1 /storage/emulated/0/crud_ci/system/Session/Session.php(253): CodeIgniter\Session\Session->regenerate(false)
#2 /storage/emulated/0/crud_ci/system/Config/Services.php(771): CodeIgniter\Session\Session->start()
#3 /storage/emulated/0/crud_ci/system/Config/BaseService.php(123): CodeIgniter\Config\Services::session(Object(Config\App), false)
#4 /storage/emulated/0/crud_ci/system/Config/Services.php(752): CodeIgniter\Config\BaseService::getSharedInstance('session', NULL)
#5 /storage/emulated/0/crud_ci/system/Common.php(894): CodeIgniter\Config\Services::session()
#6 /storage/emulated/0/crud_ci/app/Views/components/alert.php(1): session('success')
#7 /storage/emulated/0/crud_ci/system/View/View.php(246): include('/storage/emulat...')
#8 /storage/emulated/0/crud_ci/system/View/View.php(525): CodeIgniter\View\View->render('components/aler...', NULL, true)
#9 /storage/emulated/0/crud_ci/app/Views/pages/index.php(15): CodeIgniter\View\View->include('components/aler...')
#10 /storage/emulated/0/crud_ci/system/View/View.php(246): include('/storage/emulat...')
#11 /storage/emulated/0/crud_ci/system/Common.php(1087): CodeIgniter\View\View->render('pages/index', Array, true)
#12 /storage/emulated/0/crud_ci/app/Controllers/Siswa.php(19): view('pages/index', Array)
#13 /storage/emulated/0/crud_ci/system/CodeIgniter.php(914): App\Controllers\Siswa->index()
#14 /storage/emulated/0/crud_ci/system/CodeIgniter.php(400): CodeIgniter\CodeIgniter->runController(Object(App\Controllers\Siswa))
#15 /storage/emulated/0/crud_ci/system/CodeIgniter.php(308): CodeIgniter\CodeIgniter->handleRequest(NULL, Object(Config\Cache), false)
#16 /storage/emulated/0/crud_ci/public/index.php(45): CodeIgniter\CodeIgniter->run()
#17 /storage/emulated/0/crud_ci/system/Commands/Server/rewrite.php(34): require_once('/storage/emulat...')
#18 {main}
CRITICAL - 2020-07-01 20:05:31 --> Failed to create(read) session ID: user (path: /storage/emulated/0/crud_ci/writable/session)
#0 /storage/emulated/0/crud_ci/system/Session/Session.php(434): session_regenerate_id(false)
#1 /storage/emulated/0/crud_ci/system/Session/Session.php(253): CodeIgniter\Session\Session->regenerate(false)
#2 /storage/emulated/0/crud_ci/system/Config/Services.php(771): CodeIgniter\Session\Session->start()
#3 /storage/emulated/0/crud_ci/system/Config/BaseService.php(123): CodeIgniter\Config\Services::session(Object(Config\App), false)
#4 /storage/emulated/0/crud_ci/system/Config/Services.php(752): CodeIgniter\Config\BaseService::getSharedInstance('session', NULL)
#5 /storage/emulated/0/crud_ci/system/HTTP/RedirectResponse.php(170): CodeIgniter\Config\Services::session()
#6 /storage/emulated/0/crud_ci/system/HTTP/RedirectResponse.php(156): CodeIgniter\HTTP\RedirectResponse->ensureSession()
#7 /storage/emulated/0/crud_ci/app/Controllers/Siswa.php(28): CodeIgniter\HTTP\RedirectResponse->with('success', 'Data telah di s...')
#8 /storage/emulated/0/crud_ci/system/CodeIgniter.php(914): App\Controllers\Siswa->create()
#9 /storage/emulated/0/crud_ci/system/CodeIgniter.php(400): CodeIgniter\CodeIgniter->runController(Object(App\Controllers\Siswa))
#10 /storage/emulated/0/crud_ci/system/CodeIgniter.php(308): CodeIgniter\CodeIgniter->handleRequest(NULL, Object(Config\Cache), false)
#11 /storage/emulated/0/crud_ci/public/index.php(45): CodeIgniter\CodeIgniter->run()
#12 /storage/emulated/0/crud_ci/system/Commands/Server/rewrite.php(34): require_once('/storage/emulat...')
#13 {main}
CRITICAL - 2020-07-01 20:17:11 --> {0} is not a valid rule.
#0 /storage/emulated/0/crud_ci/system/Validation/Validation.php(302): CodeIgniter\Validation\Exceptions\ValidationException::forRuleNotFound('requored')
#1 /storage/emulated/0/crud_ci/system/Validation/Validation.php(189): CodeIgniter\Validation\Validation->processRules('alamat', 'alamat', 'Ghg', Array, Array)
#2 /storage/emulated/0/crud_ci/system/Controller.php(219): CodeIgniter\Validation\Validation->run()
#3 /storage/emulated/0/crud_ci/app/Controllers/Siswa.php(24): CodeIgniter\Controller->validate(Array)
#4 /storage/emulated/0/crud_ci/system/CodeIgniter.php(914): App\Controllers\Siswa->create()
#5 /storage/emulated/0/crud_ci/system/CodeIgniter.php(400): CodeIgniter\CodeIgniter->runController(Object(App\Controllers\Siswa))
#6 /storage/emulated/0/crud_ci/system/CodeIgniter.php(308): CodeIgniter\CodeIgniter->handleRequest(NULL, Object(Config\Cache), false)
#7 /storage/emulated/0/crud_ci/public/index.php(45): CodeIgniter\CodeIgniter->run()
#8 /storage/emulated/0/crud_ci/system/Commands/Server/rewrite.php(34): require_once('/storage/emulat...')
#9 {main}
CRITICAL - 2020-07-01 20:22:00 --> {0} is not a valid rule.
#0 /storage/emulated/0/crud_ci/system/Validation/Validation.php(302): CodeIgniter\Validation\Exceptions\ValidationException::forRuleNotFound('requored')
#1 /storage/emulated/0/crud_ci/system/Validation/Validation.php(189): CodeIgniter\Validation\Validation->processRules('alamat', 'alamat', 'Ghg', Array, Array)
#2 /storage/emulated/0/crud_ci/system/Controller.php(219): CodeIgniter\Validation\Validation->run()
#3 /storage/emulated/0/crud_ci/app/Controllers/Siswa.php(24): CodeIgniter\Controller->validate(Array)
#4 /storage/emulated/0/crud_ci/system/CodeIgniter.php(914): App\Controllers\Siswa->create()
#5 /storage/emulated/0/crud_ci/system/CodeIgniter.php(400): CodeIgniter\CodeIgniter->runController(Object(App\Controllers\Siswa))
#6 /storage/emulated/0/crud_ci/system/CodeIgniter.php(308): CodeIgniter\CodeIgniter->handleRequest(NULL, Object(Config\Cache), false)
#7 /storage/emulated/0/crud_ci/public/index.php(45): CodeIgniter\CodeIgniter->run()
#8 /storage/emulated/0/crud_ci/system/Commands/Server/rewrite.php(34): require_once('/storage/emulat...')
#9 {main}
CRITICAL - 2020-07-01 20:22:18 --> Failed to create(read) session ID: user (path: /storage/emulated/0/crud_ci/writable/session)
#0 /storage/emulated/0/crud_ci/system/Session/Session.php(434): session_regenerate_id(false)
#1 /storage/emulated/0/crud_ci/system/Session/Session.php(253): CodeIgniter\Session\Session->regenerate(false)
#2 /storage/emulated/0/crud_ci/system/Config/Services.php(771): CodeIgniter\Session\Session->start()
#3 /storage/emulated/0/crud_ci/system/Config/BaseService.php(123): CodeIgniter\Config\Services::session(Object(Config\App), false)
#4 /storage/emulated/0/crud_ci/system/Config/Services.php(752): CodeIgniter\Config\BaseService::getSharedInstance('session', NULL)
#5 /storage/emulated/0/crud_ci/system/Common.php(894): CodeIgniter\Config\Services::session()
#6 /storage/emulated/0/crud_ci/app/Views/components/alert.php(1): session('success')
#7 /storage/emulated/0/crud_ci/system/View/View.php(246): include('/storage/emulat...')
#8 /storage/emulated/0/crud_ci/system/View/View.php(525): CodeIgniter\View\View->render('components/aler...', NULL, true)
#9 /storage/emulated/0/crud_ci/app/Views/pages/index.php(15): CodeIgniter\View\View->include('components/aler...')
#10 /storage/emulated/0/crud_ci/system/View/View.php(246): include('/storage/emulat...')
#11 /storage/emulated/0/crud_ci/system/Common.php(1087): CodeIgniter\View\View->render('pages/index', Array, true)
#12 /storage/emulated/0/crud_ci/app/Controllers/Siswa.php(19): view('pages/index', Array)
#13 /storage/emulated/0/crud_ci/system/CodeIgniter.php(914): App\Controllers\Siswa->index()
#14 /storage/emulated/0/crud_ci/system/CodeIgniter.php(400): CodeIgniter\CodeIgniter->runController(Object(App\Controllers\Siswa))
#15 /storage/emulated/0/crud_ci/system/CodeIgniter.php(308): CodeIgniter\CodeIgniter->handleRequest(NULL, Object(Config\Cache), false)
#16 /storage/emulated/0/crud_ci/public/index.php(45): CodeIgniter\CodeIgniter->run()
#17 /storage/emulated/0/crud_ci/system/Commands/Server/rewrite.php(34): require_once('/storage/emulat...')
#18 {main}
CRITICAL - 2020-07-01 20:22:30 --> {0} is not a valid rule.
#0 /storage/emulated/0/crud_ci/system/Validation/Validation.php(302): CodeIgniter\Validation\Exceptions\ValidationException::forRuleNotFound('requored')
#1 /storage/emulated/0/crud_ci/system/Validation/Validation.php(189): CodeIgniter\Validation\Validation->processRules('alamat', 'alamat', '', Array, Array)
#2 /storage/emulated/0/crud_ci/system/Controller.php(219): CodeIgniter\Validation\Validation->run()
#3 /storage/emulated/0/crud_ci/app/Controllers/Siswa.php(24): CodeIgniter\Controller->validate(Array)
#4 /storage/emulated/0/crud_ci/system/CodeIgniter.php(914): App\Controllers\Siswa->create()
#5 /storage/emulated/0/crud_ci/system/CodeIgniter.php(400): CodeIgniter\CodeIgniter->runController(Object(App\Controllers\Siswa))
#6 /storage/emulated/0/crud_ci/system/CodeIgniter.php(308): CodeIgniter\CodeIgniter->handleRequest(NULL, Object(Config\Cache), false)
#7 /storage/emulated/0/crud_ci/public/index.php(45): CodeIgniter\CodeIgniter->run()
#8 /storage/emulated/0/crud_ci/system/Commands/Server/rewrite.php(34): require_once('/storage/emulat...')
#9 {main}
CRITICAL - 2020-07-01 20:22:39 --> {0} is not a valid rule.
#0 /storage/emulated/0/crud_ci/system/Validation/Validation.php(302): CodeIgniter\Validation\Exceptions\ValidationException::forRuleNotFound('requored')
#1 /storage/emulated/0/crud_ci/system/Validation/Validation.php(189): CodeIgniter\Validation\Validation->processRules('alamat', 'alamat', '', Array, Array)
#2 /storage/emulated/0/crud_ci/system/Controller.php(219): CodeIgniter\Validation\Validation->run()
#3 /storage/emulated/0/crud_ci/app/Controllers/Siswa.php(24): CodeIgniter\Controller->validate(Array)
#4 /storage/emulated/0/crud_ci/system/CodeIgniter.php(914): App\Controllers\Siswa->create()
#5 /storage/emulated/0/crud_ci/system/CodeIgniter.php(400): CodeIgniter\CodeIgniter->runController(Object(App\Controllers\Siswa))
#6 /storage/emulated/0/crud_ci/system/CodeIgniter.php(308): CodeIgniter\CodeIgniter->handleRequest(NULL, Object(Config\Cache), false)
#7 /storage/emulated/0/crud_ci/public/index.php(45): CodeIgniter\CodeIgniter->run()
#8 /storage/emulated/0/crud_ci/system/Commands/Server/rewrite.php(34): require_once('/storage/emulat...')
#9 {main}
CRITICAL - 2020-07-01 20:22:49 --> {0} is not a valid rule.
#0 /storage/emulated/0/crud_ci/system/Validation/Validation.php(302): CodeIgniter\Validation\Exceptions\ValidationException::forRuleNotFound('requored')
#1 /storage/emulated/0/crud_ci/system/Validation/Validation.php(189): CodeIgniter\Validation\Validation->processRules('alamat', 'alamat', 'Ggg', Array, Array)
#2 /storage/emulated/0/crud_ci/system/Controller.php(219): CodeIgniter\Validation\Validation->run()
#3 /storage/emulated/0/crud_ci/app/Controllers/Siswa.php(24): CodeIgniter\Controller->validate(Array)
#4 /storage/emulated/0/crud_ci/system/CodeIgniter.php(914): App\Controllers\Siswa->create()
#5 /storage/emulated/0/crud_ci/system/CodeIgniter.php(400): CodeIgniter\CodeIgniter->runController(Object(App\Controllers\Siswa))
#6 /storage/emulated/0/crud_ci/system/CodeIgniter.php(308): CodeIgniter\CodeIgniter->handleRequest(NULL, Object(Config\Cache), false)
#7 /storage/emulated/0/crud_ci/public/index.php(45): CodeIgniter\CodeIgniter->run()
#8 /storage/emulated/0/crud_ci/system/Commands/Server/rewrite.php(34): require_once('/storage/emulat...')
#9 {main}
CRITICAL - 2020-07-01 20:24:45 --> {0} is not a valid rule.
#0 /storage/emulated/0/crud_ci/system/Validation/Validation.php(302): CodeIgniter\Validation\Exceptions\ValidationException::forRuleNotFound('requored')
#1 /storage/emulated/0/crud_ci/system/Validation/Validation.php(189): CodeIgniter\Validation\Validation->processRules('alamat', 'alamat', '', Array, Array)
#2 /storage/emulated/0/crud_ci/system/Controller.php(219): CodeIgniter\Validation\Validation->run()
#3 /storage/emulated/0/crud_ci/app/Controllers/Siswa.php(24): CodeIgniter\Controller->validate(Array)
#4 /storage/emulated/0/crud_ci/system/CodeIgniter.php(914): App\Controllers\Siswa->create()
#5 /storage/emulated/0/crud_ci/system/CodeIgniter.php(400): CodeIgniter\CodeIgniter->runController(Object(App\Controllers\Siswa))
#6 /storage/emulated/0/crud_ci/system/CodeIgniter.php(308): CodeIgniter\CodeIgniter->handleRequest(NULL, Object(Config\Cache), false)
#7 /storage/emulated/0/crud_ci/public/index.php(45): CodeIgniter\CodeIgniter->run()
#8 /storage/emulated/0/crud_ci/system/Commands/Server/rewrite.php(34): require_once('/storage/emulat...')
#9 {main}
CRITICAL - 2020-07-01 20:30:05 --> {0} is not a valid rule.
#0 /storage/emulated/0/crud_ci/system/Validation/Validation.php(302): CodeIgniter\Validation\Exceptions\ValidationException::forRuleNotFound('requored')
#1 /storage/emulated/0/crud_ci/system/Validation/Validation.php(189): CodeIgniter\Validation\Validation->processRules('alamat', 'alamat', '', Array, Array)
#2 /storage/emulated/0/crud_ci/system/Controller.php(219): CodeIgniter\Validation\Validation->run()
#3 /storage/emulated/0/crud_ci/app/Controllers/Siswa.php(59): CodeIgniter\Controller->validate(Array)
#4 /storage/emulated/0/crud_ci/system/CodeIgniter.php(914): App\Controllers\Siswa->update('3')
#5 /storage/emulated/0/crud_ci/system/CodeIgniter.php(400): CodeIgniter\CodeIgniter->runController(Object(App\Controllers\Siswa))
#6 /storage/emulated/0/crud_ci/system/CodeIgniter.php(308): CodeIgniter\CodeIgniter->handleRequest(NULL, Object(Config\Cache), false)
#7 /storage/emulated/0/crud_ci/public/index.php(45): CodeIgniter\CodeIgniter->run()
#8 /storage/emulated/0/crud_ci/system/Commands/Server/rewrite.php(34): require_once('/storage/emulat...')
#9 {main}
CRITICAL - 2020-07-01 20:37:12 --> Column 'nama' cannot be null
#0 /storage/emulated/0/crud_ci/system/Database/MySQLi/Connection.php(331): mysqli->query('INSERT INTO `si...')
#1 /storage/emulated/0/crud_ci/system/Database/BaseConnection.php(738): CodeIgniter\Database\MySQLi\Connection->execute('INSERT INTO `si...')
#2 /storage/emulated/0/crud_ci/system/Database/BaseConnection.php(666): CodeIgniter\Database\BaseConnection->simpleQuery('INSERT INTO `si...')
#3 /storage/emulated/0/crud_ci/system/Database/BaseBuilder.php(2234): CodeIgniter\Database\BaseConnection->query('INSERT INTO `si...', Array, false)
#4 /storage/emulated/0/crud_ci/system/Model.php(729): CodeIgniter\Database\BaseBuilder->insert()
#5 /storage/emulated/0/crud_ci/app/Controllers/Siswa.php(27): CodeIgniter\Model->insert(Array)
#6 /storage/emulated/0/crud_ci/system/CodeIgniter.php(914): App\Controllers\Siswa->create()
#7 /storage/emulated/0/crud_ci/system/CodeIgniter.php(400): CodeIgniter\CodeIgniter->runController(Object(App\Controllers\Siswa))
#8 /storage/emulated/0/crud_ci/system/CodeIgniter.php(308): CodeIgniter\CodeIgniter->handleRequest(NULL, Object(Config\Cache), false)
#9 /storage/emulated/0/crud_ci/public/index.php(45): CodeIgniter\CodeIgniter->run()
#10 /storage/emulated/0/crud_ci/system/Commands/Server/rewrite.php(34): require_once('/storage/emulat...')
#11 {main}
CRITICAL - 2020-07-01 20:37:15 --> Column 'nama' cannot be null
#0 /storage/emulated/0/crud_ci/system/Database/MySQLi/Connection.php(331): mysqli->query('INSERT INTO `si...')
#1 /storage/emulated/0/crud_ci/system/Database/BaseConnection.php(738): CodeIgniter\Database\MySQLi\Connection->execute('INSERT INTO `si...')
#2 /storage/emulated/0/crud_ci/system/Database/BaseConnection.php(666): CodeIgniter\Database\BaseConnection->simpleQuery('INSERT INTO `si...')
#3 /storage/emulated/0/crud_ci/system/Database/BaseBuilder.php(2234): CodeIgniter\Database\BaseConnection->query('INSERT INTO `si...', Array, false)
#4 /storage/emulated/0/crud_ci/system/Model.php(729): CodeIgniter\Database\BaseBuilder->insert()
#5 /storage/emulated/0/crud_ci/app/Controllers/Siswa.php(27): CodeIgniter\Model->insert(Array)
#6 /storage/emulated/0/crud_ci/system/CodeIgniter.php(914): App\Controllers\Siswa->create()
#7 /storage/emulated/0/crud_ci/system/CodeIgniter.php(400): CodeIgniter\CodeIgniter->runController(Object(App\Controllers\Siswa))
#8 /storage/emulated/0/crud_ci/system/CodeIgniter.php(308): CodeIgniter\CodeIgniter->handleRequest(NULL, Object(Config\Cache), false)
#9 /storage/emulated/0/crud_ci/public/index.php(45): CodeIgniter\CodeIgniter->run()
#10 /storage/emulated/0/crud_ci/system/Commands/Server/rewrite.php(34): require_once('/storage/emulat...')
#11 {main}
CRITICAL - 2020-07-01 20:39:00 --> Failed to create(read) session ID: user (path: /storage/emulated/0/crud_ci/writable/session)
#0 /storage/emulated/0/crud_ci/system/Session/Session.php(434): session_regenerate_id(false)
#1 /storage/emulated/0/crud_ci/system/Session/Session.php(253): CodeIgniter\Session\Session->regenerate(false)
#2 /storage/emulated/0/crud_ci/system/Config/Services.php(771): CodeIgniter\Session\Session->start()
#3 /storage/emulated/0/crud_ci/system/Config/BaseService.php(123): CodeIgniter\Config\Services::session(Object(Config\App), false)
#4 /storage/emulated/0/crud_ci/system/Config/Services.php(752): CodeIgniter\Config\BaseService::getSharedInstance('session', NULL)
#5 /storage/emulated/0/crud_ci/system/Common.php(894): CodeIgniter\Config\Services::session()
#6 /storage/emulated/0/crud_ci/app/Views/components/alert.php(1): session('success')
#7 /storage/emulated/0/crud_ci/system/View/View.php(246): include('/storage/emulat...')
#8 /storage/emulated/0/crud_ci/system/View/View.php(525): CodeIgniter\View\View->render('components/aler...', NULL, true)
#9 /storage/emulated/0/crud_ci/app/Views/pages/index.php(15): CodeIgniter\View\View->include('components/aler...')
#10 /storage/emulated/0/crud_ci/system/View/View.php(246): include('/storage/emulat...')
#11 /storage/emulated/0/crud_ci/system/Common.php(1087): CodeIgniter\View\View->render('pages/index', Array, true)
#12 /storage/emulated/0/crud_ci/app/Controllers/Siswa.php(19): view('pages/index', Array)
#13 /storage/emulated/0/crud_ci/system/CodeIgniter.php(914): App\Controllers\Siswa->index()
#14 /storage/emulated/0/crud_ci/system/CodeIgniter.php(400): CodeIgniter\CodeIgniter->runController(Object(App\Controllers\Siswa))
#15 /storage/emulated/0/crud_ci/system/CodeIgniter.php(308): CodeIgniter\CodeIgniter->handleRequest(NULL, Object(Config\Cache), false)
#16 /storage/emulated/0/crud_ci/public/index.php(45): CodeIgniter\CodeIgniter->run()
#17 /storage/emulated/0/crud_ci/system/Commands/Server/rewrite.php(34): require_once('/storage/emulat...')
#18 {main}
