CRITICAL - 2020-07-02 10:43:08 --> chmod(): Operation not permitted
#0 [internal function]: CodeIgniter\Debug\Exceptions->errorHandler(2, 'chmod(): Operat...', '/storage/emulat...', 198, Array)
#1 /storage/emulated/0/crud_ci/system/Session/Handlers/FileHandler.php(198): chmod('/storage/emulat...', 384)
#2 [internal function]: CodeIgniter\Session\Handlers\FileHandler->read('16cd1d54092e0b7...')
#3 /storage/emulated/0/crud_ci/system/Session/Session.php(1005): session_start()
#4 /storage/emulated/0/crud_ci/system/Session/Session.php(240): CodeIgniter\Session\Session->startSession()
#5 /storage/emulated/0/crud_ci/system/Config/Services.php(771): CodeIgniter\Session\Session->start()
#6 /storage/emulated/0/crud_ci/system/Config/BaseService.php(123): CodeIgniter\Config\Services::session(Object(Config\App), false)
#7 /storage/emulated/0/crud_ci/system/Config/Services.php(752): CodeIgniter\Config\BaseService::getSharedInstance('session', NULL)
#8 /storage/emulated/0/crud_ci/system/Common.php(894): CodeIgniter\Config\Services::session()
#9 /storage/emulated/0/crud_ci/app/Views/components/alert.php(1): session('success')
#10 /storage/emulated/0/crud_ci/system/View/View.php(246): include('/storage/emulat...')
#11 /storage/emulated/0/crud_ci/system/View/View.php(525): CodeIgniter\View\View->render('components/aler...', NULL, true)
#12 /storage/emulated/0/crud_ci/app/Views/pages/index.php(15): CodeIgniter\View\View->include('components/aler...')
#13 /storage/emulated/0/crud_ci/system/View/View.php(246): include('/storage/emulat...')
#14 /storage/emulated/0/crud_ci/system/Common.php(1087): CodeIgniter\View\View->render('pages/index', Array, true)
#15 /storage/emulated/0/crud_ci/app/Controllers/Siswa.php(19): view('pages/index', Array)
#16 /storage/emulated/0/crud_ci/system/CodeIgniter.php(914): App\Controllers\Siswa->index()
#17 /storage/emulated/0/crud_ci/system/CodeIgniter.php(400): CodeIgniter\CodeIgniter->runController(Object(App\Controllers\Siswa))
#18 /storage/emulated/0/crud_ci/system/CodeIgniter.php(308): CodeIgniter\CodeIgniter->handleRequest(NULL, Object(Config\Cache), false)
#19 /storage/emulated/0/crud_ci/public/index.php(45): CodeIgniter\CodeIgniter->run()
#20 /storage/emulated/0/crud_ci/system/Commands/Server/rewrite.php(34): require_once('/storage/emulat...')
#21 {main}
CRITICAL - 2020-07-02 10:43:08 --> Uncaught ErrorException: chmod(): Operation not permitted in /storage/emulated/0/crud_ci/system/Log/Handlers/FileHandler.php:157
Stack trace:
#0 [internal function]: CodeIgniter\Debug\Exceptions->errorHandler(2, 'chmod(): Operat...', '/storage/emulat...', 157, Array)
#1 /storage/emulated/0/crud_ci/system/Log/Handlers/FileHandler.php(157): chmod('/storage/emulat...', 420)
#2 /storage/emulated/0/crud_ci/system/Log/Logger.php(381): CodeIgniter\Log\Handlers\FileHandler->handle('critical', 'chmod(): Operat...')
#3 /storage/emulated/0/crud_ci/system/Common.php(724): CodeIgniter\Log\Logger->log('critical', 'chmod(): Operat...', Array)
#4 /storage/emulated/0/crud_ci/system/Debug/Exceptions.php(154): log_message('critical', 'chmod(): Operat...', Array)
#5 [internal function]: CodeIgniter\Debug\Exceptions->exceptionHandler(Object(ErrorException))
#6 {main}
  thrown
#0 [internal function]: CodeIgniter\Debug\Exceptions->shutdownHandler()
#1 {main}
CRITICAL - 2020-07-02 10:47:34 --> Invalid file: {0}
#0 /storage/emulated/0/crud_ci/system/View/View.php(228): CodeIgniter\Exceptions\FrameworkException::forInvalidFile('component/form-...')
#1 /storage/emulated/0/crud_ci/system/View/View.php(525): CodeIgniter\View\View->render('component/form-...', NULL, true)
#2 /storage/emulated/0/crud_ci/app/Views/pages/edit.php(19): CodeIgniter\View\View->include('component/form-...')
#3 /storage/emulated/0/crud_ci/system/View/View.php(246): include('/storage/emulat...')
#4 /storage/emulated/0/crud_ci/system/Common.php(1087): CodeIgniter\View\View->render('pages/edit', Array, true)
#5 /storage/emulated/0/crud_ci/app/Controllers/Siswa.php(53): view('pages/edit', Array)
#6 /storage/emulated/0/crud_ci/system/CodeIgniter.php(914): App\Controllers\Siswa->edit('3')
#7 /storage/emulated/0/crud_ci/system/CodeIgniter.php(400): CodeIgniter\CodeIgniter->runController(Object(App\Controllers\Siswa))
#8 /storage/emulated/0/crud_ci/system/CodeIgniter.php(308): CodeIgniter\CodeIgniter->handleRequest(NULL, Object(Config\Cache), false)
#9 /storage/emulated/0/crud_ci/public/index.php(45): CodeIgniter\CodeIgniter->run()
#10 /storage/emulated/0/crud_ci/system/Commands/Server/rewrite.php(34): require_once('/storage/emulat...')
#11 {main}
CRITICAL - 2020-07-02 10:47:36 --> Invalid file: {0}
#0 /storage/emulated/0/crud_ci/system/View/View.php(228): CodeIgniter\Exceptions\FrameworkException::forInvalidFile('component/form-...')
#1 /storage/emulated/0/crud_ci/system/View/View.php(525): CodeIgniter\View\View->render('component/form-...', NULL, true)
#2 /storage/emulated/0/crud_ci/app/Views/pages/edit.php(19): CodeIgniter\View\View->include('component/form-...')
#3 /storage/emulated/0/crud_ci/system/View/View.php(246): include('/storage/emulat...')
#4 /storage/emulated/0/crud_ci/system/Common.php(1087): CodeIgniter\View\View->render('pages/edit', Array, true)
#5 /storage/emulated/0/crud_ci/app/Controllers/Siswa.php(53): view('pages/edit', Array)
#6 /storage/emulated/0/crud_ci/system/CodeIgniter.php(914): App\Controllers\Siswa->edit('3')
#7 /storage/emulated/0/crud_ci/system/CodeIgniter.php(400): CodeIgniter\CodeIgniter->runController(Object(App\Controllers\Siswa))
#8 /storage/emulated/0/crud_ci/system/CodeIgniter.php(308): CodeIgniter\CodeIgniter->handleRequest(NULL, Object(Config\Cache), false)
#9 /storage/emulated/0/crud_ci/public/index.php(45): CodeIgniter\CodeIgniter->run()
#10 /storage/emulated/0/crud_ci/system/Commands/Server/rewrite.php(34): require_once('/storage/emulat...')
#11 {main}
CRITICAL - 2020-07-02 10:52:37 --> Column 'nama' cannot be null
#0 /storage/emulated/0/crud_ci/system/Database/MySQLi/Connection.php(331): mysqli->query('INSERT INTO `si...')
#1 /storage/emulated/0/crud_ci/system/Database/BaseConnection.php(738): CodeIgniter\Database\MySQLi\Connection->execute('INSERT INTO `si...')
#2 /storage/emulated/0/crud_ci/system/Database/BaseConnection.php(666): CodeIgniter\Database\BaseConnection->simpleQuery('INSERT INTO `si...')
#3 /storage/emulated/0/crud_ci/system/Database/BaseBuilder.php(2234): CodeIgniter\Database\BaseConnection->query('INSERT INTO `si...', Array, false)
#4 /storage/emulated/0/crud_ci/system/Model.php(729): CodeIgniter\Database\BaseBuilder->insert()
#5 /storage/emulated/0/crud_ci/app/Controllers/Siswa.php(27): CodeIgniter\Model->insert(Array)
#6 /storage/emulated/0/crud_ci/system/CodeIgniter.php(914): App\Controllers\Siswa->create()
#7 /storage/emulated/0/crud_ci/system/CodeIgniter.php(400): CodeIgniter\CodeIgniter->runController(Object(App\Controllers\Siswa))
#8 /storage/emulated/0/crud_ci/system/CodeIgniter.php(308): CodeIgniter\CodeIgniter->handleRequest(NULL, Object(Config\Cache), false)
#9 /storage/emulated/0/crud_ci/public/index.php(45): CodeIgniter\CodeIgniter->run()
#10 /storage/emulated/0/crud_ci/system/Commands/Server/rewrite.php(34): require_once('/storage/emulat...')
#11 {main}
CRITICAL - 2020-07-02 10:52:41 --> Column 'nama' cannot be null
#0 /storage/emulated/0/crud_ci/system/Database/MySQLi/Connection.php(331): mysqli->query('INSERT INTO `si...')
#1 /storage/emulated/0/crud_ci/system/Database/BaseConnection.php(738): CodeIgniter\Database\MySQLi\Connection->execute('INSERT INTO `si...')
#2 /storage/emulated/0/crud_ci/system/Database/BaseConnection.php(666): CodeIgniter\Database\BaseConnection->simpleQuery('INSERT INTO `si...')
#3 /storage/emulated/0/crud_ci/system/Database/BaseBuilder.php(2234): CodeIgniter\Database\BaseConnection->query('INSERT INTO `si...', Array, false)
#4 /storage/emulated/0/crud_ci/system/Model.php(729): CodeIgniter\Database\BaseBuilder->insert()
#5 /storage/emulated/0/crud_ci/app/Controllers/Siswa.php(27): CodeIgniter\Model->insert(Array)
#6 /storage/emulated/0/crud_ci/system/CodeIgniter.php(914): App\Controllers\Siswa->create()
#7 /storage/emulated/0/crud_ci/system/CodeIgniter.php(400): CodeIgniter\CodeIgniter->runController(Object(App\Controllers\Siswa))
#8 /storage/emulated/0/crud_ci/system/CodeIgniter.php(308): CodeIgniter\CodeIgniter->handleRequest(NULL, Object(Config\Cache), false)
#9 /storage/emulated/0/crud_ci/public/index.php(45): CodeIgniter\CodeIgniter->run()
#10 /storage/emulated/0/crud_ci/system/Commands/Server/rewrite.php(34): require_once('/storage/emulat...')
#11 {main}
CRITICAL - 2020-07-02 11:05:56 --> Undefined variable: key
#0 /storage/emulated/0/crud_ci/app/Views/components/modal-delete.php(20): CodeIgniter\Debug\Exceptions->errorHandler(8, 'Undefined varia...', '/storage/emulat...', 20, Array)
#1 /storage/emulated/0/crud_ci/system/View/View.php(246): include('/storage/emulat...')
#2 /storage/emulated/0/crud_ci/system/View/View.php(525): CodeIgniter\View\View->render('components/moda...', NULL, true)
#3 /storage/emulated/0/crud_ci/app/Views/components/table.php(24): CodeIgniter\View\View->include('components/moda...')
#4 /storage/emulated/0/crud_ci/system/View/View.php(246): include('/storage/emulat...')
#5 /storage/emulated/0/crud_ci/system/View/View.php(525): CodeIgniter\View\View->render('components/tabl...', NULL, true)
#6 /storage/emulated/0/crud_ci/app/Views/pages/index.php(19): CodeIgniter\View\View->include('components/tabl...')
#7 /storage/emulated/0/crud_ci/system/View/View.php(246): include('/storage/emulat...')
#8 /storage/emulated/0/crud_ci/system/Common.php(1087): CodeIgniter\View\View->render('pages/index', Array, true)
#9 /storage/emulated/0/crud_ci/app/Controllers/Siswa.php(19): view('pages/index', Array)
#10 /storage/emulated/0/crud_ci/system/CodeIgniter.php(914): App\Controllers\Siswa->index()
#11 /storage/emulated/0/crud_ci/system/CodeIgniter.php(400): CodeIgniter\CodeIgniter->runController(Object(App\Controllers\Siswa))
#12 /storage/emulated/0/crud_ci/system/CodeIgniter.php(308): CodeIgniter\CodeIgniter->handleRequest(NULL, Object(Config\Cache), false)
#13 /storage/emulated/0/crud_ci/public/index.php(45): CodeIgniter\CodeIgniter->run()
#14 /storage/emulated/0/crud_ci/system/Commands/Server/rewrite.php(34): require_once('/storage/emulat...')
#15 {main}
CRITICAL - 2020-07-02 11:05:59 --> Undefined variable: key
#0 /storage/emulated/0/crud_ci/app/Views/components/modal-delete.php(20): CodeIgniter\Debug\Exceptions->errorHandler(8, 'Undefined varia...', '/storage/emulat...', 20, Array)
#1 /storage/emulated/0/crud_ci/system/View/View.php(246): include('/storage/emulat...')
#2 /storage/emulated/0/crud_ci/system/View/View.php(525): CodeIgniter\View\View->render('components/moda...', NULL, true)
#3 /storage/emulated/0/crud_ci/app/Views/components/table.php(24): CodeIgniter\View\View->include('components/moda...')
#4 /storage/emulated/0/crud_ci/system/View/View.php(246): include('/storage/emulat...')
#5 /storage/emulated/0/crud_ci/system/View/View.php(525): CodeIgniter\View\View->render('components/tabl...', NULL, true)
#6 /storage/emulated/0/crud_ci/app/Views/pages/index.php(19): CodeIgniter\View\View->include('components/tabl...')
#7 /storage/emulated/0/crud_ci/system/View/View.php(246): include('/storage/emulat...')
#8 /storage/emulated/0/crud_ci/system/Common.php(1087): CodeIgniter\View\View->render('pages/index', Array, true)
#9 /storage/emulated/0/crud_ci/app/Controllers/Siswa.php(19): view('pages/index', Array)
#10 /storage/emulated/0/crud_ci/system/CodeIgniter.php(914): App\Controllers\Siswa->index()
#11 /storage/emulated/0/crud_ci/system/CodeIgniter.php(400): CodeIgniter\CodeIgniter->runController(Object(App\Controllers\Siswa))
#12 /storage/emulated/0/crud_ci/system/CodeIgniter.php(308): CodeIgniter\CodeIgniter->handleRequest(NULL, Object(Config\Cache), false)
#13 /storage/emulated/0/crud_ci/public/index.php(45): CodeIgniter\CodeIgniter->run()
#14 /storage/emulated/0/crud_ci/system/Commands/Server/rewrite.php(34): require_once('/storage/emulat...')
#15 {main}
CRITICAL - 2020-07-02 11:05:59 --> Undefined variable: key
#0 /storage/emulated/0/crud_ci/app/Views/components/modal-delete.php(20): CodeIgniter\Debug\Exceptions->errorHandler(8, 'Undefined varia...', '/storage/emulat...', 20, Array)
#1 /storage/emulated/0/crud_ci/system/View/View.php(246): include('/storage/emulat...')
#2 /storage/emulated/0/crud_ci/system/View/View.php(525): CodeIgniter\View\View->render('components/moda...', NULL, true)
#3 /storage/emulated/0/crud_ci/app/Views/components/table.php(24): CodeIgniter\View\View->include('components/moda...')
#4 /storage/emulated/0/crud_ci/system/View/View.php(246): include('/storage/emulat...')
#5 /storage/emulated/0/crud_ci/system/View/View.php(525): CodeIgniter\View\View->render('components/tabl...', NULL, true)
#6 /storage/emulated/0/crud_ci/app/Views/pages/index.php(19): CodeIgniter\View\View->include('components/tabl...')
#7 /storage/emulated/0/crud_ci/system/View/View.php(246): include('/storage/emulat...')
#8 /storage/emulated/0/crud_ci/system/Common.php(1087): CodeIgniter\View\View->render('pages/index', Array, true)
#9 /storage/emulated/0/crud_ci/app/Controllers/Siswa.php(19): view('pages/index', Array)
#10 /storage/emulated/0/crud_ci/system/CodeIgniter.php(914): App\Controllers\Siswa->index()
#11 /storage/emulated/0/crud_ci/system/CodeIgniter.php(400): CodeIgniter\CodeIgniter->runController(Object(App\Controllers\Siswa))
#12 /storage/emulated/0/crud_ci/system/CodeIgniter.php(308): CodeIgniter\CodeIgniter->handleRequest(NULL, Object(Config\Cache), false)
#13 /storage/emulated/0/crud_ci/public/index.php(45): CodeIgniter\CodeIgniter->run()
#14 /storage/emulated/0/crud_ci/system/Commands/Server/rewrite.php(34): require_once('/storage/emulat...')
#15 {main}
CRITICAL - 2020-07-02 11:07:51 --> Argument 2 passed to CodeIgniter\View\View::include() must be of the type array or null, string given, called in /storage/emulated/0/crud_ci/app/Views/components/table.php on line 24
#0 /storage/emulated/0/crud_ci/app/Views/components/table.php(24): CodeIgniter\View\View->include('components/moda...', '3')
#1 /storage/emulated/0/crud_ci/system/View/View.php(246): include('/storage/emulat...')
#2 /storage/emulated/0/crud_ci/system/View/View.php(525): CodeIgniter\View\View->render('components/tabl...', NULL, true)
#3 /storage/emulated/0/crud_ci/app/Views/pages/index.php(19): CodeIgniter\View\View->include('components/tabl...')
#4 /storage/emulated/0/crud_ci/system/View/View.php(246): include('/storage/emulat...')
#5 /storage/emulated/0/crud_ci/system/Common.php(1087): CodeIgniter\View\View->render('pages/index', Array, true)
#6 /storage/emulated/0/crud_ci/app/Controllers/Siswa.php(19): view('pages/index', Array)
#7 /storage/emulated/0/crud_ci/system/CodeIgniter.php(914): App\Controllers\Siswa->index()
#8 /storage/emulated/0/crud_ci/system/CodeIgniter.php(400): CodeIgniter\CodeIgniter->runController(Object(App\Controllers\Siswa))
#9 /storage/emulated/0/crud_ci/system/CodeIgniter.php(308): CodeIgniter\CodeIgniter->handleRequest(NULL, Object(Config\Cache), false)
#10 /storage/emulated/0/crud_ci/public/index.php(45): CodeIgniter\CodeIgniter->run()
#11 /storage/emulated/0/crud_ci/system/Commands/Server/rewrite.php(34): require_once('/storage/emulat...')
#12 {main}
CRITICAL - 2020-07-02 11:07:55 --> Argument 2 passed to CodeIgniter\View\View::include() must be of the type array or null, string given, called in /storage/emulated/0/crud_ci/app/Views/components/table.php on line 24
#0 /storage/emulated/0/crud_ci/app/Views/components/table.php(24): CodeIgniter\View\View->include('components/moda...', '3')
#1 /storage/emulated/0/crud_ci/system/View/View.php(246): include('/storage/emulat...')
#2 /storage/emulated/0/crud_ci/system/View/View.php(525): CodeIgniter\View\View->render('components/tabl...', NULL, true)
#3 /storage/emulated/0/crud_ci/app/Views/pages/index.php(19): CodeIgniter\View\View->include('components/tabl...')
#4 /storage/emulated/0/crud_ci/system/View/View.php(246): include('/storage/emulat...')
#5 /storage/emulated/0/crud_ci/system/Common.php(1087): CodeIgniter\View\View->render('pages/index', Array, true)
#6 /storage/emulated/0/crud_ci/app/Controllers/Siswa.php(19): view('pages/index', Array)
#7 /storage/emulated/0/crud_ci/system/CodeIgniter.php(914): App\Controllers\Siswa->index()
#8 /storage/emulated/0/crud_ci/system/CodeIgniter.php(400): CodeIgniter\CodeIgniter->runController(Object(App\Controllers\Siswa))
#9 /storage/emulated/0/crud_ci/system/CodeIgniter.php(308): CodeIgniter\CodeIgniter->handleRequest(NULL, Object(Config\Cache), false)
#10 /storage/emulated/0/crud_ci/public/index.php(45): CodeIgniter\CodeIgniter->run()
#11 /storage/emulated/0/crud_ci/system/Commands/Server/rewrite.php(34): require_once('/storage/emulat...')
#12 {main}
CRITICAL - 2020-07-02 11:07:56 --> Argument 2 passed to CodeIgniter\View\View::include() must be of the type array or null, string given, called in /storage/emulated/0/crud_ci/app/Views/components/table.php on line 24
#0 /storage/emulated/0/crud_ci/app/Views/components/table.php(24): CodeIgniter\View\View->include('components/moda...', '3')
#1 /storage/emulated/0/crud_ci/system/View/View.php(246): include('/storage/emulat...')
#2 /storage/emulated/0/crud_ci/system/View/View.php(525): CodeIgniter\View\View->render('components/tabl...', NULL, true)
#3 /storage/emulated/0/crud_ci/app/Views/pages/index.php(19): CodeIgniter\View\View->include('components/tabl...')
#4 /storage/emulated/0/crud_ci/system/View/View.php(246): include('/storage/emulat...')
#5 /storage/emulated/0/crud_ci/system/Common.php(1087): CodeIgniter\View\View->render('pages/index', Array, true)
#6 /storage/emulated/0/crud_ci/app/Controllers/Siswa.php(19): view('pages/index', Array)
#7 /storage/emulated/0/crud_ci/system/CodeIgniter.php(914): App\Controllers\Siswa->index()
#8 /storage/emulated/0/crud_ci/system/CodeIgniter.php(400): CodeIgniter\CodeIgniter->runController(Object(App\Controllers\Siswa))
#9 /storage/emulated/0/crud_ci/system/CodeIgniter.php(308): CodeIgniter\CodeIgniter->handleRequest(NULL, Object(Config\Cache), false)
#10 /storage/emulated/0/crud_ci/public/index.php(45): CodeIgniter\CodeIgniter->run()
#11 /storage/emulated/0/crud_ci/system/Commands/Server/rewrite.php(34): require_once('/storage/emulat...')
#12 {main}
CRITICAL - 2020-07-02 13:31:09 --> chmod(): Operation not permitted
#0 [internal function]: CodeIgniter\Debug\Exceptions->errorHandler(2, 'chmod(): Operat...', '/storage/emulat...', 198, Array)
#1 /storage/emulated/0/crud_ci/system/Session/Handlers/FileHandler.php(198): chmod('/storage/emulat...', 384)
#2 [internal function]: CodeIgniter\Session\Handlers\FileHandler->read('11f12bacf2ceffe...')
#3 /storage/emulated/0/crud_ci/system/Session/Session.php(1005): session_start()
#4 /storage/emulated/0/crud_ci/system/Session/Session.php(240): CodeIgniter\Session\Session->startSession()
#5 /storage/emulated/0/crud_ci/system/Config/Services.php(771): CodeIgniter\Session\Session->start()
#6 /storage/emulated/0/crud_ci/system/Config/BaseService.php(123): CodeIgniter\Config\Services::session(Object(Config\App), false)
#7 /storage/emulated/0/crud_ci/system/Config/Services.php(752): CodeIgniter\Config\BaseService::getSharedInstance('session', NULL)
#8 /storage/emulated/0/crud_ci/system/Common.php(894): CodeIgniter\Config\Services::session()
#9 /storage/emulated/0/crud_ci/app/Views/components/alert.php(1): session('success')
#10 /storage/emulated/0/crud_ci/system/View/View.php(246): include('/storage/emulat...')
#11 /storage/emulated/0/crud_ci/system/View/View.php(525): CodeIgniter\View\View->render('components/aler...', NULL, true)
#12 /storage/emulated/0/crud_ci/app/Views/pages/index.php(15): CodeIgniter\View\View->include('components/aler...')
#13 /storage/emulated/0/crud_ci/system/View/View.php(246): include('/storage/emulat...')
#14 /storage/emulated/0/crud_ci/system/Common.php(1087): CodeIgniter\View\View->render('pages/index', Array, true)
#15 /storage/emulated/0/crud_ci/app/Controllers/Siswa.php(19): view('pages/index', Array)
#16 /storage/emulated/0/crud_ci/system/CodeIgniter.php(914): App\Controllers\Siswa->index()
#17 /storage/emulated/0/crud_ci/system/CodeIgniter.php(400): CodeIgniter\CodeIgniter->runController(Object(App\Controllers\Siswa))
#18 /storage/emulated/0/crud_ci/system/CodeIgniter.php(308): CodeIgniter\CodeIgniter->handleRequest(NULL, Object(Config\Cache), false)
#19 /storage/emulated/0/crud_ci/public/index.php(45): CodeIgniter\CodeIgniter->run()
#20 /storage/emulated/0/crud_ci/system/Commands/Server/rewrite.php(34): require_once('/storage/emulat...')
#21 {main}
CRITICAL - 2020-07-02 13:31:10 --> chmod(): Operation not permitted
#0 [internal function]: CodeIgniter\Debug\Exceptions->errorHandler(2, 'chmod(): Operat...', '/storage/emulat...', 198, Array)
#1 /storage/emulated/0/crud_ci/system/Session/Handlers/FileHandler.php(198): chmod('/storage/emulat...', 384)
#2 [internal function]: CodeIgniter\Session\Handlers\FileHandler->read('b62543006f55f9d...')
#3 /storage/emulated/0/crud_ci/system/Session/Session.php(1005): session_start()
#4 /storage/emulated/0/crud_ci/system/Session/Session.php(240): CodeIgniter\Session\Session->startSession()
#5 /storage/emulated/0/crud_ci/system/Config/Services.php(771): CodeIgniter\Session\Session->start()
#6 /storage/emulated/0/crud_ci/system/Config/BaseService.php(123): CodeIgniter\Config\Services::session(Object(Config\App), false)
#7 /storage/emulated/0/crud_ci/system/Config/Services.php(752): CodeIgniter\Config\BaseService::getSharedInstance('session', NULL)
#8 /storage/emulated/0/crud_ci/system/Common.php(894): CodeIgniter\Config\Services::session()
#9 /storage/emulated/0/crud_ci/app/Views/components/alert.php(1): session('success')
#10 /storage/emulated/0/crud_ci/system/View/View.php(246): include('/storage/emulat...')
#11 /storage/emulated/0/crud_ci/system/View/View.php(525): CodeIgniter\View\View->render('components/aler...', NULL, true)
#12 /storage/emulated/0/crud_ci/app/Views/pages/index.php(15): CodeIgniter\View\View->include('components/aler...')
#13 /storage/emulated/0/crud_ci/system/View/View.php(246): include('/storage/emulat...')
#14 /storage/emulated/0/crud_ci/system/Common.php(1087): CodeIgniter\View\View->render('pages/index', Array, true)
#15 /storage/emulated/0/crud_ci/app/Controllers/Siswa.php(19): view('pages/index', Array)
#16 /storage/emulated/0/crud_ci/system/CodeIgniter.php(914): App\Controllers\Siswa->index()
#17 /storage/emulated/0/crud_ci/system/CodeIgniter.php(400): CodeIgniter\CodeIgniter->runController(Object(App\Controllers\Siswa))
#18 /storage/emulated/0/crud_ci/system/CodeIgniter.php(308): CodeIgniter\CodeIgniter->handleRequest(NULL, Object(Config\Cache), false)
#19 /storage/emulated/0/crud_ci/public/index.php(45): CodeIgniter\CodeIgniter->run()
#20 /storage/emulated/0/crud_ci/system/Commands/Server/rewrite.php(34): require_once('/storage/emulat...')
#21 {main}
CRITICAL - 2020-07-02 13:33:08 --> Undefined variable: key
#0 /storage/emulated/0/crud_ci/app/Views/components/modal-delete.php(21): CodeIgniter\Debug\Exceptions->errorHandler(8, 'Undefined varia...', '/storage/emulat...', 21, Array)
#1 /storage/emulated/0/crud_ci/system/View/View.php(246): include('/storage/emulat...')
#2 /storage/emulated/0/crud_ci/system/View/View.php(525): CodeIgniter\View\View->render('components/moda...', NULL, true)
#3 /storage/emulated/0/crud_ci/app/Views/components/table.php(25): CodeIgniter\View\View->include('components/moda...')
#4 /storage/emulated/0/crud_ci/system/View/View.php(246): include('/storage/emulat...')
#5 /storage/emulated/0/crud_ci/system/View/View.php(525): CodeIgniter\View\View->render('components/tabl...', NULL, true)
#6 /storage/emulated/0/crud_ci/app/Views/pages/index.php(19): CodeIgniter\View\View->include('components/tabl...')
#7 /storage/emulated/0/crud_ci/system/View/View.php(246): include('/storage/emulat...')
#8 /storage/emulated/0/crud_ci/system/Common.php(1087): CodeIgniter\View\View->render('pages/index', Array, true)
#9 /storage/emulated/0/crud_ci/app/Controllers/Siswa.php(19): view('pages/index', Array)
#10 /storage/emulated/0/crud_ci/system/CodeIgniter.php(914): App\Controllers\Siswa->index()
#11 /storage/emulated/0/crud_ci/system/CodeIgniter.php(400): CodeIgniter\CodeIgniter->runController(Object(App\Controllers\Siswa))
#12 /storage/emulated/0/crud_ci/system/CodeIgniter.php(308): CodeIgniter\CodeIgniter->handleRequest(NULL, Object(Config\Cache), false)
#13 /storage/emulated/0/crud_ci/public/index.php(45): CodeIgniter\CodeIgniter->run()
#14 /storage/emulated/0/crud_ci/system/Commands/Server/rewrite.php(34): require_once('/storage/emulat...')
#15 {main}
CRITICAL - 2020-07-02 13:33:08 --> Undefined variable: key
#0 /storage/emulated/0/crud_ci/app/Views/components/modal-delete.php(21): CodeIgniter\Debug\Exceptions->errorHandler(8, 'Undefined varia...', '/storage/emulat...', 21, Array)
#1 /storage/emulated/0/crud_ci/system/View/View.php(246): include('/storage/emulat...')
#2 /storage/emulated/0/crud_ci/system/View/View.php(525): CodeIgniter\View\View->render('components/moda...', NULL, true)
#3 /storage/emulated/0/crud_ci/app/Views/components/table.php(25): CodeIgniter\View\View->include('components/moda...')
#4 /storage/emulated/0/crud_ci/system/View/View.php(246): include('/storage/emulat...')
#5 /storage/emulated/0/crud_ci/system/View/View.php(525): CodeIgniter\View\View->render('components/tabl...', NULL, true)
#6 /storage/emulated/0/crud_ci/app/Views/pages/index.php(19): CodeIgniter\View\View->include('components/tabl...')
#7 /storage/emulated/0/crud_ci/system/View/View.php(246): include('/storage/emulat...')
#8 /storage/emulated/0/crud_ci/system/Common.php(1087): CodeIgniter\View\View->render('pages/index', Array, true)
#9 /storage/emulated/0/crud_ci/app/Controllers/Siswa.php(19): view('pages/index', Array)
#10 /storage/emulated/0/crud_ci/system/CodeIgniter.php(914): App\Controllers\Siswa->index()
#11 /storage/emulated/0/crud_ci/system/CodeIgniter.php(400): CodeIgniter\CodeIgniter->runController(Object(App\Controllers\Siswa))
#12 /storage/emulated/0/crud_ci/system/CodeIgniter.php(308): CodeIgniter\CodeIgniter->handleRequest(NULL, Object(Config\Cache), false)
#13 /storage/emulated/0/crud_ci/public/index.php(45): CodeIgniter\CodeIgniter->run()
#14 /storage/emulated/0/crud_ci/system/Commands/Server/rewrite.php(34): require_once('/storage/emulat...')
#15 {main}
CRITICAL - 2020-07-02 13:33:10 --> Undefined variable: key
#0 /storage/emulated/0/crud_ci/app/Views/components/modal-delete.php(21): CodeIgniter\Debug\Exceptions->errorHandler(8, 'Undefined varia...', '/storage/emulat...', 21, Array)
#1 /storage/emulated/0/crud_ci/system/View/View.php(246): include('/storage/emulat...')
#2 /storage/emulated/0/crud_ci/system/View/View.php(525): CodeIgniter\View\View->render('components/moda...', NULL, true)
#3 /storage/emulated/0/crud_ci/app/Views/components/table.php(25): CodeIgniter\View\View->include('components/moda...')
#4 /storage/emulated/0/crud_ci/system/View/View.php(246): include('/storage/emulat...')
#5 /storage/emulated/0/crud_ci/system/View/View.php(525): CodeIgniter\View\View->render('components/tabl...', NULL, true)
#6 /storage/emulated/0/crud_ci/app/Views/pages/index.php(19): CodeIgniter\View\View->include('components/tabl...')
#7 /storage/emulated/0/crud_ci/system/View/View.php(246): include('/storage/emulat...')
#8 /storage/emulated/0/crud_ci/system/Common.php(1087): CodeIgniter\View\View->render('pages/index', Array, true)
#9 /storage/emulated/0/crud_ci/app/Controllers/Siswa.php(19): view('pages/index', Array)
#10 /storage/emulated/0/crud_ci/system/CodeIgniter.php(914): App\Controllers\Siswa->index()
#11 /storage/emulated/0/crud_ci/system/CodeIgniter.php(400): CodeIgniter\CodeIgniter->runController(Object(App\Controllers\Siswa))
#12 /storage/emulated/0/crud_ci/system/CodeIgniter.php(308): CodeIgniter\CodeIgniter->handleRequest(NULL, Object(Config\Cache), false)
#13 /storage/emulated/0/crud_ci/public/index.php(45): CodeIgniter\CodeIgniter->run()
#14 /storage/emulated/0/crud_ci/system/Commands/Server/rewrite.php(34): require_once('/storage/emulat...')
#15 {main}
CRITICAL - 2020-07-02 13:33:11 --> Undefined variable: key
#0 /storage/emulated/0/crud_ci/app/Views/components/modal-delete.php(21): CodeIgniter\Debug\Exceptions->errorHandler(8, 'Undefined varia...', '/storage/emulat...', 21, Array)
#1 /storage/emulated/0/crud_ci/system/View/View.php(246): include('/storage/emulat...')
#2 /storage/emulated/0/crud_ci/system/View/View.php(525): CodeIgniter\View\View->render('components/moda...', NULL, true)
#3 /storage/emulated/0/crud_ci/app/Views/components/table.php(25): CodeIgniter\View\View->include('components/moda...')
#4 /storage/emulated/0/crud_ci/system/View/View.php(246): include('/storage/emulat...')
#5 /storage/emulated/0/crud_ci/system/View/View.php(525): CodeIgniter\View\View->render('components/tabl...', NULL, true)
#6 /storage/emulated/0/crud_ci/app/Views/pages/index.php(19): CodeIgniter\View\View->include('components/tabl...')
#7 /storage/emulated/0/crud_ci/system/View/View.php(246): include('/storage/emulat...')
#8 /storage/emulated/0/crud_ci/system/Common.php(1087): CodeIgniter\View\View->render('pages/index', Array, true)
#9 /storage/emulated/0/crud_ci/app/Controllers/Siswa.php(19): view('pages/index', Array)
#10 /storage/emulated/0/crud_ci/system/CodeIgniter.php(914): App\Controllers\Siswa->index()
#11 /storage/emulated/0/crud_ci/system/CodeIgniter.php(400): CodeIgniter\CodeIgniter->runController(Object(App\Controllers\Siswa))
#12 /storage/emulated/0/crud_ci/system/CodeIgniter.php(308): CodeIgniter\CodeIgniter->handleRequest(NULL, Object(Config\Cache), false)
#13 /storage/emulated/0/crud_ci/public/index.php(45): CodeIgniter\CodeIgniter->run()
#14 /storage/emulated/0/crud_ci/system/Commands/Server/rewrite.php(34): require_once('/storage/emulat...')
#15 {main}
CRITICAL - 2020-07-02 13:33:23 --> Undefined variable: key
#0 /storage/emulated/0/crud_ci/app/Views/components/modal-delete.php(21): CodeIgniter\Debug\Exceptions->errorHandler(8, 'Undefined varia...', '/storage/emulat...', 21, Array)
#1 /storage/emulated/0/crud_ci/system/View/View.php(246): include('/storage/emulat...')
#2 /storage/emulated/0/crud_ci/system/View/View.php(525): CodeIgniter\View\View->render('components/moda...', NULL, true)
#3 /storage/emulated/0/crud_ci/app/Views/components/table.php(25): CodeIgniter\View\View->include('components/moda...')
#4 /storage/emulated/0/crud_ci/system/View/View.php(246): include('/storage/emulat...')
#5 /storage/emulated/0/crud_ci/system/View/View.php(525): CodeIgniter\View\View->render('components/tabl...', NULL, true)
#6 /storage/emulated/0/crud_ci/app/Views/pages/index.php(19): CodeIgniter\View\View->include('components/tabl...')
#7 /storage/emulated/0/crud_ci/system/View/View.php(246): include('/storage/emulat...')
#8 /storage/emulated/0/crud_ci/system/Common.php(1087): CodeIgniter\View\View->render('pages/index', Array, true)
#9 /storage/emulated/0/crud_ci/app/Controllers/Siswa.php(19): view('pages/index', Array)
#10 /storage/emulated/0/crud_ci/system/CodeIgniter.php(914): App\Controllers\Siswa->index()
#11 /storage/emulated/0/crud_ci/system/CodeIgniter.php(400): CodeIgniter\CodeIgniter->runController(Object(App\Controllers\Siswa))
#12 /storage/emulated/0/crud_ci/system/CodeIgniter.php(308): CodeIgniter\CodeIgniter->handleRequest(NULL, Object(Config\Cache), false)
#13 /storage/emulated/0/crud_ci/public/index.php(45): CodeIgniter\CodeIgniter->run()
#14 /storage/emulated/0/crud_ci/system/Commands/Server/rewrite.php(34): require_once('/storage/emulat...')
#15 {main}
CRITICAL - 2020-07-02 13:33:58 --> Undefined variable: key
#0 /storage/emulated/0/crud_ci/app/Views/components/modal-delete.php(21): CodeIgniter\Debug\Exceptions->errorHandler(8, 'Undefined varia...', '/storage/emulat...', 21, Array)
#1 /storage/emulated/0/crud_ci/system/View/View.php(246): include('/storage/emulat...')
#2 /storage/emulated/0/crud_ci/system/View/View.php(525): CodeIgniter\View\View->render('components/moda...', NULL, true)
#3 /storage/emulated/0/crud_ci/app/Views/components/table.php(25): CodeIgniter\View\View->include('components/moda...')
#4 /storage/emulated/0/crud_ci/system/View/View.php(246): include('/storage/emulat...')
#5 /storage/emulated/0/crud_ci/system/View/View.php(525): CodeIgniter\View\View->render('components/tabl...', NULL, true)
#6 /storage/emulated/0/crud_ci/app/Views/pages/index.php(19): CodeIgniter\View\View->include('components/tabl...')
#7 /storage/emulated/0/crud_ci/system/View/View.php(246): include('/storage/emulat...')
#8 /storage/emulated/0/crud_ci/system/Common.php(1087): CodeIgniter\View\View->render('pages/index', Array, true)
#9 /storage/emulated/0/crud_ci/app/Controllers/Siswa.php(19): view('pages/index', Array)
#10 /storage/emulated/0/crud_ci/system/CodeIgniter.php(914): App\Controllers\Siswa->index()
#11 /storage/emulated/0/crud_ci/system/CodeIgniter.php(400): CodeIgniter\CodeIgniter->runController(Object(App\Controllers\Siswa))
#12 /storage/emulated/0/crud_ci/system/CodeIgniter.php(308): CodeIgniter\CodeIgniter->handleRequest(NULL, Object(Config\Cache), false)
#13 /storage/emulated/0/crud_ci/public/index.php(45): CodeIgniter\CodeIgniter->run()
#14 /storage/emulated/0/crud_ci/system/Commands/Server/rewrite.php(34): require_once('/storage/emulat...')
#15 {main}
CRITICAL - 2020-07-02 14:05:55 --> syntax error, unexpected '}', expecting ',' or ';'
#0 /storage/emulated/0/crud_ci/system/Autoloader/Autoloader.php(296): CodeIgniter\Autoloader\Autoloader->requireFile('/storage/emulat...')
#1 /storage/emulated/0/crud_ci/system/Autoloader/Autoloader.php(258): CodeIgniter\Autoloader\Autoloader->loadInNamespace('Config\\Validati...')
#2 [internal function]: CodeIgniter\Autoloader\Autoloader->loadClass('Config\\Validati...')
#3 /storage/emulated/0/crud_ci/system/Config/Config.php(157): spl_autoload_call('Config\\Validati...')
#4 /storage/emulated/0/crud_ci/system/Config/Config.php(83): CodeIgniter\Config\Config::createClass('Config\\Validati...')
#5 /storage/emulated/0/crud_ci/system/Common.php(127): CodeIgniter\Config\Config::get('Validation', true)
#6 /storage/emulated/0/crud_ci/system/Config/Services.php(881): config('Validation')
#7 /storage/emulated/0/crud_ci/system/Model.php(344): CodeIgniter\Config\Services::validation(NULL, false)
#8 /storage/emulated/0/crud_ci/app/Controllers/Siswa.php(10): CodeIgniter\Model->__construct()
#9 /storage/emulated/0/crud_ci/system/CodeIgniter.php(886): App\Controllers\Siswa->__construct()
#10 /storage/emulated/0/crud_ci/system/CodeIgniter.php(395): CodeIgniter\CodeIgniter->createController()
#11 /storage/emulated/0/crud_ci/system/CodeIgniter.php(308): CodeIgniter\CodeIgniter->handleRequest(NULL, Object(Config\Cache), false)
#12 /storage/emulated/0/crud_ci/public/index.php(45): CodeIgniter\CodeIgniter->run()
#13 /storage/emulated/0/crud_ci/system/Commands/Server/rewrite.php(34): require_once('/storage/emulat...')
#14 {main}
CRITICAL - 2020-07-02 14:06:48 --> Too few arguments to function CodeIgniter\Controller::validate(), 0 passed in /storage/emulated/0/crud_ci/app/Controllers/Siswa.php on line 24 and at least 1 expected
#0 /storage/emulated/0/crud_ci/app/Controllers/Siswa.php(24): CodeIgniter\Controller->validate()
#1 /storage/emulated/0/crud_ci/system/CodeIgniter.php(914): App\Controllers\Siswa->create()
#2 /storage/emulated/0/crud_ci/system/CodeIgniter.php(400): CodeIgniter\CodeIgniter->runController(Object(App\Controllers\Siswa))
#3 /storage/emulated/0/crud_ci/system/CodeIgniter.php(308): CodeIgniter\CodeIgniter->handleRequest(NULL, Object(Config\Cache), false)
#4 /storage/emulated/0/crud_ci/public/index.php(45): CodeIgniter\CodeIgniter->run()
#5 /storage/emulated/0/crud_ci/system/Commands/Server/rewrite.php(34): require_once('/storage/emulat...')
#6 {main}
CRITICAL - 2020-07-02 14:07:26 --> Call to undefined method App\Controllers\Siswa::validation()
#0 /storage/emulated/0/crud_ci/system/CodeIgniter.php(914): App\Controllers\Siswa->create()
#1 /storage/emulated/0/crud_ci/system/CodeIgniter.php(400): CodeIgniter\CodeIgniter->runController(Object(App\Controllers\Siswa))
#2 /storage/emulated/0/crud_ci/system/CodeIgniter.php(308): CodeIgniter\CodeIgniter->handleRequest(NULL, Object(Config\Cache), false)
#3 /storage/emulated/0/crud_ci/public/index.php(45): CodeIgniter\CodeIgniter->run()
#4 /storage/emulated/0/crud_ci/system/Commands/Server/rewrite.php(34): require_once('/storage/emulat...')
#5 {main}
CRITICAL - 2020-07-02 14:10:21 --> Too few arguments to function CodeIgniter\Controller::validate(), 0 passed in /storage/emulated/0/crud_ci/app/Controllers/Siswa.php on line 24 and at least 1 expected
#0 /storage/emulated/0/crud_ci/app/Controllers/Siswa.php(24): CodeIgniter\Controller->validate()
#1 /storage/emulated/0/crud_ci/system/CodeIgniter.php(914): App\Controllers\Siswa->create()
#2 /storage/emulated/0/crud_ci/system/CodeIgniter.php(400): CodeIgniter\CodeIgniter->runController(Object(App\Controllers\Siswa))
#3 /storage/emulated/0/crud_ci/system/CodeIgniter.php(308): CodeIgniter\CodeIgniter->handleRequest(NULL, Object(Config\Cache), false)
#4 /storage/emulated/0/crud_ci/public/index.php(45): CodeIgniter\CodeIgniter->run()
#5 /storage/emulated/0/crud_ci/system/Commands/Server/rewrite.php(34): require_once('/storage/emulat...')
#6 {main}
CRITICAL - 2020-07-02 14:12:35 --> {0} is not a valid Validation template.
#0 /storage/emulated/0/crud_ci/system/Validation/Validation.php(513): CodeIgniter\Validation\Exceptions\ValidationException::forInvalidTemplate('nama')
#1 /storage/emulated/0/crud_ci/app/Views/components/modal-create-data.php(19): CodeIgniter\Validation\Validation->listErrors('nama')
#2 /storage/emulated/0/crud_ci/system/View/View.php(246): include('/storage/emulat...')
#3 /storage/emulated/0/crud_ci/system/View/View.php(525): CodeIgniter\View\View->render('components/moda...', NULL, true)
#4 /storage/emulated/0/crud_ci/app/Views/pages/index.php(17): CodeIgniter\View\View->include('components/moda...')
#5 /storage/emulated/0/crud_ci/system/View/View.php(246): include('/storage/emulat...')
#6 /storage/emulated/0/crud_ci/system/Common.php(1087): CodeIgniter\View\View->render('pages/index', Array, true)
#7 /storage/emulated/0/crud_ci/app/Controllers/Siswa.php(19): view('pages/index', Array)
#8 /storage/emulated/0/crud_ci/system/CodeIgniter.php(914): App\Controllers\Siswa->index()
#9 /storage/emulated/0/crud_ci/system/CodeIgniter.php(400): CodeIgniter\CodeIgniter->runController(Object(App\Controllers\Siswa))
#10 /storage/emulated/0/crud_ci/system/CodeIgniter.php(308): CodeIgniter\CodeIgniter->handleRequest(NULL, Object(Config\Cache), false)
#11 /storage/emulated/0/crud_ci/public/index.php(45): CodeIgniter\CodeIgniter->run()
#12 /storage/emulated/0/crud_ci/system/Commands/Server/rewrite.php(34): require_once('/storage/emulat...')
#13 {main}
CRITICAL - 2020-07-02 14:55:01 --> {0} is not a valid rule.
#0 /storage/emulated/0/crud_ci/system/Validation/Validation.php(302): CodeIgniter\Validation\Exceptions\ValidationException::forRuleNotFound('max_length:5')
#1 /storage/emulated/0/crud_ci/system/Validation/Validation.php(189): CodeIgniter\Validation\Validation->processRules('nama', 'nama', '12345', Array, Array)
#2 /storage/emulated/0/crud_ci/system/Controller.php(219): CodeIgniter\Validation\Validation->run()
#3 /storage/emulated/0/crud_ci/app/Controllers/Siswa.php(27): CodeIgniter\Controller->validate(Array)
#4 /storage/emulated/0/crud_ci/system/CodeIgniter.php(914): App\Controllers\Siswa->create()
#5 /storage/emulated/0/crud_ci/system/CodeIgniter.php(400): CodeIgniter\CodeIgniter->runController(Object(App\Controllers\Siswa))
#6 /storage/emulated/0/crud_ci/system/CodeIgniter.php(308): CodeIgniter\CodeIgniter->handleRequest(NULL, Object(Config\Cache), false)
#7 /storage/emulated/0/crud_ci/public/index.php(45): CodeIgniter\CodeIgniter->run()
#8 /storage/emulated/0/crud_ci/system/Commands/Server/rewrite.php(34): require_once('/storage/emulat...')
#9 {main}
CRITICAL - 2020-07-02 15:08:19 --> Undefined variable: validation
#0 /storage/emulated/0/crud_ci/app/Views/components/form-edit.php(6): CodeIgniter\Debug\Exceptions->errorHandler(8, 'Undefined varia...', '/storage/emulat...', 6, Array)
#1 /storage/emulated/0/crud_ci/system/View/View.php(246): include('/storage/emulat...')
#2 /storage/emulated/0/crud_ci/system/View/View.php(525): CodeIgniter\View\View->render('components/form...', NULL, true)
#3 /storage/emulated/0/crud_ci/app/Views/pages/edit.php(19): CodeIgniter\View\View->include('components/form...')
#4 /storage/emulated/0/crud_ci/system/View/View.php(246): include('/storage/emulat...')
#5 /storage/emulated/0/crud_ci/system/Common.php(1087): CodeIgniter\View\View->render('pages/edit', Array, true)
#6 /storage/emulated/0/crud_ci/app/Controllers/Siswa.php(77): view('pages/edit', Array)
#7 /storage/emulated/0/crud_ci/system/CodeIgniter.php(914): App\Controllers\Siswa->edit('16')
#8 /storage/emulated/0/crud_ci/system/CodeIgniter.php(400): CodeIgniter\CodeIgniter->runController(Object(App\Controllers\Siswa))
#9 /storage/emulated/0/crud_ci/system/CodeIgniter.php(308): CodeIgniter\CodeIgniter->handleRequest(NULL, Object(Config\Cache), false)
#10 /storage/emulated/0/crud_ci/public/index.php(45): CodeIgniter\CodeIgniter->run()
#11 /storage/emulated/0/crud_ci/system/Commands/Server/rewrite.php(34): require_once('/storage/emulat...')
#12 {main}
CRITICAL - 2020-07-02 15:18:58 --> syntax error, unexpected '<', expecting end of file
#0 /storage/emulated/0/crud_ci/system/View/View.php(525): CodeIgniter\View\View->render('components/form...', NULL, true)
#1 /storage/emulated/0/crud_ci/app/Views/pages/edit.php(19): CodeIgniter\View\View->include('components/form...')
#2 /storage/emulated/0/crud_ci/system/View/View.php(246): include('/storage/emulat...')
#3 /storage/emulated/0/crud_ci/system/Common.php(1087): CodeIgniter\View\View->render('pages/edit', Array, true)
#4 /storage/emulated/0/crud_ci/app/Controllers/Siswa.php(77): view('pages/edit', Array)
#5 /storage/emulated/0/crud_ci/system/CodeIgniter.php(914): App\Controllers\Siswa->edit('15')
#6 /storage/emulated/0/crud_ci/system/CodeIgniter.php(400): CodeIgniter\CodeIgniter->runController(Object(App\Controllers\Siswa))
#7 /storage/emulated/0/crud_ci/system/CodeIgniter.php(308): CodeIgniter\CodeIgniter->handleRequest(NULL, Object(Config\Cache), false)
#8 /storage/emulated/0/crud_ci/public/index.php(45): CodeIgniter\CodeIgniter->run()
#9 /storage/emulated/0/crud_ci/system/Commands/Server/rewrite.php(34): require_once('/storage/emulat...')
#10 {main}
CRITICAL - 2020-07-02 15:20:15 --> syntax error, unexpected '?>'
#0 /storage/emulated/0/crud_ci/system/View/View.php(525): CodeIgniter\View\View->render('components/form...', NULL, true)
#1 /storage/emulated/0/crud_ci/app/Views/pages/edit.php(19): CodeIgniter\View\View->include('components/form...')
#2 /storage/emulated/0/crud_ci/system/View/View.php(246): include('/storage/emulat...')
#3 /storage/emulated/0/crud_ci/system/Common.php(1087): CodeIgniter\View\View->render('pages/edit', Array, true)
#4 /storage/emulated/0/crud_ci/app/Controllers/Siswa.php(77): view('pages/edit', Array)
#5 /storage/emulated/0/crud_ci/system/CodeIgniter.php(914): App\Controllers\Siswa->edit('15')
#6 /storage/emulated/0/crud_ci/system/CodeIgniter.php(400): CodeIgniter\CodeIgniter->runController(Object(App\Controllers\Siswa))
#7 /storage/emulated/0/crud_ci/system/CodeIgniter.php(308): CodeIgniter\CodeIgniter->handleRequest(NULL, Object(Config\Cache), false)
#8 /storage/emulated/0/crud_ci/public/index.php(45): CodeIgniter\CodeIgniter->run()
#9 /storage/emulated/0/crud_ci/system/Commands/Server/rewrite.php(34): require_once('/storage/emulat...')
#10 {main}
CRITICAL - 2020-07-02 17:41:36 --> chmod(): Operation not permitted
#0 [internal function]: CodeIgniter\Debug\Exceptions->errorHandler(2, 'chmod(): Operat...', '/storage/emulat...', 198, Array)
#1 /storage/emulated/0/crud_ci/system/Session/Handlers/FileHandler.php(198): chmod('/storage/emulat...', 384)
#2 [internal function]: CodeIgniter\Session\Handlers\FileHandler->read('135ab2113142806...')
#3 /storage/emulated/0/crud_ci/system/Session/Session.php(1005): session_start()
#4 /storage/emulated/0/crud_ci/system/Session/Session.php(240): CodeIgniter\Session\Session->startSession()
#5 /storage/emulated/0/crud_ci/system/Config/Services.php(771): CodeIgniter\Session\Session->start()
#6 /storage/emulated/0/crud_ci/system/Config/BaseService.php(123): CodeIgniter\Config\Services::session(Object(Config\App), false)
#7 /storage/emulated/0/crud_ci/system/Config/Services.php(752): CodeIgniter\Config\BaseService::getSharedInstance('session', NULL)
#8 /storage/emulated/0/crud_ci/system/Common.php(894): CodeIgniter\Config\Services::session()
#9 /storage/emulated/0/crud_ci/app/Views/components/alert.php(1): session('success')
#10 /storage/emulated/0/crud_ci/system/View/View.php(246): include('/storage/emulat...')
#11 /storage/emulated/0/crud_ci/system/View/View.php(525): CodeIgniter\View\View->render('components/aler...', NULL, true)
#12 /storage/emulated/0/crud_ci/app/Views/pages/index.php(15): CodeIgniter\View\View->include('components/aler...')
#13 /storage/emulated/0/crud_ci/system/View/View.php(246): include('/storage/emulat...')
#14 /storage/emulated/0/crud_ci/system/Common.php(1087): CodeIgniter\View\View->render('pages/index', Array, true)
#15 /storage/emulated/0/crud_ci/app/Controllers/Siswa.php(20): view('pages/index', Array)
#16 /storage/emulated/0/crud_ci/system/CodeIgniter.php(914): App\Controllers\Siswa->index()
#17 /storage/emulated/0/crud_ci/system/CodeIgniter.php(400): CodeIgniter\CodeIgniter->runController(Object(App\Controllers\Siswa))
#18 /storage/emulated/0/crud_ci/system/CodeIgniter.php(308): CodeIgniter\CodeIgniter->handleRequest(NULL, Object(Config\Cache), false)
#19 /storage/emulated/0/crud_ci/public/index.php(45): CodeIgniter\CodeIgniter->run()
#20 /storage/emulated/0/crud_ci/system/Commands/Server/rewrite.php(34): require_once('/storage/emulat...')
#21 {main}
CRITICAL - 2020-07-02 18:58:04 --> Call to undefined method CodeIgniter\Validation\Validation::listError()
#0 /storage/emulated/0/crud_ci/system/View/View.php(246): include()
#1 /storage/emulated/0/crud_ci/system/View/View.php(525): CodeIgniter\View\View->render('components/form...', NULL, true)
#2 /storage/emulated/0/crud_ci/app/Views/pages/edit.php(19): CodeIgniter\View\View->include('components/form...')
#3 /storage/emulated/0/crud_ci/system/View/View.php(246): include('/storage/emulat...')
#4 /storage/emulated/0/crud_ci/system/Common.php(1087): CodeIgniter\View\View->render('pages/edit', Array, true)
#5 /storage/emulated/0/crud_ci/app/Controllers/Siswa.php(77): view('pages/edit', Array)
#6 /storage/emulated/0/crud_ci/system/CodeIgniter.php(914): App\Controllers\Siswa->edit('18')
#7 /storage/emulated/0/crud_ci/system/CodeIgniter.php(400): CodeIgniter\CodeIgniter->runController(Object(App\Controllers\Siswa))
#8 /storage/emulated/0/crud_ci/system/CodeIgniter.php(308): CodeIgniter\CodeIgniter->handleRequest(NULL, Object(Config\Cache), false)
#9 /storage/emulated/0/crud_ci/public/index.php(45): CodeIgniter\CodeIgniter->run()
#10 /storage/emulated/0/crud_ci/system/Commands/Server/rewrite.php(34): require_once('/storage/emulat...')
#11 {main}
CRITICAL - 2020-07-02 18:58:07 --> Call to undefined method CodeIgniter\Validation\Validation::listError()
#0 /storage/emulated/0/crud_ci/system/View/View.php(246): include()
#1 /storage/emulated/0/crud_ci/system/View/View.php(525): CodeIgniter\View\View->render('components/form...', NULL, true)
#2 /storage/emulated/0/crud_ci/app/Views/pages/edit.php(19): CodeIgniter\View\View->include('components/form...')
#3 /storage/emulated/0/crud_ci/system/View/View.php(246): include('/storage/emulat...')
#4 /storage/emulated/0/crud_ci/system/Common.php(1087): CodeIgniter\View\View->render('pages/edit', Array, true)
#5 /storage/emulated/0/crud_ci/app/Controllers/Siswa.php(77): view('pages/edit', Array)
#6 /storage/emulated/0/crud_ci/system/CodeIgniter.php(914): App\Controllers\Siswa->edit('18')
#7 /storage/emulated/0/crud_ci/system/CodeIgniter.php(400): CodeIgniter\CodeIgniter->runController(Object(App\Controllers\Siswa))
#8 /storage/emulated/0/crud_ci/system/CodeIgniter.php(308): CodeIgniter\CodeIgniter->handleRequest(NULL, Object(Config\Cache), false)
#9 /storage/emulated/0/crud_ci/public/index.php(45): CodeIgniter\CodeIgniter->run()
#10 /storage/emulated/0/crud_ci/system/Commands/Server/rewrite.php(34): require_once('/storage/emulat...')
#11 {main}
CRITICAL - 2020-07-02 19:00:48 --> Call to a member function getError() on string
#0 /storage/emulated/0/crud_ci/system/View/View.php(246): include()
#1 /storage/emulated/0/crud_ci/system/View/View.php(525): CodeIgniter\View\View->render('components/form...', NULL, true)
#2 /storage/emulated/0/crud_ci/app/Views/pages/edit.php(19): CodeIgniter\View\View->include('components/form...')
#3 /storage/emulated/0/crud_ci/system/View/View.php(246): include('/storage/emulat...')
#4 /storage/emulated/0/crud_ci/system/Common.php(1087): CodeIgniter\View\View->render('pages/edit', Array, true)
#5 /storage/emulated/0/crud_ci/app/Controllers/Siswa.php(77): view('pages/edit', Array)
#6 /storage/emulated/0/crud_ci/system/CodeIgniter.php(914): App\Controllers\Siswa->edit('18')
#7 /storage/emulated/0/crud_ci/system/CodeIgniter.php(400): CodeIgniter\CodeIgniter->runController(Object(App\Controllers\Siswa))
#8 /storage/emulated/0/crud_ci/system/CodeIgniter.php(308): CodeIgniter\CodeIgniter->handleRequest(NULL, Object(Config\Cache), false)
#9 /storage/emulated/0/crud_ci/public/index.php(45): CodeIgniter\CodeIgniter->run()
#10 /storage/emulated/0/crud_ci/system/Commands/Server/rewrite.php(34): require_once('/storage/emulat...')
#11 {main}
CRITICAL - 2020-07-02 19:00:51 --> Call to a member function getError() on string
#0 /storage/emulated/0/crud_ci/system/View/View.php(246): include()
#1 /storage/emulated/0/crud_ci/system/View/View.php(525): CodeIgniter\View\View->render('components/form...', NULL, true)
#2 /storage/emulated/0/crud_ci/app/Views/pages/edit.php(19): CodeIgniter\View\View->include('components/form...')
#3 /storage/emulated/0/crud_ci/system/View/View.php(246): include('/storage/emulat...')
#4 /storage/emulated/0/crud_ci/system/Common.php(1087): CodeIgniter\View\View->render('pages/edit', Array, true)
#5 /storage/emulated/0/crud_ci/app/Controllers/Siswa.php(77): view('pages/edit', Array)
#6 /storage/emulated/0/crud_ci/system/CodeIgniter.php(914): App\Controllers\Siswa->edit('18')
#7 /storage/emulated/0/crud_ci/system/CodeIgniter.php(400): CodeIgniter\CodeIgniter->runController(Object(App\Controllers\Siswa))
#8 /storage/emulated/0/crud_ci/system/CodeIgniter.php(308): CodeIgniter\CodeIgniter->handleRequest(NULL, Object(Config\Cache), false)
#9 /storage/emulated/0/crud_ci/public/index.php(45): CodeIgniter\CodeIgniter->run()
#10 /storage/emulated/0/crud_ci/system/Commands/Server/rewrite.php(34): require_once('/storage/emulat...')
#11 {main}
CRITICAL - 2020-07-02 21:00:42 --> Call to a member function getError() on string
#0 /storage/emulated/0/crud_ci/system/View/View.php(246): include()
#1 /storage/emulated/0/crud_ci/system/View/View.php(525): CodeIgniter\View\View->render('components/form...', NULL, true)
#2 /storage/emulated/0/crud_ci/app/Views/pages/edit.php(19): CodeIgniter\View\View->include('components/form...')
#3 /storage/emulated/0/crud_ci/system/View/View.php(246): include('/storage/emulat...')
#4 /storage/emulated/0/crud_ci/system/Common.php(1087): CodeIgniter\View\View->render('pages/edit', Array, true)
#5 /storage/emulated/0/crud_ci/app/Controllers/Siswa.php(77): view('pages/edit', Array)
#6 /storage/emulated/0/crud_ci/system/CodeIgniter.php(914): App\Controllers\Siswa->edit('18')
#7 /storage/emulated/0/crud_ci/system/CodeIgniter.php(400): CodeIgniter\CodeIgniter->runController(Object(App\Controllers\Siswa))
#8 /storage/emulated/0/crud_ci/system/CodeIgniter.php(308): CodeIgniter\CodeIgniter->handleRequest(NULL, Object(Config\Cache), false)
#9 /storage/emulated/0/crud_ci/public/index.php(45): CodeIgniter\CodeIgniter->run()
#10 /storage/emulated/0/crud_ci/system/Commands/Server/rewrite.php(34): require_once('/storage/emulat...')
#11 {main}
CRITICAL - 2020-07-02 21:00:44 --> Call to a member function getError() on string
#0 /storage/emulated/0/crud_ci/system/View/View.php(246): include()
#1 /storage/emulated/0/crud_ci/system/View/View.php(525): CodeIgniter\View\View->render('components/form...', NULL, true)
#2 /storage/emulated/0/crud_ci/app/Views/pages/edit.php(19): CodeIgniter\View\View->include('components/form...')
#3 /storage/emulated/0/crud_ci/system/View/View.php(246): include('/storage/emulat...')
#4 /storage/emulated/0/crud_ci/system/Common.php(1087): CodeIgniter\View\View->render('pages/edit', Array, true)
#5 /storage/emulated/0/crud_ci/app/Controllers/Siswa.php(77): view('pages/edit', Array)
#6 /storage/emulated/0/crud_ci/system/CodeIgniter.php(914): App\Controllers\Siswa->edit('18')
#7 /storage/emulated/0/crud_ci/system/CodeIgniter.php(400): CodeIgniter\CodeIgniter->runController(Object(App\Controllers\Siswa))
#8 /storage/emulated/0/crud_ci/system/CodeIgniter.php(308): CodeIgniter\CodeIgniter->handleRequest(NULL, Object(Config\Cache), false)
#9 /storage/emulated/0/crud_ci/public/index.php(45): CodeIgniter\CodeIgniter->run()
#10 /storage/emulated/0/crud_ci/system/Commands/Server/rewrite.php(34): require_once('/storage/emulat...')
#11 {main}
CRITICAL - 2020-07-02 21:00:48 --> Call to a member function getError() on string
#0 /storage/emulated/0/crud_ci/system/View/View.php(246): include()
#1 /storage/emulated/0/crud_ci/system/View/View.php(525): CodeIgniter\View\View->render('components/form...', NULL, true)
#2 /storage/emulated/0/crud_ci/app/Views/pages/edit.php(19): CodeIgniter\View\View->include('components/form...')
#3 /storage/emulated/0/crud_ci/system/View/View.php(246): include('/storage/emulat...')
#4 /storage/emulated/0/crud_ci/system/Common.php(1087): CodeIgniter\View\View->render('pages/edit', Array, true)
#5 /storage/emulated/0/crud_ci/app/Controllers/Siswa.php(77): view('pages/edit', Array)
#6 /storage/emulated/0/crud_ci/system/CodeIgniter.php(914): App\Controllers\Siswa->edit('18')
#7 /storage/emulated/0/crud_ci/system/CodeIgniter.php(400): CodeIgniter\CodeIgniter->runController(Object(App\Controllers\Siswa))
#8 /storage/emulated/0/crud_ci/system/CodeIgniter.php(308): CodeIgniter\CodeIgniter->handleRequest(NULL, Object(Config\Cache), false)
#9 /storage/emulated/0/crud_ci/public/index.php(45): CodeIgniter\CodeIgniter->run()
#10 /storage/emulated/0/crud_ci/system/Commands/Server/rewrite.php(34): require_once('/storage/emulat...')
#11 {main}
CRITICAL - 2020-07-02 21:00:52 --> chmod(): Operation not permitted
#0 [internal function]: CodeIgniter\Debug\Exceptions->errorHandler(2, 'chmod(): Operat...', '/storage/emulat...', 198, Array)
#1 /storage/emulated/0/crud_ci/system/Session/Handlers/FileHandler.php(198): chmod('/storage/emulat...', 384)
#2 [internal function]: CodeIgniter\Session\Handlers\FileHandler->read('5ca03487c2ea73f...')
#3 /storage/emulated/0/crud_ci/system/Session/Session.php(1005): session_start()
#4 /storage/emulated/0/crud_ci/system/Session/Session.php(240): CodeIgniter\Session\Session->startSession()
#5 /storage/emulated/0/crud_ci/system/Config/Services.php(771): CodeIgniter\Session\Session->start()
#6 /storage/emulated/0/crud_ci/system/Config/BaseService.php(123): CodeIgniter\Config\Services::session(Object(Config\App), false)
#7 /storage/emulated/0/crud_ci/system/Config/Services.php(752): CodeIgniter\Config\BaseService::getSharedInstance('session', NULL)
#8 /storage/emulated/0/crud_ci/system/Common.php(894): CodeIgniter\Config\Services::session()
#9 /storage/emulated/0/crud_ci/app/Views/components/alert.php(1): session('success')
#10 /storage/emulated/0/crud_ci/system/View/View.php(246): include('/storage/emulat...')
#11 /storage/emulated/0/crud_ci/system/View/View.php(525): CodeIgniter\View\View->render('components/aler...', NULL, true)
#12 /storage/emulated/0/crud_ci/app/Views/pages/index.php(15): CodeIgniter\View\View->include('components/aler...')
#13 /storage/emulated/0/crud_ci/system/View/View.php(246): include('/storage/emulat...')
#14 /storage/emulated/0/crud_ci/system/Common.php(1087): CodeIgniter\View\View->render('pages/index', Array, true)
#15 /storage/emulated/0/crud_ci/app/Controllers/Siswa.php(20): view('pages/index', Array)
#16 /storage/emulated/0/crud_ci/system/CodeIgniter.php(914): App\Controllers\Siswa->index()
#17 /storage/emulated/0/crud_ci/system/CodeIgniter.php(400): CodeIgniter\CodeIgniter->runController(Object(App\Controllers\Siswa))
#18 /storage/emulated/0/crud_ci/system/CodeIgniter.php(308): CodeIgniter\CodeIgniter->handleRequest(NULL, Object(Config\Cache), false)
#19 /storage/emulated/0/crud_ci/public/index.php(45): CodeIgniter\CodeIgniter->run()
#20 /storage/emulated/0/crud_ci/system/Commands/Server/rewrite.php(34): require_once('/storage/emulat...')
#21 {main}
CRITICAL - 2020-07-02 21:01:44 --> Call to undefined method CodeIgniter\Validation\Validation::listError()
#0 /storage/emulated/0/crud_ci/system/View/View.php(246): include()
#1 /storage/emulated/0/crud_ci/system/View/View.php(525): CodeIgniter\View\View->render('components/form...', NULL, true)
#2 /storage/emulated/0/crud_ci/app/Views/pages/edit.php(19): CodeIgniter\View\View->include('components/form...')
#3 /storage/emulated/0/crud_ci/system/View/View.php(246): include('/storage/emulat...')
#4 /storage/emulated/0/crud_ci/system/Common.php(1087): CodeIgniter\View\View->render('pages/edit', Array, true)
#5 /storage/emulated/0/crud_ci/app/Controllers/Siswa.php(77): view('pages/edit', Array)
#6 /storage/emulated/0/crud_ci/system/CodeIgniter.php(914): App\Controllers\Siswa->edit('15')
#7 /storage/emulated/0/crud_ci/system/CodeIgniter.php(400): CodeIgniter\CodeIgniter->runController(Object(App\Controllers\Siswa))
#8 /storage/emulated/0/crud_ci/system/CodeIgniter.php(308): CodeIgniter\CodeIgniter->handleRequest(NULL, Object(Config\Cache), false)
#9 /storage/emulated/0/crud_ci/public/index.php(45): CodeIgniter\CodeIgniter->run()
#10 /storage/emulated/0/crud_ci/system/Commands/Server/rewrite.php(34): require_once('/storage/emulat...')
#11 {main}
CRITICAL - 2020-07-02 21:03:07 --> Call to a member function getError() on string
#0 /storage/emulated/0/crud_ci/system/View/View.php(246): include()
#1 /storage/emulated/0/crud_ci/system/View/View.php(525): CodeIgniter\View\View->render('components/form...', NULL, true)
#2 /storage/emulated/0/crud_ci/app/Views/pages/edit.php(19): CodeIgniter\View\View->include('components/form...')
#3 /storage/emulated/0/crud_ci/system/View/View.php(246): include('/storage/emulat...')
#4 /storage/emulated/0/crud_ci/system/Common.php(1087): CodeIgniter\View\View->render('pages/edit', Array, true)
#5 /storage/emulated/0/crud_ci/app/Controllers/Siswa.php(77): view('pages/edit', Array)
#6 /storage/emulated/0/crud_ci/system/CodeIgniter.php(914): App\Controllers\Siswa->edit('15')
#7 /storage/emulated/0/crud_ci/system/CodeIgniter.php(400): CodeIgniter\CodeIgniter->runController(Object(App\Controllers\Siswa))
#8 /storage/emulated/0/crud_ci/system/CodeIgniter.php(308): CodeIgniter\CodeIgniter->handleRequest(NULL, Object(Config\Cache), false)
#9 /storage/emulated/0/crud_ci/public/index.php(45): CodeIgniter\CodeIgniter->run()
#10 /storage/emulated/0/crud_ci/system/Commands/Server/rewrite.php(34): require_once('/storage/emulat...')
#11 {main}
CRITICAL - 2020-07-02 21:03:09 --> Call to a member function getError() on string
#0 /storage/emulated/0/crud_ci/system/View/View.php(246): include()
#1 /storage/emulated/0/crud_ci/system/View/View.php(525): CodeIgniter\View\View->render('components/form...', NULL, true)
#2 /storage/emulated/0/crud_ci/app/Views/pages/edit.php(19): CodeIgniter\View\View->include('components/form...')
#3 /storage/emulated/0/crud_ci/system/View/View.php(246): include('/storage/emulat...')
#4 /storage/emulated/0/crud_ci/system/Common.php(1087): CodeIgniter\View\View->render('pages/edit', Array, true)
#5 /storage/emulated/0/crud_ci/app/Controllers/Siswa.php(77): view('pages/edit', Array)
#6 /storage/emulated/0/crud_ci/system/CodeIgniter.php(914): App\Controllers\Siswa->edit('15')
#7 /storage/emulated/0/crud_ci/system/CodeIgniter.php(400): CodeIgniter\CodeIgniter->runController(Object(App\Controllers\Siswa))
#8 /storage/emulated/0/crud_ci/system/CodeIgniter.php(308): CodeIgniter\CodeIgniter->handleRequest(NULL, Object(Config\Cache), false)
#9 /storage/emulated/0/crud_ci/public/index.php(45): CodeIgniter\CodeIgniter->run()
#10 /storage/emulated/0/crud_ci/system/Commands/Server/rewrite.php(34): require_once('/storage/emulat...')
#11 {main}
CRITICAL - 2020-07-02 21:03:19 --> Call to a member function getError() on string
#0 /storage/emulated/0/crud_ci/system/View/View.php(246): include()
#1 /storage/emulated/0/crud_ci/system/View/View.php(525): CodeIgniter\View\View->render('components/form...', NULL, true)
#2 /storage/emulated/0/crud_ci/app/Views/pages/edit.php(19): CodeIgniter\View\View->include('components/form...')
#3 /storage/emulated/0/crud_ci/system/View/View.php(246): include('/storage/emulat...')
#4 /storage/emulated/0/crud_ci/system/Common.php(1087): CodeIgniter\View\View->render('pages/edit', Array, true)
#5 /storage/emulated/0/crud_ci/app/Controllers/Siswa.php(77): view('pages/edit', Array)
#6 /storage/emulated/0/crud_ci/system/CodeIgniter.php(914): App\Controllers\Siswa->edit('15')
#7 /storage/emulated/0/crud_ci/system/CodeIgniter.php(400): CodeIgniter\CodeIgniter->runController(Object(App\Controllers\Siswa))
#8 /storage/emulated/0/crud_ci/system/CodeIgniter.php(308): CodeIgniter\CodeIgniter->handleRequest(NULL, Object(Config\Cache), false)
#9 /storage/emulated/0/crud_ci/public/index.php(45): CodeIgniter\CodeIgniter->run()
#10 /storage/emulated/0/crud_ci/system/Commands/Server/rewrite.php(34): require_once('/storage/emulat...')
#11 {main}
CRITICAL - 2020-07-02 21:04:14 --> Call to a member function getError() on string
#0 /storage/emulated/0/crud_ci/system/View/View.php(246): include()
#1 /storage/emulated/0/crud_ci/system/View/View.php(525): CodeIgniter\View\View->render('components/form...', NULL, true)
#2 /storage/emulated/0/crud_ci/app/Views/pages/edit.php(19): CodeIgniter\View\View->include('components/form...')
#3 /storage/emulated/0/crud_ci/system/View/View.php(246): include('/storage/emulat...')
#4 /storage/emulated/0/crud_ci/system/Common.php(1087): CodeIgniter\View\View->render('pages/edit', Array, true)
#5 /storage/emulated/0/crud_ci/app/Controllers/Siswa.php(77): view('pages/edit', Array)
#6 /storage/emulated/0/crud_ci/system/CodeIgniter.php(914): App\Controllers\Siswa->edit('15')
#7 /storage/emulated/0/crud_ci/system/CodeIgniter.php(400): CodeIgniter\CodeIgniter->runController(Object(App\Controllers\Siswa))
#8 /storage/emulated/0/crud_ci/system/CodeIgniter.php(308): CodeIgniter\CodeIgniter->handleRequest(NULL, Object(Config\Cache), false)
#9 /storage/emulated/0/crud_ci/public/index.php(45): CodeIgniter\CodeIgniter->run()
#10 /storage/emulated/0/crud_ci/system/Commands/Server/rewrite.php(34): require_once('/storage/emulat...')
#11 {main}
CRITICAL - 2020-07-02 21:16:31 --> Call to a member function getError() on string
#0 /storage/emulated/0/crud_ci/system/View/View.php(246): include()
#1 /storage/emulated/0/crud_ci/system/View/View.php(525): CodeIgniter\View\View->render('components/form...', NULL, true)
#2 /storage/emulated/0/crud_ci/app/Views/pages/edit.php(19): CodeIgniter\View\View->include('components/form...')
#3 /storage/emulated/0/crud_ci/system/View/View.php(246): include('/storage/emulat...')
#4 /storage/emulated/0/crud_ci/system/Common.php(1087): CodeIgniter\View\View->render('pages/edit', Array, true)
#5 /storage/emulated/0/crud_ci/app/Controllers/Siswa.php(77): view('pages/edit', Array)
#6 /storage/emulated/0/crud_ci/system/CodeIgniter.php(914): App\Controllers\Siswa->edit('15')
#7 /storage/emulated/0/crud_ci/system/CodeIgniter.php(400): CodeIgniter\CodeIgniter->runController(Object(App\Controllers\Siswa))
#8 /storage/emulated/0/crud_ci/system/CodeIgniter.php(308): CodeIgniter\CodeIgniter->handleRequest(NULL, Object(Config\Cache), false)
#9 /storage/emulated/0/crud_ci/public/index.php(45): CodeIgniter\CodeIgniter->run()
#10 /storage/emulated/0/crud_ci/system/Commands/Server/rewrite.php(34): require_once('/storage/emulat...')
#11 {main}
CRITICAL - 2020-07-02 21:16:48 --> Call to a member function getError() on string
#0 /storage/emulated/0/crud_ci/system/View/View.php(246): include()
#1 /storage/emulated/0/crud_ci/system/View/View.php(525): CodeIgniter\View\View->render('components/form...', NULL, true)
#2 /storage/emulated/0/crud_ci/app/Views/pages/edit.php(19): CodeIgniter\View\View->include('components/form...')
#3 /storage/emulated/0/crud_ci/system/View/View.php(246): include('/storage/emulat...')
#4 /storage/emulated/0/crud_ci/system/Common.php(1087): CodeIgniter\View\View->render('pages/edit', Array, true)
#5 /storage/emulated/0/crud_ci/app/Controllers/Siswa.php(77): view('pages/edit', Array)
#6 /storage/emulated/0/crud_ci/system/CodeIgniter.php(914): App\Controllers\Siswa->edit('15')
#7 /storage/emulated/0/crud_ci/system/CodeIgniter.php(400): CodeIgniter\CodeIgniter->runController(Object(App\Controllers\Siswa))
#8 /storage/emulated/0/crud_ci/system/CodeIgniter.php(308): CodeIgniter\CodeIgniter->handleRequest(NULL, Object(Config\Cache), false)
#9 /storage/emulated/0/crud_ci/public/index.php(45): CodeIgniter\CodeIgniter->run()
#10 /storage/emulated/0/crud_ci/system/Commands/Server/rewrite.php(34): require_once('/storage/emulat...')
#11 {main}
CRITICAL - 2020-07-02 21:17:08 --> Undefined variable: validation
#0 /storage/emulated/0/crud_ci/app/Views/components/form-edit.php(11): CodeIgniter\Debug\Exceptions->errorHandler(8, 'Undefined varia...', '/storage/emulat...', 11, Array)
#1 /storage/emulated/0/crud_ci/system/View/View.php(246): include('/storage/emulat...')
#2 /storage/emulated/0/crud_ci/system/View/View.php(525): CodeIgniter\View\View->render('components/form...', NULL, true)
#3 /storage/emulated/0/crud_ci/app/Views/pages/edit.php(19): CodeIgniter\View\View->include('components/form...')
#4 /storage/emulated/0/crud_ci/system/View/View.php(246): include('/storage/emulat...')
#5 /storage/emulated/0/crud_ci/system/Common.php(1087): CodeIgniter\View\View->render('pages/edit', Array, true)
#6 /storage/emulated/0/crud_ci/app/Controllers/Siswa.php(77): view('pages/edit', Array)
#7 /storage/emulated/0/crud_ci/system/CodeIgniter.php(914): App\Controllers\Siswa->edit('15')
#8 /storage/emulated/0/crud_ci/system/CodeIgniter.php(400): CodeIgniter\CodeIgniter->runController(Object(App\Controllers\Siswa))
#9 /storage/emulated/0/crud_ci/system/CodeIgniter.php(308): CodeIgniter\CodeIgniter->handleRequest(NULL, Object(Config\Cache), false)
#10 /storage/emulated/0/crud_ci/public/index.php(45): CodeIgniter\CodeIgniter->run()
#11 /storage/emulated/0/crud_ci/system/Commands/Server/rewrite.php(34): require_once('/storage/emulat...')
#12 {main}
CRITICAL - 2020-07-02 21:17:27 --> Undefined variable: validation
#0 /storage/emulated/0/crud_ci/app/Views/components/form-edit.php(11): CodeIgniter\Debug\Exceptions->errorHandler(8, 'Undefined varia...', '/storage/emulat...', 11, Array)
#1 /storage/emulated/0/crud_ci/system/View/View.php(246): include('/storage/emulat...')
#2 /storage/emulated/0/crud_ci/system/View/View.php(525): CodeIgniter\View\View->render('components/form...', NULL, true)
#3 /storage/emulated/0/crud_ci/app/Views/pages/edit.php(19): CodeIgniter\View\View->include('components/form...')
#4 /storage/emulated/0/crud_ci/system/View/View.php(246): include('/storage/emulat...')
#5 /storage/emulated/0/crud_ci/system/Common.php(1087): CodeIgniter\View\View->render('pages/edit', Array, true)
#6 /storage/emulated/0/crud_ci/app/Controllers/Siswa.php(77): view('pages/edit', Array)
#7 /storage/emulated/0/crud_ci/system/CodeIgniter.php(914): App\Controllers\Siswa->edit('15')
#8 /storage/emulated/0/crud_ci/system/CodeIgniter.php(400): CodeIgniter\CodeIgniter->runController(Object(App\Controllers\Siswa))
#9 /storage/emulated/0/crud_ci/system/CodeIgniter.php(308): CodeIgniter\CodeIgniter->handleRequest(NULL, Object(Config\Cache), false)
#10 /storage/emulated/0/crud_ci/public/index.php(45): CodeIgniter\CodeIgniter->run()
#11 /storage/emulated/0/crud_ci/system/Commands/Server/rewrite.php(34): require_once('/storage/emulat...')
#12 {main}
CRITICAL - 2020-07-02 21:18:29 --> Undefined variable: validation
#0 /storage/emulated/0/crud_ci/app/Views/components/form-edit.php(11): CodeIgniter\Debug\Exceptions->errorHandler(8, 'Undefined varia...', '/storage/emulat...', 11, Array)
#1 /storage/emulated/0/crud_ci/system/View/View.php(246): include('/storage/emulat...')
#2 /storage/emulated/0/crud_ci/system/View/View.php(525): CodeIgniter\View\View->render('components/form...', NULL, true)
#3 /storage/emulated/0/crud_ci/app/Views/pages/edit.php(19): CodeIgniter\View\View->include('components/form...')
#4 /storage/emulated/0/crud_ci/system/View/View.php(246): include('/storage/emulat...')
#5 /storage/emulated/0/crud_ci/system/Common.php(1087): CodeIgniter\View\View->render('pages/edit', Array, true)
#6 /storage/emulated/0/crud_ci/app/Controllers/Siswa.php(77): view('pages/edit', Array)
#7 /storage/emulated/0/crud_ci/system/CodeIgniter.php(914): App\Controllers\Siswa->edit('15')
#8 /storage/emulated/0/crud_ci/system/CodeIgniter.php(400): CodeIgniter\CodeIgniter->runController(Object(App\Controllers\Siswa))
#9 /storage/emulated/0/crud_ci/system/CodeIgniter.php(308): CodeIgniter\CodeIgniter->handleRequest(NULL, Object(Config\Cache), false)
#10 /storage/emulated/0/crud_ci/public/index.php(45): CodeIgniter\CodeIgniter->run()
#11 /storage/emulated/0/crud_ci/system/Commands/Server/rewrite.php(34): require_once('/storage/emulat...')
#12 {main}
CRITICAL - 2020-07-02 21:18:32 --> Undefined variable: validation
#0 /storage/emulated/0/crud_ci/app/Views/components/form-edit.php(11): CodeIgniter\Debug\Exceptions->errorHandler(8, 'Undefined varia...', '/storage/emulat...', 11, Array)
#1 /storage/emulated/0/crud_ci/system/View/View.php(246): include('/storage/emulat...')
#2 /storage/emulated/0/crud_ci/system/View/View.php(525): CodeIgniter\View\View->render('components/form...', NULL, true)
#3 /storage/emulated/0/crud_ci/app/Views/pages/edit.php(19): CodeIgniter\View\View->include('components/form...')
#4 /storage/emulated/0/crud_ci/system/View/View.php(246): include('/storage/emulat...')
#5 /storage/emulated/0/crud_ci/system/Common.php(1087): CodeIgniter\View\View->render('pages/edit', Array, true)
#6 /storage/emulated/0/crud_ci/app/Controllers/Siswa.php(77): view('pages/edit', Array)
#7 /storage/emulated/0/crud_ci/system/CodeIgniter.php(914): App\Controllers\Siswa->edit('15')
#8 /storage/emulated/0/crud_ci/system/CodeIgniter.php(400): CodeIgniter\CodeIgniter->runController(Object(App\Controllers\Siswa))
#9 /storage/emulated/0/crud_ci/system/CodeIgniter.php(308): CodeIgniter\CodeIgniter->handleRequest(NULL, Object(Config\Cache), false)
#10 /storage/emulated/0/crud_ci/public/index.php(45): CodeIgniter\CodeIgniter->run()
#11 /storage/emulated/0/crud_ci/system/Commands/Server/rewrite.php(34): require_once('/storage/emulat...')
#12 {main}
CRITICAL - 2020-07-02 21:52:46 --> Undefined variable: validation
#0 /storage/emulated/0/crud_ci/app/Views/components/form-edit.php(8): CodeIgniter\Debug\Exceptions->errorHandler(8, 'Undefined varia...', '/storage/emulat...', 8, Array)
#1 /storage/emulated/0/crud_ci/system/View/View.php(246): include('/storage/emulat...')
#2 /storage/emulated/0/crud_ci/system/View/View.php(525): CodeIgniter\View\View->render('components/form...', NULL, true)
#3 /storage/emulated/0/crud_ci/app/Views/pages/edit.php(19): CodeIgniter\View\View->include('components/form...')
#4 /storage/emulated/0/crud_ci/system/View/View.php(246): include('/storage/emulat...')
#5 /storage/emulated/0/crud_ci/system/Common.php(1087): CodeIgniter\View\View->render('pages/edit', Array, true)
#6 /storage/emulated/0/crud_ci/app/Controllers/Siswa.php(77): view('pages/edit', Array)
#7 /storage/emulated/0/crud_ci/system/CodeIgniter.php(914): App\Controllers\Siswa->edit('15')
#8 /storage/emulated/0/crud_ci/system/CodeIgniter.php(400): CodeIgniter\CodeIgniter->runController(Object(App\Controllers\Siswa))
#9 /storage/emulated/0/crud_ci/system/CodeIgniter.php(308): CodeIgniter\CodeIgniter->handleRequest(NULL, Object(Config\Cache), false)
#10 /storage/emulated/0/crud_ci/public/index.php(45): CodeIgniter\CodeIgniter->run()
#11 /storage/emulated/0/crud_ci/system/Commands/Server/rewrite.php(34): require_once('/storage/emulat...')
#12 {main}
CRITICAL - 2020-07-02 22:02:04 --> Undefined variable: validation
#0 /storage/emulated/0/crud_ci/app/Views/components/form-edit.php(1): CodeIgniter\Debug\Exceptions->errorHandler(8, 'Undefined varia...', '/storage/emulat...', 1, Array)
#1 /storage/emulated/0/crud_ci/system/View/View.php(246): include('/storage/emulat...')
#2 /storage/emulated/0/crud_ci/system/View/View.php(525): CodeIgniter\View\View->render('components/form...', NULL, true)
#3 /storage/emulated/0/crud_ci/app/Views/pages/edit.php(19): CodeIgniter\View\View->include('components/form...')
#4 /storage/emulated/0/crud_ci/system/View/View.php(246): include('/storage/emulat...')
#5 /storage/emulated/0/crud_ci/system/Common.php(1087): CodeIgniter\View\View->render('pages/edit', Array, true)
#6 /storage/emulated/0/crud_ci/app/Controllers/Siswa.php(78): view('pages/edit', Array)
#7 /storage/emulated/0/crud_ci/system/CodeIgniter.php(914): App\Controllers\Siswa->edit('15')
#8 /storage/emulated/0/crud_ci/system/CodeIgniter.php(400): CodeIgniter\CodeIgniter->runController(Object(App\Controllers\Siswa))
#9 /storage/emulated/0/crud_ci/system/CodeIgniter.php(308): CodeIgniter\CodeIgniter->handleRequest(NULL, Object(Config\Cache), false)
#10 /storage/emulated/0/crud_ci/public/index.php(45): CodeIgniter\CodeIgniter->run()
#11 /storage/emulated/0/crud_ci/system/Commands/Server/rewrite.php(34): require_once('/storage/emulat...')
#12 {main}
CRITICAL - 2020-07-02 22:07:41 --> Undefined variable: validation
#0 /storage/emulated/0/crud_ci/app/Views/components/form-edit.php(1): CodeIgniter\Debug\Exceptions->errorHandler(8, 'Undefined varia...', '/storage/emulat...', 1, Array)
#1 /storage/emulated/0/crud_ci/system/View/View.php(246): include('/storage/emulat...')
#2 /storage/emulated/0/crud_ci/system/View/View.php(525): CodeIgniter\View\View->render('components/form...', NULL, true)
#3 /storage/emulated/0/crud_ci/app/Views/pages/edit.php(19): CodeIgniter\View\View->include('components/form...')
#4 /storage/emulated/0/crud_ci/system/View/View.php(246): include('/storage/emulat...')
#5 /storage/emulated/0/crud_ci/system/Common.php(1087): CodeIgniter\View\View->render('pages/edit', Array, true)
#6 /storage/emulated/0/crud_ci/app/Controllers/Siswa.php(106): view('pages/edit', Array)
#7 /storage/emulated/0/crud_ci/system/CodeIgniter.php(914): App\Controllers\Siswa->update('15')
#8 /storage/emulated/0/crud_ci/system/CodeIgniter.php(400): CodeIgniter\CodeIgniter->runController(Object(App\Controllers\Siswa))
#9 /storage/emulated/0/crud_ci/system/CodeIgniter.php(308): CodeIgniter\CodeIgniter->handleRequest(NULL, Object(Config\Cache), false)
#10 /storage/emulated/0/crud_ci/public/index.php(45): CodeIgniter\CodeIgniter->run()
#11 /storage/emulated/0/crud_ci/system/Commands/Server/rewrite.php(34): require_once('/storage/emulat...')
#12 {main}
CRITICAL - 2020-07-02 22:14:20 --> Undefined variable: validation
#0 /storage/emulated/0/crud_ci/app/Views/components/form-edit.php(7): CodeIgniter\Debug\Exceptions->errorHandler(8, 'Undefined varia...', '/storage/emulat...', 7, Array)
#1 /storage/emulated/0/crud_ci/system/View/View.php(246): include('/storage/emulat...')
#2 /storage/emulated/0/crud_ci/system/View/View.php(525): CodeIgniter\View\View->render('components/form...', NULL, true)
#3 /storage/emulated/0/crud_ci/app/Views/pages/edit.php(17): CodeIgniter\View\View->include('components/form...')
#4 /storage/emulated/0/crud_ci/system/View/View.php(246): include('/storage/emulat...')
#5 /storage/emulated/0/crud_ci/system/Common.php(1087): CodeIgniter\View\View->render('pages/edit', Array, true)
#6 /storage/emulated/0/crud_ci/app/Controllers/Siswa.php(77): view('pages/edit', Array)
#7 /storage/emulated/0/crud_ci/system/CodeIgniter.php(914): App\Controllers\Siswa->edit('15')
#8 /storage/emulated/0/crud_ci/system/CodeIgniter.php(400): CodeIgniter\CodeIgniter->runController(Object(App\Controllers\Siswa))
#9 /storage/emulated/0/crud_ci/system/CodeIgniter.php(308): CodeIgniter\CodeIgniter->handleRequest(NULL, Object(Config\Cache), false)
#10 /storage/emulated/0/crud_ci/public/index.php(45): CodeIgniter\CodeIgniter->run()
#11 /storage/emulated/0/crud_ci/system/Commands/Server/rewrite.php(34): require_once('/storage/emulat...')
#12 {main}
CRITICAL - 2020-07-02 22:19:19 --> Call to a member function paginate() on array
#0 /storage/emulated/0/crud_ci/system/CodeIgniter.php(914): App\Controllers\Siswa->index()
#1 /storage/emulated/0/crud_ci/system/CodeIgniter.php(400): CodeIgniter\CodeIgniter->runController(Object(App\Controllers\Siswa))
#2 /storage/emulated/0/crud_ci/system/CodeIgniter.php(308): CodeIgniter\CodeIgniter->handleRequest(NULL, Object(Config\Cache), false)
#3 /storage/emulated/0/crud_ci/public/index.php(45): CodeIgniter\CodeIgniter->run()
#4 /storage/emulated/0/crud_ci/system/Commands/Server/rewrite.php(34): require_once('/storage/emulat...')
#5 {main}
CRITICAL - 2020-07-02 22:19:56 --> Call to a member function paginate() on null
#0 /storage/emulated/0/crud_ci/system/CodeIgniter.php(914): App\Controllers\Siswa->index()
#1 /storage/emulated/0/crud_ci/system/CodeIgniter.php(400): CodeIgniter\CodeIgniter->runController(Object(App\Controllers\Siswa))
#2 /storage/emulated/0/crud_ci/system/CodeIgniter.php(308): CodeIgniter\CodeIgniter->handleRequest(NULL, Object(Config\Cache), false)
#3 /storage/emulated/0/crud_ci/public/index.php(45): CodeIgniter\CodeIgniter->run()
#4 /storage/emulated/0/crud_ci/system/Commands/Server/rewrite.php(34): require_once('/storage/emulat...')
#5 {main}
CRITICAL - 2020-07-02 22:19:57 --> Call to a member function paginate() on null
#0 /storage/emulated/0/crud_ci/system/CodeIgniter.php(914): App\Controllers\Siswa->index()
#1 /storage/emulated/0/crud_ci/system/CodeIgniter.php(400): CodeIgniter\CodeIgniter->runController(Object(App\Controllers\Siswa))
#2 /storage/emulated/0/crud_ci/system/CodeIgniter.php(308): CodeIgniter\CodeIgniter->handleRequest(NULL, Object(Config\Cache), false)
#3 /storage/emulated/0/crud_ci/public/index.php(45): CodeIgniter\CodeIgniter->run()
#4 /storage/emulated/0/crud_ci/system/Commands/Server/rewrite.php(34): require_once('/storage/emulat...')
#5 {main}
CRITICAL - 2020-07-02 22:20:40 --> Call to a member function links() on array
#0 /storage/emulated/0/crud_ci/system/View/View.php(246): include()
#1 /storage/emulated/0/crud_ci/system/View/View.php(525): CodeIgniter\View\View->render('components/tabl...', NULL, true)
#2 /storage/emulated/0/crud_ci/app/Views/pages/index.php(19): CodeIgniter\View\View->include('components/tabl...')
#3 /storage/emulated/0/crud_ci/system/View/View.php(246): include('/storage/emulat...')
#4 /storage/emulated/0/crud_ci/system/Common.php(1087): CodeIgniter\View\View->render('pages/index', Array, true)
#5 /storage/emulated/0/crud_ci/app/Controllers/Siswa.php(20): view('pages/index', Array)
#6 /storage/emulated/0/crud_ci/system/CodeIgniter.php(914): App\Controllers\Siswa->index()
#7 /storage/emulated/0/crud_ci/system/CodeIgniter.php(400): CodeIgniter\CodeIgniter->runController(Object(App\Controllers\Siswa))
#8 /storage/emulated/0/crud_ci/system/CodeIgniter.php(308): CodeIgniter\CodeIgniter->handleRequest(NULL, Object(Config\Cache), false)
#9 /storage/emulated/0/crud_ci/public/index.php(45): CodeIgniter\CodeIgniter->run()
#10 /storage/emulated/0/crud_ci/system/Commands/Server/rewrite.php(34): require_once('/storage/emulat...')
#11 {main}
CRITICAL - 2020-07-02 22:29:27 --> {0} is not a valid Pager template.
#0 /storage/emulated/0/crud_ci/system/Pager/Pager.php(182): CodeIgniter\Pager\Exceptions\PagerException::forInvalidTemplate('default_full')
#1 /storage/emulated/0/crud_ci/system/Pager/Pager.php(121): CodeIgniter\Pager\Pager->displayLinks('default', 'default_full')
#2 /storage/emulated/0/crud_ci/app/Views/components/table.php(62): CodeIgniter\Pager\Pager->links()
#3 /storage/emulated/0/crud_ci/system/View/View.php(246): include('/storage/emulat...')
#4 /storage/emulated/0/crud_ci/system/View/View.php(525): CodeIgniter\View\View->render('components/tabl...', NULL, true)
#5 /storage/emulated/0/crud_ci/app/Views/pages/index.php(19): CodeIgniter\View\View->include('components/tabl...')
#6 /storage/emulated/0/crud_ci/system/View/View.php(246): include('/storage/emulat...')
#7 /storage/emulated/0/crud_ci/system/Common.php(1087): CodeIgniter\View\View->render('pages/index', Array, true)
#8 /storage/emulated/0/crud_ci/app/Controllers/Siswa.php(20): view('pages/index', Array)
#9 /storage/emulated/0/crud_ci/system/CodeIgniter.php(914): App\Controllers\Siswa->index()
#10 /storage/emulated/0/crud_ci/system/CodeIgniter.php(400): CodeIgniter\CodeIgniter->runController(Object(App\Controllers\Siswa))
#11 /storage/emulated/0/crud_ci/system/CodeIgniter.php(308): CodeIgniter\CodeIgniter->handleRequest(NULL, Object(Config\Cache), false)
#12 /storage/emulated/0/crud_ci/public/index.php(45): CodeIgniter\CodeIgniter->run()
#13 /storage/emulated/0/crud_ci/system/Commands/Server/rewrite.php(34): require_once('/storage/emulat...')
#14 {main}
